2023-03-17 14:20:51 info 开始执行用例,标题:正常登录成功
2023-03-17 14:20:51 info 读取用例中数据
2023-03-17 14:20:51 info URL读取成功,URL:http://abc.twoitmen.club/api/login
2023-03-17 14:20:51 info 接口传值:{'username': 'root', 'password': 123}
2023-03-17 14:20:51 info 请求方式:post
2023-03-17 14:20:51 info 开始请求接口
2023-03-17 14:20:51 info 接口请求成功
2023-03-17 14:20:51 info 请求返回数据:{'status': 10104, 'message': 'username or password error', 'data': []}
2023-03-17 14:20:51 info 开始校验status  10200==10104
2023-03-17 14:20:51 error 校验失败!
2023-03-17 14:20:51 info 开始校验message  login success==username or password error
2023-03-17 14:20:51 error 校验失败!
2023-03-17 14:20:51 info 开始校验data  []==[]
2023-03-17 14:20:51 info 数据校验完成
2023-03-17 14:20:51 info 

2023-03-17 14:20:51 info 开始执行用例,标题:正常登录成功
2023-03-17 14:20:51 info 读取用例中数据
2023-03-17 14:20:51 info URL读取成功,URL:http://abc.twoitmen.club/api/login
2023-03-17 14:20:51 info 接口传值:{'username': 'root', 'password': 123}
2023-03-17 14:20:51 info 请求方式:post
2023-03-17 14:20:51 info 开始请求接口
2023-03-17 14:20:51 info 接口请求成功
2023-03-17 14:20:51 info 请求返回数据:{'status': 10104, 'message': 'username or password error', 'data': []}
2023-03-17 14:20:51 info 开始校验status  10200==10104
2023-03-17 14:20:51 error 校验失败!
2023-03-17 14:20:51 info 开始校验message  login success==username or password error
2023-03-17 14:20:51 error 校验失败!
2023-03-17 14:20:51 info 开始校验data  []==[]
2023-03-17 14:20:51 info 数据校验完成
2023-03-17 14:20:51 info 

2023-03-17 14:20:51 info 开始执行用例,标题:密码错误
2023-03-17 14:20:51 info 读取用例中数据
2023-03-17 14:20:51 info URL读取成功,URL:http://abc.twoitmen.club/api/login
2023-03-17 14:20:51 info 接口传值:{'username': 'root', 'password': 1234}
2023-03-17 14:20:51 info 请求方式:post
2023-03-17 14:20:51 info 开始请求接口
2023-03-17 14:20:51 info 接口请求成功
2023-03-17 14:20:51 info 请求返回数据:{'status': 10104, 'message': 'username or password error', 'data': []}
2023-03-17 14:20:51 info 开始校验status  10104==10104
2023-03-17 14:20:51 info 数据校验完成
2023-03-17 14:20:51 info 开始校验message  username or password error==username or password error
2023-03-17 14:20:51 info 数据校验完成
2023-03-17 14:20:51 info 开始校验data  []==[]
2023-03-17 14:20:51 info 数据校验完成
2023-03-17 14:20:51 info 

2023-03-17 14:20:51 info 开始执行用例,标题:密码为空
2023-03-17 14:20:51 info 读取用例中数据
2023-03-17 14:20:51 info URL读取成功,URL:http://abc.twoitmen.club/api/login
2023-03-17 14:20:51 info 接口传值:{'username': 'root', 'password': None}
2023-03-17 14:20:51 info 请求方式:post
2023-03-17 14:20:51 info 开始请求接口
2023-03-17 14:20:51 info 接口请求成功
2023-03-17 14:20:51 info 请求返回数据:{'status': 10102, 'message': 'username or passwrord is None', 'data': []}
2023-03-17 14:20:51 info 开始校验status  10102==10102
2023-03-17 14:20:51 info 数据校验完成
2023-03-17 14:20:51 info 开始校验message  username or passwrord is None==username or passwrord is None
2023-03-17 14:20:51 info 数据校验完成
2023-03-17 14:20:51 info 开始校验data  []==[]
2023-03-17 14:20:51 info 数据校验完成
2023-03-17 14:20:51 info 

2023-03-17 14:20:51 info 开始执行用例,标题:多参
2023-03-17 14:20:51 info 读取用例中数据
2023-03-17 14:20:51 info URL读取成功,URL:http://abc.twoitmen.club/api/login
2023-03-17 14:20:51 info 接口传值:{'username': 'root', 'password': 123, 'pass': 123}
2023-03-17 14:20:51 info 请求方式:post
2023-03-17 14:20:51 info 开始请求接口
2023-03-17 14:20:51 info 接口请求成功
2023-03-17 14:20:51 info 请求返回数据:{'status': 10104, 'message': 'username or password error', 'data': []}
2023-03-17 14:20:51 info 开始校验status  10200==10104
2023-03-17 14:20:51 error 校验失败!
2023-03-17 14:20:51 info 开始校验message  login success==username or password error
2023-03-17 14:20:51 error 校验失败!
2023-03-17 14:20:51 info 开始校验data  []==[]
2023-03-17 14:20:51 info 数据校验完成
2023-03-17 14:20:51 info 

2023-03-17 14:20:51 info 开始执行用例,标题:多参
2023-03-17 14:20:51 info 读取用例中数据
2023-03-17 14:20:51 info URL读取成功,URL:http://abc.twoitmen.club/api/login
2023-03-17 14:20:51 info 接口传值:{'username': 'root', 'password': 123, 'pass': 123}
2023-03-17 14:20:51 info 请求方式:post
2023-03-17 14:20:51 info 开始请求接口
2023-03-17 14:20:51 info 接口请求成功
2023-03-17 14:20:51 info 请求返回数据:{'status': 10104, 'message': 'username or password error', 'data': []}
2023-03-17 14:20:51 info 开始校验status  10200==10104
2023-03-17 14:20:51 error 校验失败!
2023-03-17 14:20:51 info 开始校验message  login success==username or password error
2023-03-17 14:20:51 error 校验失败!
2023-03-17 14:20:51 info 开始校验data  []==[]
2023-03-17 14:20:51 info 数据校验完成
2023-03-17 14:20:51 info 

2023-03-17 14:20:51 info 开始执行用例,标题:少参
2023-03-17 14:20:51 info 读取用例中数据
2023-03-17 14:20:51 info URL读取成功,URL:http://abc.twoitmen.club/api/login
2023-03-17 14:20:51 info 接口传值:{'username': 'root'}
2023-03-17 14:20:51 info 请求方式:post
2023-03-17 14:20:51 info 开始请求接口
2023-03-17 14:20:51 info 接口请求成功
2023-03-17 14:20:51 info 请求返回数据:{'status': 10102, 'message': 'username or passwrord is None', 'data': []}
2023-03-17 14:20:51 info 开始校验status  10102==10102
2023-03-17 14:20:51 info 数据校验完成
2023-03-17 14:20:51 info 开始校验message  username or passwrord is None==username or passwrord is None
2023-03-17 14:20:51 info 数据校验完成
2023-03-17 14:20:51 info 开始校验data  []==[]
2023-03-17 14:20:51 info 数据校验完成
2023-03-17 14:20:51 info 

2023-03-17 14:20:51 info 开始执行用例,标题:少参
2023-03-17 14:20:51 info 读取用例中数据
2023-03-17 14:20:51 info URL读取成功,URL:http://abc.twoitmen.club/api/login
2023-03-17 14:20:51 info 接口传值:{'username': 'root'}
2023-03-17 14:20:51 info 请求方式:post
2023-03-17 14:20:51 info 开始请求接口
2023-03-17 14:20:51 info 接口请求成功
2023-03-17 14:20:51 info 请求返回数据:{'status': 10102, 'message': 'username or passwrord is None', 'data': []}
2023-03-17 14:20:51 info 开始校验status  10102==10102
2023-03-17 14:20:51 info 数据校验完成
2023-03-17 14:20:51 info 开始校验message  username or passwrord is None==username or passwrord is None
2023-03-17 14:20:51 info 数据校验完成
2023-03-17 14:20:51 info 开始校验data  []==[]
2023-03-17 14:20:51 info 数据校验完成
2023-03-17 14:20:51 info 

2023-03-17 14:20:51 info 开始执行用例,标题:少参
2023-03-17 14:20:51 info 读取用例中数据
2023-03-17 14:20:51 info URL读取成功,URL:http://abc.twoitmen.club/api/login
2023-03-17 14:20:51 info 接口传值:{'username': 'root'}
2023-03-17 14:20:51 info 请求方式:post
2023-03-17 14:20:51 info 开始请求接口
2023-03-17 14:20:51 info 接口请求成功
2023-03-17 14:20:51 info 请求返回数据:{'status': 10102, 'message': 'username or passwrord is None', 'data': []}
2023-03-17 14:20:51 info 开始校验status  10102==10102
2023-03-17 14:20:51 info 数据校验完成
2023-03-17 14:20:51 info 开始校验message  username or passwrord is None==username or passwrord is None
2023-03-17 14:20:51 info 数据校验完成
2023-03-17 14:20:51 info 开始校验data  []==[]
2023-03-17 14:20:51 info 数据校验完成
2023-03-17 14:20:51 info 

2023-03-17 14:20:51 info 开始执行用例,标题:少参
2023-03-17 14:20:51 info 读取用例中数据
2023-03-17 14:20:51 info URL读取成功,URL:http://abc.twoitmen.club/api/login
2023-03-17 14:20:51 info 接口传值:{'password': 'root'}
2023-03-17 14:20:51 info 请求方式:post
2023-03-17 14:20:51 info 开始请求接口
2023-03-17 14:20:51 info 接口请求成功
2023-03-17 14:20:51 info 请求返回数据:{'status': 10102, 'message': 'username or passwrord is None', 'data': []}
2023-03-17 14:20:51 info 开始校验status  1010==10102
2023-03-17 14:20:51 error 校验失败!
2023-03-17 14:20:51 info 开始校验message  username or passwrord is None==username or passwrord is None
2023-03-17 14:20:51 info 数据校验完成
2023-03-17 14:20:51 info 开始校验data  []==[]
2023-03-17 14:20:51 info 数据校验完成
2023-03-17 14:20:51 info 

2023-03-17 14:20:51 info 开始执行用例,标题:少参
2023-03-17 14:20:51 info 读取用例中数据
2023-03-17 14:20:51 info URL读取成功,URL:http://abc.twoitmen.club/api/login
2023-03-17 14:20:51 info 接口传值:{'password': 'root'}
2023-03-17 14:20:51 info 请求方式:post
2023-03-17 14:20:51 info 开始请求接口
2023-03-17 14:20:51 info 接口请求成功
2023-03-17 14:20:51 info 请求返回数据:{'status': 10102, 'message': 'username or passwrord is None', 'data': []}
2023-03-17 14:20:51 info 开始校验status  1010==10102
2023-03-17 14:20:51 error 校验失败!
2023-03-17 14:20:51 info 开始校验message  username or passwrord is None==username or passwrord is None
2023-03-17 14:20:51 info 数据校验完成
2023-03-17 14:20:51 info 开始校验data  []==[]
2023-03-17 14:20:51 info 数据校验完成
2023-03-17 14:20:51 info 

2023-03-17 14:20:51 info 开始执行用例,标题:密码错误
2023-03-17 14:20:51 info 读取用例中数据
2023-03-17 14:20:51 info URL读取成功,URL:http://abc.twoitmen.club/api/login
2023-03-17 14:20:51 info 接口传值:{'username': 'root', 'password': 1234}
2023-03-17 14:20:51 info 请求方式:post
2023-03-17 14:20:51 info 开始请求接口
2023-03-17 14:20:51 info 接口请求成功
2023-03-17 14:20:51 info 请求返回数据:{'status': 10104, 'message': 'username or password error', 'data': []}
2023-03-17 14:20:51 info 开始校验status  10104==10104
2023-03-17 14:20:51 info 数据校验完成
2023-03-17 14:20:51 info 开始校验message  username or password error==username or password error
2023-03-17 14:20:51 info 数据校验完成
2023-03-17 14:20:51 info 开始校验data  []==[]
2023-03-17 14:20:51 info 数据校验完成
2023-03-17 14:20:51 info 

2023-03-17 14:20:51 info 开始执行用例,标题:密码错误
2023-03-17 14:20:51 info 读取用例中数据
2023-03-17 14:20:51 info URL读取成功,URL:http://abc.twoitmen.club/api/login
2023-03-17 14:20:51 info 接口传值:{'username': 'root', 'password': 1234}
2023-03-17 14:20:51 info 请求方式:post
2023-03-17 14:20:51 info 开始请求接口
2023-03-17 14:20:51 info 接口请求成功
2023-03-17 14:20:51 info 请求返回数据:{'status': 10104, 'message': 'username or password error', 'data': []}
2023-03-17 14:20:51 info 开始校验status  10104==10104
2023-03-17 14:20:51 info 数据校验完成
2023-03-17 14:20:51 info 开始校验message  username or password error==username or password error
2023-03-17 14:20:51 info 数据校验完成
2023-03-17 14:20:51 info 开始校验data  []==[]
2023-03-17 14:20:51 info 数据校验完成
2023-03-17 14:20:51 info 

2023-03-17 14:20:51 info 开始执行用例,标题:密码错误
2023-03-17 14:20:51 info 读取用例中数据
2023-03-17 14:20:51 info URL读取成功,URL:http://abc.twoitmen.club/api/login
2023-03-17 14:20:51 info 接口传值:{'username': 'root', 'password': 1234}
2023-03-17 14:20:51 info 请求方式:post
2023-03-17 14:20:51 info 开始请求接口
2023-03-17 14:20:51 info 接口请求成功
2023-03-17 14:20:51 info 请求返回数据:{'status': 10104, 'message': 'username or password error', 'data': []}
2023-03-17 14:20:51 info 开始校验status  10104==10104
2023-03-17 14:20:51 info 数据校验完成
2023-03-17 14:20:51 info 开始校验message  username or password error==username or password error
2023-03-17 14:20:51 info 数据校验完成
2023-03-17 14:20:51 info 开始校验data  []==[]
2023-03-17 14:20:51 info 数据校验完成
2023-03-17 14:20:51 info 

2023-03-17 14:20:51 info 开始执行用例,标题:密码错误
2023-03-17 14:20:51 info 读取用例中数据
2023-03-17 14:20:51 info URL读取成功,URL:http://abc.twoitmen.club/api/login
2023-03-17 14:20:51 info 接口传值:{'username': 'root', 'password': 1234}
2023-03-17 14:20:51 info 请求方式:post
2023-03-17 14:20:51 info 开始请求接口
2023-03-17 14:20:51 info 接口请求成功
2023-03-17 14:20:51 info 请求返回数据:{'status': 10104, 'message': 'username or password error', 'data': []}
2023-03-17 14:20:51 info 开始校验status  10104==10104
2023-03-17 14:20:51 info 数据校验完成
2023-03-17 14:20:51 info 开始校验message  username or password error==username or password error
2023-03-17 14:20:51 info 数据校验完成
2023-03-17 14:20:51 info 开始校验data  []==[]
2023-03-17 14:20:51 info 数据校验完成
2023-03-17 14:20:51 info 

2023-03-17 14:20:51 info 开始执行用例,标题:密码错误
2023-03-17 14:20:51 info 读取用例中数据
2023-03-17 14:20:51 info URL读取成功,URL:http://abc.twoitmen.club/api/login
2023-03-17 14:20:51 info 接口传值:{'username': 'root', 'password': 1234}
2023-03-17 14:20:51 info 请求方式:post
2023-03-17 14:20:51 info 开始请求接口
2023-03-17 14:20:51 info 接口请求成功
2023-03-17 14:20:51 info 请求返回数据:{'status': 10104, 'message': 'username or password error', 'data': []}
2023-03-17 14:20:51 info 开始校验status  10104==10104
2023-03-17 14:20:51 info 数据校验完成
2023-03-17 14:20:51 info 开始校验message  username or password error==username or password error
2023-03-17 14:20:51 info 数据校验完成
2023-03-17 14:20:51 info 开始校验data  []==[]
2023-03-17 14:20:52 info 数据校验完成
2023-03-17 14:20:52 info 

2023-03-17 14:20:52 info 开始执行用例,标题:密码错误
2023-03-17 14:20:52 info 读取用例中数据
2023-03-17 14:20:52 info URL读取成功,URL:http://abc.twoitmen.club/api/login
2023-03-17 14:20:52 info 接口传值:{'username': 'root', 'password': 1234}
2023-03-17 14:20:52 info 请求方式:post
2023-03-17 14:20:52 info 开始请求接口
2023-03-17 14:20:52 info 接口请求成功
2023-03-17 14:20:52 info 请求返回数据:{'status': 10104, 'message': 'username or password error', 'data': []}
2023-03-17 14:20:52 info 开始校验status  10104==10104
2023-03-17 14:20:52 info 数据校验完成
2023-03-17 14:20:52 info 开始校验message  username or password error==username or password error
2023-03-17 14:20:52 info 数据校验完成
2023-03-17 14:20:52 info 开始校验data  []==[]
2023-03-17 14:20:52 info 数据校验完成
2023-03-17 14:20:52 info 

2023-03-17 14:20:52 info 开始执行用例,标题:密码错误
2023-03-17 14:20:52 info 读取用例中数据
2023-03-17 14:20:52 info URL读取成功,URL:http://abc.twoitmen.club/api/login
2023-03-17 14:20:52 info 接口传值:{'username': 'root', 'password': 1234}
2023-03-17 14:20:52 info 请求方式:post
2023-03-17 14:20:52 info 开始请求接口
2023-03-17 14:20:52 info 接口请求成功
2023-03-17 14:20:52 info 请求返回数据:{'status': 10104, 'message': 'username or password error', 'data': []}
2023-03-17 14:20:52 info 开始校验status  10104==10104
2023-03-17 14:20:52 info 数据校验完成
2023-03-17 14:20:52 info 开始校验message  username or password error==username or password error
2023-03-17 14:20:52 info 数据校验完成
2023-03-17 14:20:52 info 开始校验data  []==[]
2023-03-17 14:20:52 info 数据校验完成
2023-03-17 14:20:52 info 

2023-03-17 14:20:52 info 开始执行用例,标题:密码错误
2023-03-17 14:20:52 info 读取用例中数据
2023-03-17 14:20:52 info URL读取成功,URL:http://abc.twoitmen.club/api/login
2023-03-17 14:20:52 info 接口传值:{'username': 'root', 'password': 1234}
2023-03-17 14:20:52 info 请求方式:post
2023-03-17 14:20:52 info 开始请求接口
2023-03-17 14:20:52 info 接口请求成功
2023-03-17 14:20:52 info 请求返回数据:{'status': 10104, 'message': 'username or password error', 'data': []}
2023-03-17 14:20:52 info 开始校验status  10104==10104
2023-03-17 14:20:52 info 数据校验完成
2023-03-17 14:20:52 info 开始校验message  username or password error==username or password error
2023-03-17 14:20:52 info 数据校验完成
2023-03-17 14:20:52 info 开始校验data  []==[]
2023-03-17 14:20:52 info 数据校验完成
2023-03-17 14:20:52 info 

2023-03-17 14:20:52 info 开始执行用例,标题:密码错误
2023-03-17 14:20:52 info 读取用例中数据
2023-03-17 14:20:52 info URL读取成功,URL:http://abc.twoitmen.club/api/login
2023-03-17 14:20:52 info 接口传值:{'username': 'root', 'password': 1234}
2023-03-17 14:20:52 info 请求方式:post
2023-03-17 14:20:52 info 开始请求接口
2023-03-17 14:20:52 info 接口请求成功
2023-03-17 14:20:52 info 请求返回数据:{'status': 10104, 'message': 'username or password error', 'data': []}
2023-03-17 14:20:52 info 开始校验status  10104==10104
2023-03-17 14:20:52 info 数据校验完成
2023-03-17 14:20:52 info 开始校验message  username or password error==username or password error
2023-03-17 14:20:52 info 数据校验完成
2023-03-17 14:20:52 info 开始校验data  []==[]
2023-03-17 14:20:52 info 数据校验完成
2023-03-17 14:20:52 info 

2023-03-17 14:20:52 info 开始执行用例,标题:密码错误
2023-03-17 14:20:52 info 读取用例中数据
2023-03-17 14:20:52 info URL读取成功,URL:http://abc.twoitmen.club/api/login
2023-03-17 14:20:52 info 接口传值:{'username': 'root', 'password': 1234}
2023-03-17 14:20:52 info 请求方式:post
2023-03-17 14:20:52 info 开始请求接口
2023-03-17 14:20:52 info 接口请求成功
2023-03-17 14:20:52 info 请求返回数据:{'status': 10104, 'message': 'username or password error', 'data': []}
2023-03-17 14:20:52 info 开始校验status  10104==10104
2023-03-17 14:20:52 info 数据校验完成
2023-03-17 14:20:52 info 开始校验message  username or password error==username or password error
2023-03-17 14:20:52 info 数据校验完成
2023-03-17 14:20:52 info 开始校验data  []==[]
2023-03-17 14:20:52 info 数据校验完成
2023-03-17 14:20:52 info 

2023-03-17 14:20:52 info 开始执行用例,标题:密码错误
2023-03-17 14:20:52 info 读取用例中数据
2023-03-17 14:20:52 info URL读取成功,URL:http://abc.twoitmen.club/api/login
2023-03-17 14:20:52 info 接口传值:{'username': 'root', 'password': 1234}
2023-03-17 14:20:52 info 请求方式:post
2023-03-17 14:20:52 info 开始请求接口
2023-03-17 14:20:52 info 接口请求成功
2023-03-17 14:20:52 info 请求返回数据:{'status': 10104, 'message': 'username or password error', 'data': []}
2023-03-17 14:20:52 info 开始校验status  10104==10104
2023-03-17 14:20:52 info 数据校验完成
2023-03-17 14:20:52 info 开始校验message  username or password error==username or password error
2023-03-17 14:20:52 info 数据校验完成
2023-03-17 14:20:52 info 开始校验data  []==[]
2023-03-17 14:20:52 info 数据校验完成
2023-03-17 14:20:52 info 

2023-03-17 14:20:52 info 开始执行用例,标题:密码错误
2023-03-17 14:20:52 info 读取用例中数据
2023-03-17 14:20:52 info URL读取成功,URL:http://abc.twoitmen.club/api/login
2023-03-17 14:20:52 info 接口传值:{'username': 'root', 'password': 1234}
2023-03-17 14:20:52 info 请求方式:post
2023-03-17 14:20:52 info 开始请求接口
2023-03-17 14:20:52 info 接口请求成功
2023-03-17 14:20:52 info 请求返回数据:{'status': 10104, 'message': 'username or password error', 'data': []}
2023-03-17 14:20:52 info 开始校验status  10104==10104
2023-03-17 14:20:52 info 数据校验完成
2023-03-17 14:20:52 info 开始校验message  username or password error==username or password error
2023-03-17 14:20:52 info 数据校验完成
2023-03-17 14:20:52 info 开始校验data  []==[]
2023-03-17 14:20:52 info 数据校验完成
2023-03-17 14:20:52 info 

2023-03-17 14:20:52 info 开始执行用例,标题:密码错误
2023-03-17 14:20:52 info 读取用例中数据
2023-03-17 14:20:52 info URL读取成功,URL:http://abc.twoitmen.club/api/login
2023-03-17 14:20:52 info 接口传值:{'username': 'root', 'password': 1234}
2023-03-17 14:20:52 info 请求方式:post
2023-03-17 14:20:52 info 开始请求接口
2023-03-17 14:20:52 info 接口请求成功
2023-03-17 14:20:52 info 请求返回数据:{'status': 10104, 'message': 'username or password error', 'data': []}
2023-03-17 14:20:52 info 开始校验status  10104==10104
2023-03-17 14:20:52 info 数据校验完成
2023-03-17 14:20:52 info 开始校验message  username or password error==username or password error
2023-03-17 14:20:52 info 数据校验完成
2023-03-17 14:20:52 info 开始校验data  []==[]
2023-03-17 14:20:52 info 数据校验完成
2023-03-17 14:20:52 info 

2023-03-17 14:20:52 info 开始执行用例,标题:密码错误
2023-03-17 14:20:52 info 读取用例中数据
2023-03-17 14:20:52 info URL读取成功,URL:http://abc.twoitmen.club/api/login
2023-03-17 14:20:52 info 接口传值:{'username': 'root', 'password': 1234}
2023-03-17 14:20:52 info 请求方式:post
2023-03-17 14:20:52 info 开始请求接口
2023-03-17 14:20:52 info 接口请求成功
2023-03-17 14:20:52 info 请求返回数据:{'status': 10104, 'message': 'username or password error', 'data': []}
2023-03-17 14:20:52 info 开始校验status  10104==10104
2023-03-17 14:20:52 info 数据校验完成
2023-03-17 14:20:52 info 开始校验message  username or password error==username or password error
2023-03-17 14:20:52 info 数据校验完成
2023-03-17 14:20:52 info 开始校验data  []==[]
2023-03-17 14:20:52 info 数据校验完成
2023-03-17 14:20:52 info 

2023-03-17 14:20:52 info 开始执行用例,标题:密码错误
2023-03-17 14:20:52 info 读取用例中数据
2023-03-17 14:20:52 info URL读取成功,URL:http://abc.twoitmen.club/api/login
2023-03-17 14:20:52 info 接口传值:{'username': 'root', 'password': 1234}
2023-03-17 14:20:52 info 请求方式:post
2023-03-17 14:20:52 info 开始请求接口
2023-03-17 14:20:52 info 接口请求成功
2023-03-17 14:20:52 info 请求返回数据:{'status': 10104, 'message': 'username or password error', 'data': []}
2023-03-17 14:20:52 info 开始校验status  10104==10104
2023-03-17 14:20:52 info 数据校验完成
2023-03-17 14:20:52 info 开始校验message  username or password error==username or password error
2023-03-17 14:20:52 info 数据校验完成
2023-03-17 14:20:52 info 开始校验data  []==[]
2023-03-17 14:20:52 info 数据校验完成
2023-03-17 14:20:52 info 

2023-03-17 14:20:52 info 开始执行用例,标题:密码错误
2023-03-17 14:20:52 info 读取用例中数据
2023-03-17 14:20:52 info URL读取成功,URL:http://abc.twoitmen.club/api/login
2023-03-17 14:20:52 info 接口传值:{'username': 'root', 'password': 1234}
2023-03-17 14:20:52 info 请求方式:post
2023-03-17 14:20:52 info 开始请求接口
2023-03-17 14:20:52 info 接口请求成功
2023-03-17 14:20:52 info 请求返回数据:{'status': 10104, 'message': 'username or password error', 'data': []}
2023-03-17 14:20:52 info 开始校验status  10104==10104
2023-03-17 14:20:52 info 数据校验完成
2023-03-17 14:20:52 info 开始校验message  username or password error==username or password error
2023-03-17 14:20:52 info 数据校验完成
2023-03-17 14:20:52 info 开始校验data  []==[]
2023-03-17 14:20:52 info 数据校验完成
2023-03-17 14:20:52 info 

2023-03-17 14:20:52 info 开始执行用例,标题:密码错误
2023-03-17 14:20:52 info 读取用例中数据
2023-03-17 14:20:52 info URL读取成功,URL:http://abc.twoitmen.club/api/login
2023-03-17 14:20:52 info 接口传值:{'username': 'root', 'password': 1234}
2023-03-17 14:20:52 info 请求方式:post
2023-03-17 14:20:52 info 开始请求接口
2023-03-17 14:20:52 info 接口请求成功
2023-03-17 14:20:52 info 请求返回数据:{'status': 10104, 'message': 'username or password error', 'data': []}
2023-03-17 14:20:52 info 开始校验status  10104==10104
2023-03-17 14:20:52 info 数据校验完成
2023-03-17 14:20:52 info 开始校验message  username or password error==username or password error
2023-03-17 14:20:52 info 数据校验完成
2023-03-17 14:20:52 info 开始校验data  []==[]
2023-03-17 14:20:52 info 数据校验完成
2023-03-17 14:20:52 info 

2023-03-17 14:20:52 info 开始执行用例,标题:密码错误
2023-03-17 14:20:52 info 读取用例中数据
2023-03-17 14:20:52 info URL读取成功,URL:http://abc.twoitmen.club/api/login
2023-03-17 14:20:52 info 接口传值:{'username': 'root', 'password': 1234}
2023-03-17 14:20:52 info 请求方式:post
2023-03-17 14:20:52 info 开始请求接口
2023-03-17 14:20:52 info 接口请求成功
2023-03-17 14:20:52 info 请求返回数据:{'status': 10104, 'message': 'username or password error', 'data': []}
2023-03-17 14:20:52 info 开始校验status  10104==10104
2023-03-17 14:20:52 info 数据校验完成
2023-03-17 14:20:52 info 开始校验message  username or password error==username or password error
2023-03-17 14:20:52 info 数据校验完成
2023-03-17 14:20:52 info 开始校验data  []==[]
2023-03-17 14:20:52 info 数据校验完成
2023-03-17 14:20:52 info 

2023-03-17 14:20:52 info 开始执行用例,标题:密码错误
2023-03-17 14:20:52 info 读取用例中数据
2023-03-17 14:20:52 info URL读取成功,URL:http://abc.twoitmen.club/api/login
2023-03-17 14:20:52 info 接口传值:{'username': 'root', 'password': 1234}
2023-03-17 14:20:52 info 请求方式:post
2023-03-17 14:20:52 info 开始请求接口
2023-03-17 14:20:52 info 接口请求成功
2023-03-17 14:20:52 info 请求返回数据:{'status': 10104, 'message': 'username or password error', 'data': []}
2023-03-17 14:20:52 info 开始校验status  10104==10104
2023-03-17 14:20:52 info 数据校验完成
2023-03-17 14:20:52 info 开始校验message  username or password error==username or password error
2023-03-17 14:20:52 info 数据校验完成
2023-03-17 14:20:52 info 开始校验data  []==[]
2023-03-17 14:20:52 info 数据校验完成
2023-03-17 14:20:52 info 

2023-03-17 14:20:52 info 开始执行用例,标题:密码错误
2023-03-17 14:20:52 info 读取用例中数据
2023-03-17 14:20:52 info URL读取成功,URL:http://abc.twoitmen.club/api/login
2023-03-17 14:20:52 info 接口传值:{'username': 'root', 'password': 1234}
2023-03-17 14:20:52 info 请求方式:post
2023-03-17 14:20:52 info 开始请求接口
2023-03-17 14:20:52 info 接口请求成功
2023-03-17 14:20:52 info 请求返回数据:{'status': 10104, 'message': 'username or password error', 'data': []}
2023-03-17 14:20:52 info 开始校验status  10104==10104
2023-03-17 14:20:52 info 数据校验完成
2023-03-17 14:20:52 info 开始校验message  username or password error==username or password error
2023-03-17 14:20:52 info 数据校验完成
2023-03-17 14:20:52 info 开始校验data  []==[]
2023-03-17 14:20:52 info 数据校验完成
2023-03-17 14:20:52 info 

2023-03-17 14:20:52 info 开始执行用例,标题:密码错误
2023-03-17 14:20:52 info 读取用例中数据
2023-03-17 14:20:52 info URL读取成功,URL:http://abc.twoitmen.club/api/login
2023-03-17 14:20:52 info 接口传值:{'username': 'root', 'password': 1234}
2023-03-17 14:20:52 info 请求方式:post
2023-03-17 14:20:52 info 开始请求接口
2023-03-17 14:20:52 info 接口请求成功
2023-03-17 14:20:52 info 请求返回数据:{'status': 10104, 'message': 'username or password error', 'data': []}
2023-03-17 14:20:52 info 开始校验status  10104==10104
2023-03-17 14:20:52 info 数据校验完成
2023-03-17 14:20:52 info 开始校验message  username or password error==username or password error
2023-03-17 14:20:52 info 数据校验完成
2023-03-17 14:20:52 info 开始校验data  []==[]
2023-03-17 14:20:52 info 数据校验完成
2023-03-17 14:20:52 info 

2023-03-17 14:20:52 info 开始执行用例,标题:密码错误
2023-03-17 14:20:52 info 读取用例中数据
2023-03-17 14:20:52 info URL读取成功,URL:http://abc.twoitmen.club/api/login
2023-03-17 14:20:52 info 接口传值:{'username': 'root', 'password': 1234}
2023-03-17 14:20:52 info 请求方式:post
2023-03-17 14:20:52 info 开始请求接口
2023-03-17 14:20:52 info 接口请求成功
2023-03-17 14:20:52 info 请求返回数据:{'status': 10104, 'message': 'username or password error', 'data': []}
2023-03-17 14:20:52 info 开始校验status  10104==10104
2023-03-17 14:20:52 info 数据校验完成
2023-03-17 14:20:52 info 开始校验message  username or password error==username or password error
2023-03-17 14:20:52 info 数据校验完成
2023-03-17 14:20:52 info 开始校验data  []==[]
2023-03-17 14:20:52 info 数据校验完成
2023-03-17 14:20:52 info 

2023-03-17 14:20:52 info 开始执行用例,标题:密码错误
2023-03-17 14:20:52 info 读取用例中数据
2023-03-17 14:20:52 info URL读取成功,URL:http://abc.twoitmen.club/api/login
2023-03-17 14:20:52 info 接口传值:{'username': 'root', 'password': 1234}
2023-03-17 14:20:52 info 请求方式:post
2023-03-17 14:20:52 info 开始请求接口
2023-03-17 14:20:52 info 接口请求成功
2023-03-17 14:20:52 info 请求返回数据:{'status': 10104, 'message': 'username or password error', 'data': []}
2023-03-17 14:20:52 info 开始校验status  10104==10104
2023-03-17 14:20:52 info 数据校验完成
2023-03-17 14:20:52 info 开始校验message  username or password error==username or password error
2023-03-17 14:20:52 info 数据校验完成
2023-03-17 14:20:52 info 开始校验data  []==[]
2023-03-17 14:20:52 info 数据校验完成
2023-03-17 14:20:52 info 

2023-03-17 14:20:52 info 开始执行用例,标题:密码错误
2023-03-17 14:20:52 info 读取用例中数据
2023-03-17 14:20:52 info URL读取成功,URL:http://abc.twoitmen.club/api/login
2023-03-17 14:20:52 info 接口传值:{'username': 'root', 'password': 1234}
2023-03-17 14:20:52 info 请求方式:post
2023-03-17 14:20:52 info 开始请求接口
2023-03-17 14:20:52 info 接口请求成功
2023-03-17 14:20:52 info 请求返回数据:{'status': 10104, 'message': 'username or password error', 'data': []}
2023-03-17 14:20:52 info 开始校验status  10104==10104
2023-03-17 14:20:52 info 数据校验完成
2023-03-17 14:20:52 info 开始校验message  username or password error==username or password error
2023-03-17 14:20:52 info 数据校验完成
2023-03-17 14:20:52 info 开始校验data  []==[]
2023-03-17 14:20:52 info 数据校验完成
2023-03-17 14:20:52 info 

2023-03-17 14:20:52 info 开始执行用例,标题:密码错误
2023-03-17 14:20:52 info 读取用例中数据
2023-03-17 14:20:52 info URL读取成功,URL:http://abc.twoitmen.club/api/login
2023-03-17 14:20:52 info 接口传值:{'username': 'root', 'password': 1234}
2023-03-17 14:20:52 info 请求方式:post
2023-03-17 14:20:52 info 开始请求接口
2023-03-17 14:20:52 info 接口请求成功
2023-03-17 14:20:52 info 请求返回数据:{'status': 10104, 'message': 'username or password error', 'data': []}
2023-03-17 14:20:52 info 开始校验status  10104==10104
2023-03-17 14:20:52 info 数据校验完成
2023-03-17 14:20:52 info 开始校验message  username or password error==username or password error
2023-03-17 14:20:52 info 数据校验完成
2023-03-17 14:20:52 info 开始校验data  []==[]
2023-03-17 14:20:52 info 数据校验完成
2023-03-17 14:20:52 info 

2023-03-17 14:20:52 info 开始执行用例,标题:密码错误
2023-03-17 14:20:52 info 读取用例中数据
2023-03-17 14:20:52 info URL读取成功,URL:http://abc.twoitmen.club/api/login
2023-03-17 14:20:52 info 接口传值:{'username': 'root', 'password': 1234}
2023-03-17 14:20:52 info 请求方式:post
2023-03-17 14:20:52 info 开始请求接口
2023-03-17 14:20:52 info 接口请求成功
2023-03-17 14:20:52 info 请求返回数据:{'status': 10104, 'message': 'username or password error', 'data': []}
2023-03-17 14:20:52 info 开始校验status  10104==10104
2023-03-17 14:20:52 info 数据校验完成
2023-03-17 14:20:52 info 开始校验message  username or password error==username or password error
2023-03-17 14:20:52 info 数据校验完成
2023-03-17 14:20:52 info 开始校验data  []==[]
2023-03-17 14:20:52 info 数据校验完成
2023-03-17 14:20:52 info 

2023-03-17 14:20:52 info 开始执行用例,标题:密码错误
2023-03-17 14:20:52 info 读取用例中数据
2023-03-17 14:20:52 info URL读取成功,URL:http://abc.twoitmen.club/api/login
2023-03-17 14:20:52 info 接口传值:{'username': 'root', 'password': 1234}
2023-03-17 14:20:52 info 请求方式:post
2023-03-17 14:20:52 info 开始请求接口
2023-03-17 14:20:52 info 接口请求成功
2023-03-17 14:20:52 info 请求返回数据:{'status': 10104, 'message': 'username or password error', 'data': []}
2023-03-17 14:20:52 info 开始校验status  10104==10104
2023-03-17 14:20:52 info 数据校验完成
2023-03-17 14:20:52 info 开始校验message  username or password error==username or password error
2023-03-17 14:20:52 info 数据校验完成
2023-03-17 14:20:52 info 开始校验data  []==[]
2023-03-17 14:20:52 info 数据校验完成
2023-03-17 14:20:52 info 

2023-03-17 14:20:52 info 开始执行用例,标题:密码错误
2023-03-17 14:20:52 info 读取用例中数据
2023-03-17 14:20:52 info URL读取成功,URL:http://abc.twoitmen.club/api/login
2023-03-17 14:20:52 info 接口传值:{'username': 'root', 'password': 1234}
2023-03-17 14:20:52 info 请求方式:post
2023-03-17 14:20:52 info 开始请求接口
2023-03-17 14:20:52 info 接口请求成功
2023-03-17 14:20:52 info 请求返回数据:{'status': 10104, 'message': 'username or password error', 'data': []}
2023-03-17 14:20:52 info 开始校验status  10104==10104
2023-03-17 14:20:52 info 数据校验完成
2023-03-17 14:20:52 info 开始校验message  username or password error==username or password error
2023-03-17 14:20:52 info 数据校验完成
2023-03-17 14:20:52 info 开始校验data  []==[]
2023-03-17 14:20:52 info 数据校验完成
2023-03-17 14:20:52 info 

2023-03-17 14:20:52 info 开始执行用例,标题:密码错误
2023-03-17 14:20:52 info 读取用例中数据
2023-03-17 14:20:52 info URL读取成功,URL:http://abc.twoitmen.club/api/login
2023-03-17 14:20:52 info 接口传值:{'username': 'root', 'password': 1234}
2023-03-17 14:20:52 info 请求方式:post
2023-03-17 14:20:52 info 开始请求接口
2023-03-17 14:20:52 info 接口请求成功
2023-03-17 14:20:52 info 请求返回数据:{'status': 10104, 'message': 'username or password error', 'data': []}
2023-03-17 14:20:52 info 开始校验status  10104==10104
2023-03-17 14:20:52 info 数据校验完成
2023-03-17 14:20:52 info 开始校验message  username or password error==username or password error
2023-03-17 14:20:52 info 数据校验完成
2023-03-17 14:20:52 info 开始校验data  []==[]
2023-03-17 14:20:52 info 数据校验完成
2023-03-17 14:20:52 info 

2023-03-17 14:20:52 info 开始执行用例,标题:密码错误
2023-03-17 14:20:52 info 读取用例中数据
2023-03-17 14:20:52 info URL读取成功,URL:http://abc.twoitmen.club/api/login
2023-03-17 14:20:52 info 接口传值:{'username': 'root', 'password': 1234}
2023-03-17 14:20:52 info 请求方式:post
2023-03-17 14:20:52 info 开始请求接口
2023-03-17 14:20:52 info 接口请求成功
2023-03-17 14:20:52 info 请求返回数据:{'status': 10104, 'message': 'username or password error', 'data': []}
2023-03-17 14:20:52 info 开始校验status  10104==10104
2023-03-17 14:20:52 info 数据校验完成
2023-03-17 14:20:52 info 开始校验message  username or password error==username or password error
2023-03-17 14:20:52 info 数据校验完成
2023-03-17 14:20:52 info 开始校验data  []==[]
2023-03-17 14:20:52 info 数据校验完成
2023-03-17 14:20:52 info 

2023-03-17 14:20:53 info 开始执行用例,标题:密码错误
2023-03-17 14:20:53 info 读取用例中数据
2023-03-17 14:20:53 info URL读取成功,URL:http://abc.twoitmen.club/api/login
2023-03-17 14:20:53 info 接口传值:{'username': 'root', 'password': 1234}
2023-03-17 14:20:53 info 请求方式:post
2023-03-17 14:20:53 info 开始请求接口
2023-03-17 14:20:53 info 接口请求成功
2023-03-17 14:20:53 info 请求返回数据:{'status': 10104, 'message': 'username or password error', 'data': []}
2023-03-17 14:20:53 info 开始校验status  10104==10104
2023-03-17 14:20:53 info 数据校验完成
2023-03-17 14:20:53 info 开始校验message  username or password error==username or password error
2023-03-17 14:20:53 info 数据校验完成
2023-03-17 14:20:53 info 开始校验data  []==[]
2023-03-17 14:20:53 info 数据校验完成
2023-03-17 14:20:53 info 

2023-03-17 14:20:53 info 开始执行用例,标题:密码错误
2023-03-17 14:20:53 info 读取用例中数据
2023-03-17 14:20:53 info URL读取成功,URL:http://abc.twoitmen.club/api/login
2023-03-17 14:20:53 info 接口传值:{'username': 'root', 'password': 1234}
2023-03-17 14:20:53 info 请求方式:post
2023-03-17 14:20:53 info 开始请求接口
2023-03-17 14:20:53 info 接口请求成功
2023-03-17 14:20:53 info 请求返回数据:{'status': 10104, 'message': 'username or password error', 'data': []}
2023-03-17 14:20:53 info 开始校验status  10104==10104
2023-03-17 14:20:53 info 数据校验完成
2023-03-17 14:20:53 info 开始校验message  username or password error==username or password error
2023-03-17 14:20:53 info 数据校验完成
2023-03-17 14:20:53 info 开始校验data  []==[]
2023-03-17 14:20:53 info 数据校验完成
2023-03-17 14:20:53 info 

2023-03-17 14:20:53 info 开始执行用例,标题:密码错误
2023-03-17 14:20:53 info 读取用例中数据
2023-03-17 14:20:53 info URL读取成功,URL:http://abc.twoitmen.club/api/login
2023-03-17 14:20:53 info 接口传值:{'username': 'root', 'password': 1234}
2023-03-17 14:20:53 info 请求方式:post
2023-03-17 14:20:53 info 开始请求接口
2023-03-17 14:20:53 info 接口请求成功
2023-03-17 14:20:53 info 请求返回数据:{'status': 10104, 'message': 'username or password error', 'data': []}
2023-03-17 14:20:53 info 开始校验status  10104==10104
2023-03-17 14:20:53 info 数据校验完成
2023-03-17 14:20:53 info 开始校验message  username or password error==username or password error
2023-03-17 14:20:53 info 数据校验完成
2023-03-17 14:20:53 info 开始校验data  []==[]
2023-03-17 14:20:53 info 数据校验完成
2023-03-17 14:20:53 info 

2023-03-17 14:20:53 info 开始执行用例,标题:密码错误
2023-03-17 14:20:53 info 读取用例中数据
2023-03-17 14:20:53 info URL读取成功,URL:http://abc.twoitmen.club/api/login
2023-03-17 14:20:53 info 接口传值:{'username': 'root', 'password': 1234}
2023-03-17 14:20:53 info 请求方式:post
2023-03-17 14:20:53 info 开始请求接口
2023-03-17 14:20:53 info 接口请求成功
2023-03-17 14:20:53 info 请求返回数据:{'status': 10104, 'message': 'username or password error', 'data': []}
2023-03-17 14:20:53 info 开始校验status  10104==10104
2023-03-17 14:20:53 info 数据校验完成
2023-03-17 14:20:53 info 开始校验message  username or password error==username or password error
2023-03-17 14:20:53 info 数据校验完成
2023-03-17 14:20:53 info 开始校验data  []==[]
2023-03-17 14:20:53 info 数据校验完成
2023-03-17 14:20:53 info 

2023-03-17 14:20:53 info 开始执行用例,标题:密码错误
2023-03-17 14:20:53 info 读取用例中数据
2023-03-17 14:20:53 info URL读取成功,URL:http://abc.twoitmen.club/api/login
2023-03-17 14:20:53 info 接口传值:{'username': 'root', 'password': 1234}
2023-03-17 14:20:53 info 请求方式:post
2023-03-17 14:20:53 info 开始请求接口
2023-03-17 14:20:53 info 接口请求成功
2023-03-17 14:20:53 info 请求返回数据:{'status': 10104, 'message': 'username or password error', 'data': []}
2023-03-17 14:20:53 info 开始校验status  10104==10104
2023-03-17 14:20:53 info 数据校验完成
2023-03-17 14:20:53 info 开始校验message  username or password error==username or password error
2023-03-17 14:20:53 info 数据校验完成
2023-03-17 14:20:53 info 开始校验data  []==[]
2023-03-17 14:20:53 info 数据校验完成
2023-03-17 14:20:53 info 

2023-03-17 14:20:53 info 开始执行用例,标题:密码错误
2023-03-17 14:20:53 info 读取用例中数据
2023-03-17 14:20:53 info URL读取成功,URL:http://abc.twoitmen.club/api/login
2023-03-17 14:20:53 info 接口传值:{'username': 'root', 'password': 1234}
2023-03-17 14:20:53 info 请求方式:post
2023-03-17 14:20:53 info 开始请求接口
2023-03-17 14:20:53 info 接口请求成功
2023-03-17 14:20:53 info 请求返回数据:{'status': 10104, 'message': 'username or password error', 'data': []}
2023-03-17 14:20:53 info 开始校验status  10104==10104
2023-03-17 14:20:53 info 数据校验完成
2023-03-17 14:20:53 info 开始校验message  username or password error==username or password error
2023-03-17 14:20:53 info 数据校验完成
2023-03-17 14:20:53 info 开始校验data  []==[]
2023-03-17 14:20:53 info 数据校验完成
2023-03-17 14:20:53 info 

2023-03-17 14:20:53 info 开始执行用例,标题:密码错误
2023-03-17 14:20:53 info 读取用例中数据
2023-03-17 14:20:53 info URL读取成功,URL:http://abc.twoitmen.club/api/login
2023-03-17 14:20:53 info 接口传值:{'username': 'root', 'password': 1234}
2023-03-17 14:20:53 info 请求方式:post
2023-03-17 14:20:53 info 开始请求接口
2023-03-17 14:20:53 info 接口请求成功
2023-03-17 14:20:53 info 请求返回数据:{'status': 10104, 'message': 'username or password error', 'data': []}
2023-03-17 14:20:53 info 开始校验status  10104==10104
2023-03-17 14:20:53 info 数据校验完成
2023-03-17 14:20:53 info 开始校验message  username or password error==username or password error
2023-03-17 14:20:53 info 数据校验完成
2023-03-17 14:20:53 info 开始校验data  []==[]
2023-03-17 14:20:53 info 数据校验完成
2023-03-17 14:20:53 info 

2023-03-17 14:20:53 info 开始执行用例,标题:密码错误
2023-03-17 14:20:53 info 读取用例中数据
2023-03-17 14:20:53 info URL读取成功,URL:http://abc.twoitmen.club/api/login
2023-03-17 14:20:53 info 接口传值:{'username': 'root', 'password': 1234}
2023-03-17 14:20:53 info 请求方式:post
2023-03-17 14:20:53 info 开始请求接口
2023-03-17 14:20:53 info 接口请求成功
2023-03-17 14:20:53 info 请求返回数据:{'status': 10104, 'message': 'username or password error', 'data': []}
2023-03-17 14:20:53 info 开始校验status  10104==10104
2023-03-17 14:20:53 info 数据校验完成
2023-03-17 14:20:53 info 开始校验message  username or password error==username or password error
2023-03-17 14:20:53 info 数据校验完成
2023-03-17 14:20:53 info 开始校验data  []==[]
2023-03-17 14:20:53 info 数据校验完成
2023-03-17 14:20:53 info 

2023-03-17 14:20:53 info 开始执行用例,标题:密码错误
2023-03-17 14:20:53 info 读取用例中数据
2023-03-17 14:20:53 info URL读取成功,URL:http://abc.twoitmen.club/api/login
2023-03-17 14:20:53 info 接口传值:{'username': 'root', 'password': 1234}
2023-03-17 14:20:53 info 请求方式:post
2023-03-17 14:20:53 info 开始请求接口
2023-03-17 14:20:53 info 接口请求成功
2023-03-17 14:20:53 info 请求返回数据:{'status': 10104, 'message': 'username or password error', 'data': []}
2023-03-17 14:20:53 info 开始校验status  10104==10104
2023-03-17 14:20:53 info 数据校验完成
2023-03-17 14:20:53 info 开始校验message  username or password error==username or password error
2023-03-17 14:20:53 info 数据校验完成
2023-03-17 14:20:53 info 开始校验data  []==[]
2023-03-17 14:20:53 info 数据校验完成
2023-03-17 14:20:53 info 

2023-03-17 14:20:53 info 开始执行用例,标题:密码错误
2023-03-17 14:20:53 info 读取用例中数据
2023-03-17 14:20:53 info URL读取成功,URL:http://abc.twoitmen.club/api/login
2023-03-17 14:20:53 info 接口传值:{'username': 'root', 'password': 1234}
2023-03-17 14:20:53 info 请求方式:post
2023-03-17 14:20:53 info 开始请求接口
2023-03-17 14:20:53 info 接口请求成功
2023-03-17 14:20:53 info 请求返回数据:{'status': 10104, 'message': 'username or password error', 'data': []}
2023-03-17 14:20:53 info 开始校验status  10104==10104
2023-03-17 14:20:53 info 数据校验完成
2023-03-17 14:20:53 info 开始校验message  username or password error==username or password error
2023-03-17 14:20:53 info 数据校验完成
2023-03-17 14:20:53 info 开始校验data  []==[]
2023-03-17 14:20:53 info 数据校验完成
2023-03-17 14:20:53 info 

2023-03-17 14:20:53 info 开始执行用例,标题:密码错误
2023-03-17 14:20:53 info 读取用例中数据
2023-03-17 14:20:53 info URL读取成功,URL:http://abc.twoitmen.club/api/login
2023-03-17 14:20:53 info 接口传值:{'username': 'root', 'password': 1234}
2023-03-17 14:20:53 info 请求方式:post
2023-03-17 14:20:53 info 开始请求接口
2023-03-17 14:20:53 info 接口请求成功
2023-03-17 14:20:53 info 请求返回数据:{'status': 10104, 'message': 'username or password error', 'data': []}
2023-03-17 14:20:53 info 开始校验status  10104==10104
2023-03-17 14:20:53 info 数据校验完成
2023-03-17 14:20:53 info 开始校验message  username or password error==username or password error
2023-03-17 14:20:53 info 数据校验完成
2023-03-17 14:20:53 info 开始校验data  []==[]
2023-03-17 14:20:53 info 数据校验完成
2023-03-17 14:20:53 info 

2023-03-17 14:20:53 info 开始执行用例,标题:密码错误
2023-03-17 14:20:53 info 读取用例中数据
2023-03-17 14:20:53 info URL读取成功,URL:http://abc.twoitmen.club/api/login
2023-03-17 14:20:53 info 接口传值:{'username': 'root', 'password': 1234}
2023-03-17 14:20:53 info 请求方式:post
2023-03-17 14:20:53 info 开始请求接口
2023-03-17 14:20:53 info 接口请求成功
2023-03-17 14:20:53 info 请求返回数据:{'status': 10104, 'message': 'username or password error', 'data': []}
2023-03-17 14:20:53 info 开始校验status  10104==10104
2023-03-17 14:20:53 info 数据校验完成
2023-03-17 14:20:53 info 开始校验message  username or password error==username or password error
2023-03-17 14:20:53 info 数据校验完成
2023-03-17 14:20:53 info 开始校验data  []==[]
2023-03-17 14:20:53 info 数据校验完成
2023-03-17 14:20:53 info 

2023-03-17 14:20:53 info 开始执行用例,标题:密码错误
2023-03-17 14:20:53 info 读取用例中数据
2023-03-17 14:20:53 info URL读取成功,URL:http://abc.twoitmen.club/api/login
2023-03-17 14:20:53 info 接口传值:{'username': 'root', 'password': 1234}
2023-03-17 14:20:53 info 请求方式:post
2023-03-17 14:20:53 info 开始请求接口
2023-03-17 14:20:53 info 接口请求成功
2023-03-17 14:20:53 info 请求返回数据:{'status': 10104, 'message': 'username or password error', 'data': []}
2023-03-17 14:20:53 info 开始校验status  10104==10104
2023-03-17 14:20:53 info 数据校验完成
2023-03-17 14:20:53 info 开始校验message  username or password error==username or password error
2023-03-17 14:20:53 info 数据校验完成
2023-03-17 14:20:53 info 开始校验data  []==[]
2023-03-17 14:20:53 info 数据校验完成
2023-03-17 14:20:53 info 

2023-03-17 14:20:53 info 开始执行用例,标题:密码错误
2023-03-17 14:20:53 info 读取用例中数据
2023-03-17 14:20:53 info URL读取成功,URL:http://abc.twoitmen.club/api/login
2023-03-17 14:20:53 info 接口传值:{'username': 'root', 'password': 1234}
2023-03-17 14:20:53 info 请求方式:post
2023-03-17 14:20:53 info 开始请求接口
2023-03-17 14:20:53 info 接口请求成功
2023-03-17 14:20:53 info 请求返回数据:{'status': 10104, 'message': 'username or password error', 'data': []}
2023-03-17 14:20:53 info 开始校验status  10104==10104
2023-03-17 14:20:53 info 数据校验完成
2023-03-17 14:20:53 info 开始校验message  username or password error==username or password error
2023-03-17 14:20:53 info 数据校验完成
2023-03-17 14:20:53 info 开始校验data  []==[]
2023-03-17 14:20:53 info 数据校验完成
2023-03-17 14:20:53 info 

2023-03-17 14:20:53 info 开始执行用例,标题:密码错误
2023-03-17 14:20:53 info 读取用例中数据
2023-03-17 14:20:53 info URL读取成功,URL:http://abc.twoitmen.club/api/login
2023-03-17 14:20:53 info 接口传值:{'username': 'root', 'password': 1234}
2023-03-17 14:20:53 info 请求方式:post
2023-03-17 14:20:53 info 开始请求接口
2023-03-17 14:20:53 info 接口请求成功
2023-03-17 14:20:53 info 请求返回数据:{'status': 10104, 'message': 'username or password error', 'data': []}
2023-03-17 14:20:53 info 开始校验status  10104==10104
2023-03-17 14:20:53 info 数据校验完成
2023-03-17 14:20:53 info 开始校验message  username or password error==username or password error
2023-03-17 14:20:53 info 数据校验完成
2023-03-17 14:20:53 info 开始校验data  []==[]
2023-03-17 14:20:53 info 数据校验完成
2023-03-17 14:20:53 info 

2023-03-17 14:20:53 info 开始执行用例,标题:密码错误
2023-03-17 14:20:53 info 读取用例中数据
2023-03-17 14:20:53 info URL读取成功,URL:http://abc.twoitmen.club/api/login
2023-03-17 14:20:53 info 接口传值:{'username': 'root', 'password': 1234}
2023-03-17 14:20:53 info 请求方式:post
2023-03-17 14:20:53 info 开始请求接口
2023-03-17 14:20:53 info 接口请求成功
2023-03-17 14:20:53 info 请求返回数据:{'status': 10104, 'message': 'username or password error', 'data': []}
2023-03-17 14:20:53 info 开始校验status  10104==10104
2023-03-17 14:20:53 info 数据校验完成
2023-03-17 14:20:53 info 开始校验message  username or password error==username or password error
2023-03-17 14:20:53 info 数据校验完成
2023-03-17 14:20:53 info 开始校验data  []==[]
2023-03-17 14:20:53 info 数据校验完成
2023-03-17 14:20:53 info 

2023-03-17 14:20:53 info 开始执行用例,标题:密码错误
2023-03-17 14:20:53 info 读取用例中数据
2023-03-17 14:20:53 info URL读取成功,URL:http://abc.twoitmen.club/api/login
2023-03-17 14:20:53 info 接口传值:{'username': 'root', 'password': 1234}
2023-03-17 14:20:53 info 请求方式:post
2023-03-17 14:20:53 info 开始请求接口
2023-03-17 14:20:53 info 接口请求成功
2023-03-17 14:20:53 info 请求返回数据:{'status': 10104, 'message': 'username or password error', 'data': []}
2023-03-17 14:20:53 info 开始校验status  10104==10104
2023-03-17 14:20:53 info 数据校验完成
2023-03-17 14:20:53 info 开始校验message  username or password error==username or password error
2023-03-17 14:20:53 info 数据校验完成
2023-03-17 14:20:53 info 开始校验data  []==[]
2023-03-17 14:20:53 info 数据校验完成
2023-03-17 14:20:53 info 

2023-03-17 14:20:53 info 开始执行用例,标题:密码错误
2023-03-17 14:20:53 info 读取用例中数据
2023-03-17 14:20:53 info URL读取成功,URL:http://abc.twoitmen.club/api/login
2023-03-17 14:20:53 info 接口传值:{'username': 'root', 'password': 1234}
2023-03-17 14:20:53 info 请求方式:post
2023-03-17 14:20:53 info 开始请求接口
2023-03-17 14:20:53 info 接口请求成功
2023-03-17 14:20:53 info 请求返回数据:{'status': 10104, 'message': 'username or password error', 'data': []}
2023-03-17 14:20:53 info 开始校验status  10104==10104
2023-03-17 14:20:53 info 数据校验完成
2023-03-17 14:20:53 info 开始校验message  username or password error==username or password error
2023-03-17 14:20:53 info 数据校验完成
2023-03-17 14:20:53 info 开始校验data  []==[]
2023-03-17 14:20:53 info 数据校验完成
2023-03-17 14:20:53 info 

2023-03-17 14:20:53 info 开始执行用例,标题:密码错误
2023-03-17 14:20:53 info 读取用例中数据
2023-03-17 14:20:53 info URL读取成功,URL:http://abc.twoitmen.club/api/login
2023-03-17 14:20:53 info 接口传值:{'username': 'root', 'password': 1234}
2023-03-17 14:20:53 info 请求方式:post
2023-03-17 14:20:53 info 开始请求接口
2023-03-17 14:20:53 info 接口请求成功
2023-03-17 14:20:53 info 请求返回数据:{'status': 10104, 'message': 'username or password error', 'data': []}
2023-03-17 14:20:53 info 开始校验status  10104==10104
2023-03-17 14:20:53 info 数据校验完成
2023-03-17 14:20:53 info 开始校验message  username or password error==username or password error
2023-03-17 14:20:53 info 数据校验完成
2023-03-17 14:20:53 info 开始校验data  []==[]
2023-03-17 14:20:53 info 数据校验完成
2023-03-17 14:20:53 info 

2023-03-17 14:20:53 info 开始执行用例,标题:密码错误
2023-03-17 14:20:53 info 读取用例中数据
2023-03-17 14:20:53 info URL读取成功,URL:http://abc.twoitmen.club/api/login
2023-03-17 14:20:53 info 接口传值:{'username': 'root', 'password': 1234}
2023-03-17 14:20:53 info 请求方式:post
2023-03-17 14:20:53 info 开始请求接口
2023-03-17 14:20:53 info 接口请求成功
2023-03-17 14:20:53 info 请求返回数据:{'status': 10104, 'message': 'username or password error', 'data': []}
2023-03-17 14:20:53 info 开始校验status  10104==10104
2023-03-17 14:20:53 info 数据校验完成
2023-03-17 14:20:53 info 开始校验message  username or password error==username or password error
2023-03-17 14:20:53 info 数据校验完成
2023-03-17 14:20:53 info 开始校验data  []==[]
2023-03-17 14:20:53 info 数据校验完成
2023-03-17 14:20:53 info 

2023-03-17 14:20:53 info 开始执行用例,标题:密码错误
2023-03-17 14:20:53 info 读取用例中数据
2023-03-17 14:20:53 info URL读取成功,URL:http://abc.twoitmen.club/api/login
2023-03-17 14:20:53 info 接口传值:{'username': 'root', 'password': 1234}
2023-03-17 14:20:53 info 请求方式:post
2023-03-17 14:20:53 info 开始请求接口
2023-03-17 14:20:53 info 接口请求成功
2023-03-17 14:20:53 info 请求返回数据:{'status': 10104, 'message': 'username or password error', 'data': []}
2023-03-17 14:20:53 info 开始校验status  10104==10104
2023-03-17 14:20:53 info 数据校验完成
2023-03-17 14:20:53 info 开始校验message  username or password error==username or password error
2023-03-17 14:20:53 info 数据校验完成
2023-03-17 14:20:53 info 开始校验data  []==[]
2023-03-17 14:20:53 info 数据校验完成
2023-03-17 14:20:53 info 

2023-03-17 14:20:53 info 开始执行用例,标题:密码错误
2023-03-17 14:20:53 info 读取用例中数据
2023-03-17 14:20:53 info URL读取成功,URL:http://abc.twoitmen.club/api/login
2023-03-17 14:20:53 info 接口传值:{'username': 'root', 'password': 1234}
2023-03-17 14:20:53 info 请求方式:post
2023-03-17 14:20:53 info 开始请求接口
2023-03-17 14:20:53 info 接口请求成功
2023-03-17 14:20:53 info 请求返回数据:{'status': 10104, 'message': 'username or password error', 'data': []}
2023-03-17 14:20:53 info 开始校验status  10104==10104
2023-03-17 14:20:53 info 数据校验完成
2023-03-17 14:20:53 info 开始校验message  username or password error==username or password error
2023-03-17 14:20:53 info 数据校验完成
2023-03-17 14:20:53 info 开始校验data  []==[]
2023-03-17 14:20:53 info 数据校验完成
2023-03-17 14:20:53 info 

2023-03-17 14:20:53 info 开始执行用例,标题:密码错误
2023-03-17 14:20:53 info 读取用例中数据
2023-03-17 14:20:53 info URL读取成功,URL:http://abc.twoitmen.club/api/login
2023-03-17 14:20:53 info 接口传值:{'username': 'root', 'password': 1234}
2023-03-17 14:20:53 info 请求方式:post
2023-03-17 14:20:53 info 开始请求接口
2023-03-17 14:20:53 info 接口请求成功
2023-03-17 14:20:53 info 请求返回数据:{'status': 10104, 'message': 'username or password error', 'data': []}
2023-03-17 14:20:53 info 开始校验status  10104==10104
2023-03-17 14:20:53 info 数据校验完成
2023-03-17 14:20:53 info 开始校验message  username or password error==username or password error
2023-03-17 14:20:53 info 数据校验完成
2023-03-17 14:20:53 info 开始校验data  []==[]
2023-03-17 14:20:53 info 数据校验完成
2023-03-17 14:20:53 info 

2023-03-17 14:20:53 info 开始执行用例,标题:密码错误
2023-03-17 14:20:53 info 读取用例中数据
2023-03-17 14:20:53 info URL读取成功,URL:http://abc.twoitmen.club/api/login
2023-03-17 14:20:53 info 接口传值:{'username': 'root', 'password': 1234}
2023-03-17 14:20:53 info 请求方式:post
2023-03-17 14:20:53 info 开始请求接口
2023-03-17 14:20:53 info 接口请求成功
2023-03-17 14:20:53 info 请求返回数据:{'status': 10104, 'message': 'username or password error', 'data': []}
2023-03-17 14:20:53 info 开始校验status  10104==10104
2023-03-17 14:20:53 info 数据校验完成
2023-03-17 14:20:53 info 开始校验message  username or password error==username or password error
2023-03-17 14:20:53 info 数据校验完成
2023-03-17 14:20:53 info 开始校验data  []==[]
2023-03-17 14:20:53 info 数据校验完成
2023-03-17 14:20:53 info 

2023-03-17 14:20:53 info 开始执行用例,标题:密码错误
2023-03-17 14:20:53 info 读取用例中数据
2023-03-17 14:20:53 info URL读取成功,URL:http://abc.twoitmen.club/api/login
2023-03-17 14:20:53 info 接口传值:{'username': 'root', 'password': 1234}
2023-03-17 14:20:53 info 请求方式:post
2023-03-17 14:20:53 info 开始请求接口
2023-03-17 14:20:53 info 接口请求成功
2023-03-17 14:20:53 info 请求返回数据:{'status': 10104, 'message': 'username or password error', 'data': []}
2023-03-17 14:20:53 info 开始校验status  10104==10104
2023-03-17 14:20:53 info 数据校验完成
2023-03-17 14:20:53 info 开始校验message  username or password error==username or password error
2023-03-17 14:20:53 info 数据校验完成
2023-03-17 14:20:53 info 开始校验data  []==[]
2023-03-17 14:20:53 info 数据校验完成
2023-03-17 14:20:53 info 

2023-03-17 14:20:53 info 开始执行用例,标题:密码错误
2023-03-17 14:20:53 info 读取用例中数据
2023-03-17 14:20:53 info URL读取成功,URL:http://abc.twoitmen.club/api/login
2023-03-17 14:20:53 info 接口传值:{'username': 'root', 'password': 1234}
2023-03-17 14:20:53 info 请求方式:post
2023-03-17 14:20:53 info 开始请求接口
2023-03-17 14:20:54 info 接口请求成功
2023-03-17 14:20:54 info 请求返回数据:{'status': 10104, 'message': 'username or password error', 'data': []}
2023-03-17 14:20:54 info 开始校验status  10104==10104
2023-03-17 14:20:54 info 数据校验完成
2023-03-17 14:20:54 info 开始校验message  username or password error==username or password error
2023-03-17 14:20:54 info 数据校验完成
2023-03-17 14:20:54 info 开始校验data  []==[]
2023-03-17 14:20:54 info 数据校验完成
2023-03-17 14:20:54 info 

2023-03-17 14:20:54 info 开始执行用例,标题:密码错误
2023-03-17 14:20:54 info 读取用例中数据
2023-03-17 14:20:54 info URL读取成功,URL:http://abc.twoitmen.club/api/login
2023-03-17 14:20:54 info 接口传值:{'username': 'root', 'password': 1234}
2023-03-17 14:20:54 info 请求方式:post
2023-03-17 14:20:54 info 开始请求接口
2023-03-17 14:20:54 info 接口请求成功
2023-03-17 14:20:54 info 请求返回数据:{'status': 10104, 'message': 'username or password error', 'data': []}
2023-03-17 14:20:54 info 开始校验status  10104==10104
2023-03-17 14:20:54 info 数据校验完成
2023-03-17 14:20:54 info 开始校验message  username or password error==username or password error
2023-03-17 14:20:54 info 数据校验完成
2023-03-17 14:20:54 info 开始校验data  []==[]
2023-03-17 14:20:54 info 数据校验完成
2023-03-17 14:20:54 info 

2023-03-17 14:20:54 info 开始执行用例,标题:密码错误
2023-03-17 14:20:54 info 读取用例中数据
2023-03-17 14:20:54 info URL读取成功,URL:http://abc.twoitmen.club/api/login
2023-03-17 14:20:54 info 接口传值:{'username': 'root', 'password': 1234}
2023-03-17 14:20:54 info 请求方式:post
2023-03-17 14:20:54 info 开始请求接口
2023-03-17 14:20:54 info 接口请求成功
2023-03-17 14:20:54 info 请求返回数据:{'status': 10104, 'message': 'username or password error', 'data': []}
2023-03-17 14:20:54 info 开始校验status  10104==10104
2023-03-17 14:20:54 info 数据校验完成
2023-03-17 14:20:54 info 开始校验message  username or password error==username or password error
2023-03-17 14:20:54 info 数据校验完成
2023-03-17 14:20:54 info 开始校验data  []==[]
2023-03-17 14:20:54 info 数据校验完成
2023-03-17 14:20:54 info 

2023-03-17 14:20:54 info 开始执行用例,标题:密码错误
2023-03-17 14:20:54 info 读取用例中数据
2023-03-17 14:20:54 info URL读取成功,URL:http://abc.twoitmen.club/api/login
2023-03-17 14:20:54 info 接口传值:{'username': 'root', 'password': 1234}
2023-03-17 14:20:54 info 请求方式:post
2023-03-17 14:20:54 info 开始请求接口
2023-03-17 14:20:54 info 接口请求成功
2023-03-17 14:20:54 info 请求返回数据:{'status': 10104, 'message': 'username or password error', 'data': []}
2023-03-17 14:20:54 info 开始校验status  10104==10104
2023-03-17 14:20:54 info 数据校验完成
2023-03-17 14:20:54 info 开始校验message  username or password error==username or password error
2023-03-17 14:20:54 info 数据校验完成
2023-03-17 14:20:54 info 开始校验data  []==[]
2023-03-17 14:20:54 info 数据校验完成
2023-03-17 14:20:54 info 

2023-03-17 14:20:54 info 开始执行用例,标题:密码错误
2023-03-17 14:20:54 info 读取用例中数据
2023-03-17 14:20:54 info URL读取成功,URL:http://abc.twoitmen.club/api/login
2023-03-17 14:20:54 info 接口传值:{'username': 'root', 'password': 1234}
2023-03-17 14:20:54 info 请求方式:post
2023-03-17 14:20:54 info 开始请求接口
2023-03-17 14:20:54 info 接口请求成功
2023-03-17 14:20:54 info 请求返回数据:{'status': 10104, 'message': 'username or password error', 'data': []}
2023-03-17 14:20:54 info 开始校验status  10104==10104
2023-03-17 14:20:54 info 数据校验完成
2023-03-17 14:20:54 info 开始校验message  username or password error==username or password error
2023-03-17 14:20:54 info 数据校验完成
2023-03-17 14:20:54 info 开始校验data  []==[]
2023-03-17 14:20:54 info 数据校验完成
2023-03-17 14:20:54 info 

2023-03-17 14:20:54 info 开始执行用例,标题:密码错误
2023-03-17 14:20:54 info 读取用例中数据
2023-03-17 14:20:54 info URL读取成功,URL:http://abc.twoitmen.club/api/login
2023-03-17 14:20:54 info 接口传值:{'username': 'root', 'password': 1234}
2023-03-17 14:20:54 info 请求方式:post
2023-03-17 14:20:54 info 开始请求接口
2023-03-17 14:20:54 info 接口请求成功
2023-03-17 14:20:54 info 请求返回数据:{'status': 10104, 'message': 'username or password error', 'data': []}
2023-03-17 14:20:54 info 开始校验status  10104==10104
2023-03-17 14:20:54 info 数据校验完成
2023-03-17 14:20:54 info 开始校验message  username or password error==username or password error
2023-03-17 14:20:54 info 数据校验完成
2023-03-17 14:20:54 info 开始校验data  []==[]
2023-03-17 14:20:54 info 数据校验完成
2023-03-17 14:20:54 info 

2023-03-17 14:20:54 info 开始执行用例,标题:密码错误
2023-03-17 14:20:54 info 读取用例中数据
2023-03-17 14:20:54 info URL读取成功,URL:http://abc.twoitmen.club/api/login
2023-03-17 14:20:54 info 接口传值:{'username': 'root', 'password': 1234}
2023-03-17 14:20:54 info 请求方式:post
2023-03-17 14:20:54 info 开始请求接口
2023-03-17 14:20:54 info 接口请求成功
2023-03-17 14:20:54 info 请求返回数据:{'status': 10104, 'message': 'username or password error', 'data': []}
2023-03-17 14:20:54 info 开始校验status  10104==10104
2023-03-17 14:20:54 info 数据校验完成
2023-03-17 14:20:54 info 开始校验message  username or password error==username or password error
2023-03-17 14:20:54 info 数据校验完成
2023-03-17 14:20:54 info 开始校验data  []==[]
2023-03-17 14:20:54 info 数据校验完成
2023-03-17 14:20:54 info 

2023-03-17 14:20:54 info 开始执行用例,标题:密码错误
2023-03-17 14:20:54 info 读取用例中数据
2023-03-17 14:20:54 info URL读取成功,URL:http://abc.twoitmen.club/api/login
2023-03-17 14:20:54 info 接口传值:{'username': 'root', 'password': 1234}
2023-03-17 14:20:54 info 请求方式:post
2023-03-17 14:20:54 info 开始请求接口
2023-03-17 14:20:54 info 接口请求成功
2023-03-17 14:20:54 info 请求返回数据:{'status': 10104, 'message': 'username or password error', 'data': []}
2023-03-17 14:20:54 info 开始校验status  10104==10104
2023-03-17 14:20:54 info 数据校验完成
2023-03-17 14:20:54 info 开始校验message  username or password error==username or password error
2023-03-17 14:20:54 info 数据校验完成
2023-03-17 14:20:54 info 开始校验data  []==[]
2023-03-17 14:20:54 info 数据校验完成
2023-03-17 14:20:54 info 

2023-03-17 14:20:54 info 开始执行用例,标题:密码错误
2023-03-17 14:20:54 info 读取用例中数据
2023-03-17 14:20:54 info URL读取成功,URL:http://abc.twoitmen.club/api/login
2023-03-17 14:20:54 info 接口传值:{'username': 'root', 'password': 1234}
2023-03-17 14:20:54 info 请求方式:post
2023-03-17 14:20:54 info 开始请求接口
2023-03-17 14:20:54 info 接口请求成功
2023-03-17 14:20:54 info 请求返回数据:{'status': 10104, 'message': 'username or password error', 'data': []}
2023-03-17 14:20:54 info 开始校验status  10104==10104
2023-03-17 14:20:54 info 数据校验完成
2023-03-17 14:20:54 info 开始校验message  username or password error==username or password error
2023-03-17 14:20:54 info 数据校验完成
2023-03-17 14:20:54 info 开始校验data  []==[]
2023-03-17 14:20:54 info 数据校验完成
2023-03-17 14:20:54 info 

2023-03-17 14:20:54 info 开始执行用例,标题:密码错误
2023-03-17 14:20:54 info 读取用例中数据
2023-03-17 14:20:54 info URL读取成功,URL:http://abc.twoitmen.club/api/login
2023-03-17 14:20:54 info 接口传值:{'username': 'root', 'password': 1234}
2023-03-17 14:20:54 info 请求方式:post
2023-03-17 14:20:54 info 开始请求接口
2023-03-17 14:20:54 info 接口请求成功
2023-03-17 14:20:54 info 请求返回数据:{'status': 10104, 'message': 'username or password error', 'data': []}
2023-03-17 14:20:54 info 开始校验status  10104==10104
2023-03-17 14:20:54 info 数据校验完成
2023-03-17 14:20:54 info 开始校验message  username or password error==username or password error
2023-03-17 14:20:54 info 数据校验完成
2023-03-17 14:20:54 info 开始校验data  []==[]
2023-03-17 14:20:54 info 数据校验完成
2023-03-17 14:20:54 info 

2023-03-17 14:20:54 info 开始执行用例,标题:密码错误
2023-03-17 14:20:54 info 读取用例中数据
2023-03-17 14:20:54 info URL读取成功,URL:http://abc.twoitmen.club/api/login
2023-03-17 14:20:54 info 接口传值:{'username': 'root', 'password': 1234}
2023-03-17 14:20:54 info 请求方式:post
2023-03-17 14:20:54 info 开始请求接口
2023-03-17 14:20:54 info 接口请求成功
2023-03-17 14:20:54 info 请求返回数据:{'status': 10104, 'message': 'username or password error', 'data': []}
2023-03-17 14:20:54 info 开始校验status  10104==10104
2023-03-17 14:20:54 info 数据校验完成
2023-03-17 14:20:54 info 开始校验message  username or password error==username or password error
2023-03-17 14:20:54 info 数据校验完成
2023-03-17 14:20:54 info 开始校验data  []==[]
2023-03-17 14:20:54 info 数据校验完成
2023-03-17 14:20:54 info 

2023-03-17 14:20:54 info 开始执行用例,标题:密码错误
2023-03-17 14:20:54 info 读取用例中数据
2023-03-17 14:20:54 info URL读取成功,URL:http://abc.twoitmen.club/api/login
2023-03-17 14:20:54 info 接口传值:{'username': 'root', 'password': 1234}
2023-03-17 14:20:54 info 请求方式:post
2023-03-17 14:20:54 info 开始请求接口
2023-03-17 14:20:54 info 接口请求成功
2023-03-17 14:20:54 info 请求返回数据:{'status': 10104, 'message': 'username or password error', 'data': []}
2023-03-17 14:20:54 info 开始校验status  10104==10104
2023-03-17 14:20:54 info 数据校验完成
2023-03-17 14:20:54 info 开始校验message  username or password error==username or password error
2023-03-17 14:20:54 info 数据校验完成
2023-03-17 14:20:54 info 开始校验data  []==[]
2023-03-17 14:20:54 info 数据校验完成
2023-03-17 14:20:54 info 

2023-03-17 14:20:54 info 开始执行用例,标题:密码错误
2023-03-17 14:20:54 info 读取用例中数据
2023-03-17 14:20:54 info URL读取成功,URL:http://abc.twoitmen.club/api/login
2023-03-17 14:20:54 info 接口传值:{'username': 'root', 'password': 1234}
2023-03-17 14:20:54 info 请求方式:post
2023-03-17 14:20:54 info 开始请求接口
2023-03-17 14:20:54 info 接口请求成功
2023-03-17 14:20:54 info 请求返回数据:{'status': 10104, 'message': 'username or password error', 'data': []}
2023-03-17 14:20:54 info 开始校验status  10104==10104
2023-03-17 14:20:54 info 数据校验完成
2023-03-17 14:20:54 info 开始校验message  username or password error==username or password error
2023-03-17 14:20:54 info 数据校验完成
2023-03-17 14:20:54 info 开始校验data  []==[]
2023-03-17 14:20:54 info 数据校验完成
2023-03-17 14:20:54 info 

2023-03-17 14:20:54 info 开始执行用例,标题:密码错误
2023-03-17 14:20:54 info 读取用例中数据
2023-03-17 14:20:54 info URL读取成功,URL:http://abc.twoitmen.club/api/login
2023-03-17 14:20:54 info 接口传值:{'username': 'root', 'password': 1234}
2023-03-17 14:20:54 info 请求方式:post
2023-03-17 14:20:54 info 开始请求接口
2023-03-17 14:20:54 info 接口请求成功
2023-03-17 14:20:54 info 请求返回数据:{'status': 10104, 'message': 'username or password error', 'data': []}
2023-03-17 14:20:54 info 开始校验status  10104==10104
2023-03-17 14:20:54 info 数据校验完成
2023-03-17 14:20:54 info 开始校验message  username or password error==username or password error
2023-03-17 14:20:54 info 数据校验完成
2023-03-17 14:20:54 info 开始校验data  []==[]
2023-03-17 14:20:54 info 数据校验完成
2023-03-17 14:20:54 info 

2023-03-17 14:20:54 info 开始执行用例,标题:密码错误
2023-03-17 14:20:54 info 读取用例中数据
2023-03-17 14:20:54 info URL读取成功,URL:http://abc.twoitmen.club/api/login
2023-03-17 14:20:54 info 接口传值:{'username': 'root', 'password': 1234}
2023-03-17 14:20:54 info 请求方式:post
2023-03-17 14:20:54 info 开始请求接口
2023-03-17 14:20:54 info 接口请求成功
2023-03-17 14:20:54 info 请求返回数据:{'status': 10104, 'message': 'username or password error', 'data': []}
2023-03-17 14:20:54 info 开始校验status  10104==10104
2023-03-17 14:20:54 info 数据校验完成
2023-03-17 14:20:54 info 开始校验message  username or password error==username or password error
2023-03-17 14:20:54 info 数据校验完成
2023-03-17 14:20:54 info 开始校验data  []==[]
2023-03-17 14:20:54 info 数据校验完成
2023-03-17 14:20:54 info 

2023-03-17 14:20:54 info 开始执行用例,标题:密码错误
2023-03-17 14:20:54 info 读取用例中数据
2023-03-17 14:20:54 info URL读取成功,URL:http://abc.twoitmen.club/api/login
2023-03-17 14:20:54 info 接口传值:{'username': 'root', 'password': 1234}
2023-03-17 14:20:54 info 请求方式:post
2023-03-17 14:20:54 info 开始请求接口
2023-03-17 14:20:54 info 接口请求成功
2023-03-17 14:20:54 info 请求返回数据:{'status': 10104, 'message': 'username or password error', 'data': []}
2023-03-17 14:20:54 info 开始校验status  10104==10104
2023-03-17 14:20:54 info 数据校验完成
2023-03-17 14:20:54 info 开始校验message  username or password error==username or password error
2023-03-17 14:20:54 info 数据校验完成
2023-03-17 14:20:54 info 开始校验data  []==[]
2023-03-17 14:20:54 info 数据校验完成
2023-03-17 14:20:54 info 

2023-03-17 14:20:54 info 开始执行用例,标题:密码错误
2023-03-17 14:20:54 info 读取用例中数据
2023-03-17 14:20:54 info URL读取成功,URL:http://abc.twoitmen.club/api/login
2023-03-17 14:20:54 info 接口传值:{'username': 'root', 'password': 1234}
2023-03-17 14:20:54 info 请求方式:post
2023-03-17 14:20:54 info 开始请求接口
2023-03-17 14:20:54 info 接口请求成功
2023-03-17 14:20:54 info 请求返回数据:{'status': 10104, 'message': 'username or password error', 'data': []}
2023-03-17 14:20:54 info 开始校验status  10104==10104
2023-03-17 14:20:54 info 数据校验完成
2023-03-17 14:20:54 info 开始校验message  username or password error==username or password error
2023-03-17 14:20:54 info 数据校验完成
2023-03-17 14:20:54 info 开始校验data  []==[]
2023-03-17 14:20:54 info 数据校验完成
2023-03-17 14:20:54 info 

2023-03-17 14:20:54 info 开始执行用例,标题:密码错误
2023-03-17 14:20:54 info 读取用例中数据
2023-03-17 14:20:54 info URL读取成功,URL:http://abc.twoitmen.club/api/login
2023-03-17 14:20:54 info 接口传值:{'username': 'root', 'password': 1234}
2023-03-17 14:20:54 info 请求方式:post
2023-03-17 14:20:54 info 开始请求接口
2023-03-17 14:20:54 info 接口请求成功
2023-03-17 14:20:54 info 请求返回数据:{'status': 10104, 'message': 'username or password error', 'data': []}
2023-03-17 14:20:54 info 开始校验status  10104==10104
2023-03-17 14:20:54 info 数据校验完成
2023-03-17 14:20:54 info 开始校验message  username or password error==username or password error
2023-03-17 14:20:54 info 数据校验完成
2023-03-17 14:20:54 info 开始校验data  []==[]
2023-03-17 14:20:54 info 数据校验完成
2023-03-17 14:20:54 info 

2023-03-17 14:20:54 info 开始执行用例,标题:密码错误
2023-03-17 14:20:54 info 读取用例中数据
2023-03-17 14:20:54 info URL读取成功,URL:http://abc.twoitmen.club/api/login
2023-03-17 14:20:54 info 接口传值:{'username': 'root', 'password': 1234}
2023-03-17 14:20:54 info 请求方式:post
2023-03-17 14:20:54 info 开始请求接口
2023-03-17 14:20:54 info 接口请求成功
2023-03-17 14:20:54 info 请求返回数据:{'status': 10104, 'message': 'username or password error', 'data': []}
2023-03-17 14:20:54 info 开始校验status  10104==10104
2023-03-17 14:20:54 info 数据校验完成
2023-03-17 14:20:54 info 开始校验message  username or password error==username or password error
2023-03-17 14:20:54 info 数据校验完成
2023-03-17 14:20:54 info 开始校验data  []==[]
2023-03-17 14:20:54 info 数据校验完成
2023-03-17 14:20:54 info 

2023-03-17 14:20:54 info 开始执行用例,标题:密码错误
2023-03-17 14:20:54 info 读取用例中数据
2023-03-17 14:20:54 info URL读取成功,URL:http://abc.twoitmen.club/api/login
2023-03-17 14:20:54 info 接口传值:{'username': 'root', 'password': 1234}
2023-03-17 14:20:54 info 请求方式:post
2023-03-17 14:20:54 info 开始请求接口
2023-03-17 14:20:54 info 接口请求成功
2023-03-17 14:20:54 info 请求返回数据:{'status': 10104, 'message': 'username or password error', 'data': []}
2023-03-17 14:20:54 info 开始校验status  10104==10104
2023-03-17 14:20:54 info 数据校验完成
2023-03-17 14:20:54 info 开始校验message  username or password error==username or password error
2023-03-17 14:20:54 info 数据校验完成
2023-03-17 14:20:54 info 开始校验data  []==[]
2023-03-17 14:20:54 info 数据校验完成
2023-03-17 14:20:54 info 

2023-03-17 14:20:54 info 开始执行用例,标题:密码错误
2023-03-17 14:20:54 info 读取用例中数据
2023-03-17 14:20:54 info URL读取成功,URL:http://abc.twoitmen.club/api/login
2023-03-17 14:20:54 info 接口传值:{'username': 'root', 'password': 1234}
2023-03-17 14:20:54 info 请求方式:post
2023-03-17 14:20:54 info 开始请求接口
2023-03-17 14:20:54 info 接口请求成功
2023-03-17 14:20:54 info 请求返回数据:{'status': 10104, 'message': 'username or password error', 'data': []}
2023-03-17 14:20:54 info 开始校验status  10104==10104
2023-03-17 14:20:54 info 数据校验完成
2023-03-17 14:20:54 info 开始校验message  username or password error==username or password error
2023-03-17 14:20:54 info 数据校验完成
2023-03-17 14:20:54 info 开始校验data  []==[]
2023-03-17 14:20:54 info 数据校验完成
2023-03-17 14:20:54 info 

2023-03-17 14:20:54 info 开始执行用例,标题:密码错误
2023-03-17 14:20:54 info 读取用例中数据
2023-03-17 14:20:54 info URL读取成功,URL:http://abc.twoitmen.club/api/login
2023-03-17 14:20:54 info 接口传值:{'username': 'root', 'password': 1234}
2023-03-17 14:20:54 info 请求方式:post
2023-03-17 14:20:54 info 开始请求接口
2023-03-17 14:20:54 info 接口请求成功
2023-03-17 14:20:54 info 请求返回数据:{'status': 10104, 'message': 'username or password error', 'data': []}
2023-03-17 14:20:54 info 开始校验status  10104==10104
2023-03-17 14:20:54 info 数据校验完成
2023-03-17 14:20:54 info 开始校验message  username or password error==username or password error
2023-03-17 14:20:54 info 数据校验完成
2023-03-17 14:20:54 info 开始校验data  []==[]
2023-03-17 14:20:54 info 数据校验完成
2023-03-17 14:20:54 info 

2023-03-17 14:20:54 info 开始执行用例,标题:密码错误
2023-03-17 14:20:54 info 读取用例中数据
2023-03-17 14:20:54 info URL读取成功,URL:http://abc.twoitmen.club/api/login
2023-03-17 14:20:54 info 接口传值:{'username': 'root', 'password': 1234}
2023-03-17 14:20:54 info 请求方式:post
2023-03-17 14:20:54 info 开始请求接口
2023-03-17 14:20:54 info 接口请求成功
2023-03-17 14:20:54 info 请求返回数据:{'status': 10104, 'message': 'username or password error', 'data': []}
2023-03-17 14:20:54 info 开始校验status  10104==10104
2023-03-17 14:20:54 info 数据校验完成
2023-03-17 14:20:54 info 开始校验message  username or password error==username or password error
2023-03-17 14:20:54 info 数据校验完成
2023-03-17 14:20:54 info 开始校验data  []==[]
2023-03-17 14:20:54 info 数据校验完成
2023-03-17 14:20:54 info 

2023-03-17 14:20:54 info 开始执行用例,标题:密码错误
2023-03-17 14:20:54 info 读取用例中数据
2023-03-17 14:20:54 info URL读取成功,URL:http://abc.twoitmen.club/api/login
2023-03-17 14:20:54 info 接口传值:{'username': 'root', 'password': 1234}
2023-03-17 14:20:54 info 请求方式:post
2023-03-17 14:20:54 info 开始请求接口
2023-03-17 14:20:54 info 接口请求成功
2023-03-17 14:20:54 info 请求返回数据:{'status': 10104, 'message': 'username or password error', 'data': []}
2023-03-17 14:20:54 info 开始校验status  10104==10104
2023-03-17 14:20:54 info 数据校验完成
2023-03-17 14:20:54 info 开始校验message  username or password error==username or password error
2023-03-17 14:20:54 info 数据校验完成
2023-03-17 14:20:54 info 开始校验data  []==[]
2023-03-17 14:20:55 info 数据校验完成
2023-03-17 14:20:55 info 

2023-03-17 14:20:55 info 开始执行用例,标题:密码错误
2023-03-17 14:20:55 info 读取用例中数据
2023-03-17 14:20:55 info URL读取成功,URL:http://abc.twoitmen.club/api/login
2023-03-17 14:20:55 info 接口传值:{'username': 'root', 'password': 1234}
2023-03-17 14:20:55 info 请求方式:post
2023-03-17 14:20:55 info 开始请求接口
2023-03-17 14:20:55 info 接口请求成功
2023-03-17 14:20:55 info 请求返回数据:{'status': 10104, 'message': 'username or password error', 'data': []}
2023-03-17 14:20:55 info 开始校验status  10104==10104
2023-03-17 14:20:55 info 数据校验完成
2023-03-17 14:20:55 info 开始校验message  username or password error==username or password error
2023-03-17 14:20:55 info 数据校验完成
2023-03-17 14:20:55 info 开始校验data  []==[]
2023-03-17 14:20:55 info 数据校验完成
2023-03-17 14:20:55 info 

2023-03-17 14:20:55 info 开始执行用例,标题:密码错误
2023-03-17 14:20:55 info 读取用例中数据
2023-03-17 14:20:55 info URL读取成功,URL:http://abc.twoitmen.club/api/login
2023-03-17 14:20:55 info 接口传值:{'username': 'root', 'password': 1234}
2023-03-17 14:20:55 info 请求方式:post
2023-03-17 14:20:55 info 开始请求接口
2023-03-17 14:20:55 info 接口请求成功
2023-03-17 14:20:55 info 请求返回数据:{'status': 10104, 'message': 'username or password error', 'data': []}
2023-03-17 14:20:55 info 开始校验status  10104==10104
2023-03-17 14:20:55 info 数据校验完成
2023-03-17 14:20:55 info 开始校验message  username or password error==username or password error
2023-03-17 14:20:55 info 数据校验完成
2023-03-17 14:20:55 info 开始校验data  []==[]
2023-03-17 14:20:55 info 数据校验完成
2023-03-17 14:20:55 info 

2023-03-17 14:20:55 info 开始执行用例,标题:密码错误
2023-03-17 14:20:55 info 读取用例中数据
2023-03-17 14:20:55 info URL读取成功,URL:http://abc.twoitmen.club/api/login
2023-03-17 14:20:55 info 接口传值:{'username': 'root', 'password': 1234}
2023-03-17 14:20:55 info 请求方式:post
2023-03-17 14:20:55 info 开始请求接口
2023-03-17 14:20:55 info 接口请求成功
2023-03-17 14:20:55 info 请求返回数据:{'status': 10104, 'message': 'username or password error', 'data': []}
2023-03-17 14:20:55 info 开始校验status  10104==10104
2023-03-17 14:20:55 info 数据校验完成
2023-03-17 14:20:55 info 开始校验message  username or password error==username or password error
2023-03-17 14:20:55 info 数据校验完成
2023-03-17 14:20:55 info 开始校验data  []==[]
2023-03-17 14:20:55 info 数据校验完成
2023-03-17 14:20:55 info 

2023-03-17 14:20:55 info 开始执行用例,标题:密码错误
2023-03-17 14:20:55 info 读取用例中数据
2023-03-17 14:20:55 info URL读取成功,URL:http://abc.twoitmen.club/api/login
2023-03-17 14:20:55 info 接口传值:{'username': 'root', 'password': 1234}
2023-03-17 14:20:55 info 请求方式:post
2023-03-17 14:20:55 info 开始请求接口
2023-03-17 14:20:55 info 接口请求成功
2023-03-17 14:20:55 info 请求返回数据:{'status': 10104, 'message': 'username or password error', 'data': []}
2023-03-17 14:20:55 info 开始校验status  10104==10104
2023-03-17 14:20:55 info 数据校验完成
2023-03-17 14:20:55 info 开始校验message  username or password error==username or password error
2023-03-17 14:20:55 info 数据校验完成
2023-03-17 14:20:55 info 开始校验data  []==[]
2023-03-17 14:20:55 info 数据校验完成
2023-03-17 14:20:55 info 

