2023-03-09 18:54:36 info 开始执行用例,标题:密码错误
2023-03-09 18:54:36 info 读取用例中数据
2023-03-09 18:54:36 info URL读取成功,URL:http://127.0.0.1:8000/api/login
2023-03-09 18:54:36 info 接口传值:{'username': 'root', 'password': 1234}
2023-03-09 18:54:36 info 请求方式:post
2023-03-09 18:54:36 info 开始请求接口
2023-03-09 18:54:36 info 接口请求成功
2023-03-09 18:54:36 info 请求返回数据:{'status': 10104, 'message': 'username or password error', 'data': []}
2023-03-09 18:54:36 info 开始校验status  10104==10104
2023-03-09 18:54:37 info 数据校验完成
2023-03-09 18:54:37 info 开始校验message  username or password error==username or password error
2023-03-09 18:54:37 info 数据校验完成
2023-03-09 18:54:37 info 开始校验data  []==[]
2023-03-09 18:54:37 info 数据校验完成
2023-03-09 18:54:37 info 

2023-03-09 18:54:36 info 开始执行用例,标题:正常登录成功
2023-03-09 18:54:36 info 读取用例中数据
2023-03-09 18:54:36 info URL读取成功,URL:http://127.0.0.1:8000/api/login
2023-03-09 18:54:36 info 接口传值:{'username': 'root', 'password': 123}
2023-03-09 18:54:36 info 请求方式:post
2023-03-09 18:54:36 info 开始请求接口
2023-03-09 18:54:36 info 接口请求成功
2023-03-09 18:54:36 info 请求返回数据:{'status': 10104, 'message': 'username or password error', 'data': []}
2023-03-09 18:54:36 info 开始校验status  10200==10104
2023-03-09 18:54:37 error 校验失败!
2023-03-09 18:54:37 info 开始校验message  login success==username or password error
2023-03-09 18:54:37 error 校验失败!
2023-03-09 18:54:37 info 开始校验data  []==[]
2023-03-09 18:54:37 info 数据校验完成
2023-03-09 18:54:37 info 

2023-03-09 18:54:37 info 开始执行用例,标题:密码错误
2023-03-09 18:54:37 info 读取用例中数据
2023-03-09 18:54:37 info URL读取成功,URL:http://127.0.0.1:8000/api/login
2023-03-09 18:54:37 info 接口传值:{'username': 'root', 'password': 1234}
2023-03-09 18:54:37 info 请求方式:post
2023-03-09 18:54:37 info 开始请求接口
2023-03-09 18:54:37 info 接口请求成功
2023-03-09 18:54:37 info 请求返回数据:{'status': 10104, 'message': 'username or password error', 'data': []}
2023-03-09 18:54:37 info 开始校验status  10104==10104
2023-03-09 18:54:37 info 数据校验完成
2023-03-09 18:54:37 info 开始校验message  username or password error==username or password error
2023-03-09 18:54:37 info 数据校验完成
2023-03-09 18:54:37 info 开始校验data  []==[]
2023-03-09 18:54:37 info 数据校验完成
2023-03-09 18:54:37 info 

2023-03-09 18:54:37 info 开始执行用例,标题:正常登录成功
2023-03-09 18:54:37 info 读取用例中数据
2023-03-09 18:54:37 info URL读取成功,URL:http://127.0.0.1:8000/api/login
2023-03-09 18:54:37 info 接口传值:{'username': 'root', 'password': 123}
2023-03-09 18:54:37 info 请求方式:post
2023-03-09 18:54:37 info 开始请求接口
2023-03-09 18:54:37 info 接口请求成功
2023-03-09 18:54:37 info 请求返回数据:{'status': 10104, 'message': 'username or password error', 'data': []}
2023-03-09 18:54:37 info 开始校验status  10200==10104
2023-03-09 18:54:37 error 校验失败!
2023-03-09 18:54:37 info 开始校验message  login success==username or password error
2023-03-09 18:54:37 error 校验失败!
2023-03-09 18:54:37 info 开始校验data  []==[]
2023-03-09 18:54:37 info 数据校验完成
2023-03-09 18:54:37 info 

2023-03-09 18:54:37 info 开始执行用例,标题:密码错误
2023-03-09 18:54:37 info 读取用例中数据
2023-03-09 18:54:37 info URL读取成功,URL:http://127.0.0.1:8000/api/login
2023-03-09 18:54:37 info 接口传值:{'username': 'root', 'password': 1234}
2023-03-09 18:54:37 info 请求方式:post
2023-03-09 18:54:37 info 开始请求接口
2023-03-09 18:54:37 info 接口请求成功
2023-03-09 18:54:37 info 请求返回数据:{'status': 10104, 'message': 'username or password error', 'data': []}
2023-03-09 18:54:37 info 开始校验status  10104==10104
2023-03-09 18:54:37 info 数据校验完成
2023-03-09 18:54:37 info 开始校验message  username or password error==username or password error
2023-03-09 18:54:37 info 数据校验完成
2023-03-09 18:54:37 info 开始校验data  []==[]
2023-03-09 18:54:37 info 数据校验完成
2023-03-09 18:54:37 info 

2023-03-09 18:54:37 info 开始执行用例,标题:密码错误
2023-03-09 18:54:37 info 读取用例中数据
2023-03-09 18:54:37 info URL读取成功,URL:http://127.0.0.1:8000/api/login
2023-03-09 18:54:37 info 接口传值:{'username': 'root', 'password': 1234}
2023-03-09 18:54:37 info 请求方式:post
2023-03-09 18:54:37 info 开始请求接口
2023-03-09 18:54:37 info 接口请求成功
2023-03-09 18:54:37 info 请求返回数据:{'status': 10104, 'message': 'username or password error', 'data': []}
2023-03-09 18:54:37 info 开始校验status  10104==10104
2023-03-09 18:54:37 info 数据校验完成
2023-03-09 18:54:37 info 开始校验message  username or password error==username or password error
2023-03-09 18:54:37 info 数据校验完成
2023-03-09 18:54:37 info 开始校验data  []==[]
2023-03-09 18:54:37 info 数据校验完成
2023-03-09 18:54:37 info 

2023-03-09 18:54:37 info 开始执行用例,标题:密码错误
2023-03-09 18:54:37 info 读取用例中数据
2023-03-09 18:54:37 info URL读取成功,URL:http://127.0.0.1:8000/api/login
2023-03-09 18:54:37 info 接口传值:{'username': 'root', 'password': 1234}
2023-03-09 18:54:37 info 请求方式:post
2023-03-09 18:54:37 info 开始请求接口
2023-03-09 18:54:37 info 接口请求成功
2023-03-09 18:54:37 info 请求返回数据:{'status': 10104, 'message': 'username or password error', 'data': []}
2023-03-09 18:54:37 info 开始校验status  10104==10104
2023-03-09 18:54:37 info 数据校验完成
2023-03-09 18:54:37 info 开始校验message  username or password error==username or password error
2023-03-09 18:54:37 info 数据校验完成
2023-03-09 18:54:37 info 开始校验data  []==[]
2023-03-09 18:54:37 info 数据校验完成
2023-03-09 18:54:37 info 

2023-03-09 18:54:37 info 开始执行用例,标题:密码为空
2023-03-09 18:54:37 info 读取用例中数据
2023-03-09 18:54:37 info URL读取成功,URL:http://127.0.0.1:8000/api/login
2023-03-09 18:54:37 info 接口传值:{'username': 'root', 'password': None}
2023-03-09 18:54:37 info 请求方式:post
2023-03-09 18:54:37 info 开始请求接口
2023-03-09 18:54:37 info 接口请求成功
2023-03-09 18:54:37 info 请求返回数据:{'status': 10102, 'message': 'username or passwrord is None', 'data': []}
2023-03-09 18:54:37 info 开始校验status  10102==10102
2023-03-09 18:54:37 info 数据校验完成
2023-03-09 18:54:37 info 开始校验message  username or passwrord is None==username or passwrord is None
2023-03-09 18:54:37 info 数据校验完成
2023-03-09 18:54:37 info 开始校验data  []==[]
2023-03-09 18:54:37 info 数据校验完成
2023-03-09 18:54:37 info 

2023-03-09 18:54:37 info 开始执行用例,标题:密码错误
2023-03-09 18:54:37 info 读取用例中数据
2023-03-09 18:54:37 info URL读取成功,URL:http://127.0.0.1:8000/api/login
2023-03-09 18:54:37 info 接口传值:{'username': 'root', 'password': 1234}
2023-03-09 18:54:37 info 请求方式:post
2023-03-09 18:54:37 info 开始请求接口
2023-03-09 18:54:37 info 接口请求成功
2023-03-09 18:54:37 info 请求返回数据:{'status': 10104, 'message': 'username or password error', 'data': []}
2023-03-09 18:54:37 info 开始校验status  10104==10104
2023-03-09 18:54:37 info 数据校验完成
2023-03-09 18:54:37 info 开始校验message  username or password error==username or password error
2023-03-09 18:54:37 info 数据校验完成
2023-03-09 18:54:37 info 开始校验data  []==[]
2023-03-09 18:54:37 info 数据校验完成
2023-03-09 18:54:37 info 

2023-03-09 18:54:37 info 开始执行用例,标题:密码错误
2023-03-09 18:54:37 info 读取用例中数据
2023-03-09 18:54:37 info URL读取成功,URL:http://127.0.0.1:8000/api/login
2023-03-09 18:54:37 info 接口传值:{'username': 'root', 'password': 1234}
2023-03-09 18:54:37 info 请求方式:post
2023-03-09 18:54:37 info 开始请求接口
2023-03-09 18:54:37 info 接口请求成功
2023-03-09 18:54:37 info 请求返回数据:{'status': 10104, 'message': 'username or password error', 'data': []}
2023-03-09 18:54:37 info 开始校验status  10104==10104
2023-03-09 18:54:37 info 数据校验完成
2023-03-09 18:54:37 info 开始校验message  username or password error==username or password error
2023-03-09 18:54:37 info 数据校验完成
2023-03-09 18:54:37 info 开始校验data  []==[]
2023-03-09 18:54:38 info 数据校验完成
2023-03-09 18:54:38 info 

2023-03-09 18:54:37 info 开始执行用例,标题:多参
2023-03-09 18:54:37 info 读取用例中数据
2023-03-09 18:54:37 info URL读取成功,URL:http://127.0.0.1:8000/api/login
2023-03-09 18:54:37 info 接口传值:{'username': 'root', 'password': 123, 'pass': 123}
2023-03-09 18:54:37 info 请求方式:post
2023-03-09 18:54:37 info 开始请求接口
2023-03-09 18:54:37 info 接口请求成功
2023-03-09 18:54:37 info 请求返回数据:{'status': 10104, 'message': 'username or password error', 'data': []}
2023-03-09 18:54:37 info 开始校验status  10200==10104
2023-03-09 18:54:37 error 校验失败!
2023-03-09 18:54:37 info 开始校验message  login success==username or password error
2023-03-09 18:54:37 error 校验失败!
2023-03-09 18:54:37 info 开始校验data  []==[]
2023-03-09 18:54:38 info 数据校验完成
2023-03-09 18:54:38 info 

2023-03-09 18:54:38 info 开始执行用例,标题:密码错误
2023-03-09 18:54:38 info 读取用例中数据
2023-03-09 18:54:38 info URL读取成功,URL:http://127.0.0.1:8000/api/login
2023-03-09 18:54:38 info 接口传值:{'username': 'root', 'password': 1234}
2023-03-09 18:54:38 info 请求方式:post
2023-03-09 18:54:38 info 开始请求接口
2023-03-09 18:54:38 info 接口请求成功
2023-03-09 18:54:38 info 请求返回数据:{'status': 10104, 'message': 'username or password error', 'data': []}
2023-03-09 18:54:38 info 开始校验status  10104==10104
2023-03-09 18:54:38 info 数据校验完成
2023-03-09 18:54:38 info 开始校验message  username or password error==username or password error
2023-03-09 18:54:38 info 数据校验完成
2023-03-09 18:54:38 info 开始校验data  []==[]
2023-03-09 18:54:38 info 数据校验完成
2023-03-09 18:54:38 info 

2023-03-09 18:54:38 info 开始执行用例,标题:多参
2023-03-09 18:54:38 info 读取用例中数据
2023-03-09 18:54:38 info URL读取成功,URL:http://127.0.0.1:8000/api/login
2023-03-09 18:54:38 info 接口传值:{'username': 'root', 'password': 123, 'pass': 123}
2023-03-09 18:54:38 info 请求方式:post
2023-03-09 18:54:38 info 开始请求接口
2023-03-09 18:54:38 info 接口请求成功
2023-03-09 18:54:38 info 请求返回数据:{'status': 10104, 'message': 'username or password error', 'data': []}
2023-03-09 18:54:38 info 开始校验status  10200==10104
2023-03-09 18:54:38 error 校验失败!
2023-03-09 18:54:38 info 开始校验message  login success==username or password error
2023-03-09 18:54:38 error 校验失败!
2023-03-09 18:54:38 info 开始校验data  []==[]
2023-03-09 18:54:38 info 数据校验完成
2023-03-09 18:54:38 info 

2023-03-09 18:54:38 info 开始执行用例,标题:密码错误
2023-03-09 18:54:38 info 读取用例中数据
2023-03-09 18:54:38 info URL读取成功,URL:http://127.0.0.1:8000/api/login
2023-03-09 18:54:38 info 接口传值:{'username': 'root', 'password': 1234}
2023-03-09 18:54:38 info 请求方式:post
2023-03-09 18:54:38 info 开始请求接口
2023-03-09 18:54:38 info 接口请求成功
2023-03-09 18:54:38 info 请求返回数据:{'status': 10104, 'message': 'username or password error', 'data': []}
2023-03-09 18:54:38 info 开始校验status  10104==10104
2023-03-09 18:54:38 info 数据校验完成
2023-03-09 18:54:38 info 开始校验message  username or password error==username or password error
2023-03-09 18:54:38 info 数据校验完成
2023-03-09 18:54:38 info 开始校验data  []==[]
2023-03-09 18:54:38 info 数据校验完成
2023-03-09 18:54:38 info 

2023-03-09 18:54:38 info 开始执行用例,标题:少参
2023-03-09 18:54:38 info 读取用例中数据
2023-03-09 18:54:38 info URL读取成功,URL:http://127.0.0.1:8000/api/login
2023-03-09 18:54:38 info 接口传值:{'username': 'root'}
2023-03-09 18:54:38 info 请求方式:post
2023-03-09 18:54:38 info 开始请求接口
2023-03-09 18:54:38 info 接口请求成功
2023-03-09 18:54:38 info 请求返回数据:{'status': 10102, 'message': 'username or passwrord is None', 'data': []}
2023-03-09 18:54:38 info 开始校验status  10102==10102
2023-03-09 18:54:38 info 数据校验完成
2023-03-09 18:54:38 info 开始校验message  username or passwrord is None==username or passwrord is None
2023-03-09 18:54:38 info 数据校验完成
2023-03-09 18:54:38 info 开始校验data  []==[]
2023-03-09 18:54:38 info 数据校验完成
2023-03-09 18:54:38 info 

2023-03-09 18:54:38 info 开始执行用例,标题:密码错误
2023-03-09 18:54:38 info 读取用例中数据
2023-03-09 18:54:38 info URL读取成功,URL:http://127.0.0.1:8000/api/login
2023-03-09 18:54:38 info 接口传值:{'username': 'root', 'password': 1234}
2023-03-09 18:54:38 info 请求方式:post
2023-03-09 18:54:38 info 开始请求接口
2023-03-09 18:54:38 info 接口请求成功
2023-03-09 18:54:38 info 请求返回数据:{'status': 10104, 'message': 'username or password error', 'data': []}
2023-03-09 18:54:38 info 开始校验status  10104==10104
2023-03-09 18:54:38 info 数据校验完成
2023-03-09 18:54:38 info 开始校验message  username or password error==username or password error
2023-03-09 18:54:38 info 数据校验完成
2023-03-09 18:54:38 info 开始校验data  []==[]
2023-03-09 18:54:38 info 数据校验完成
2023-03-09 18:54:38 info 

2023-03-09 18:54:38 info 开始执行用例,标题:少参
2023-03-09 18:54:38 info 读取用例中数据
2023-03-09 18:54:38 info URL读取成功,URL:http://127.0.0.1:8000/api/login
2023-03-09 18:54:38 info 接口传值:{'username': 'root'}
2023-03-09 18:54:38 info 请求方式:post
2023-03-09 18:54:38 info 开始请求接口
2023-03-09 18:54:38 info 接口请求成功
2023-03-09 18:54:38 info 请求返回数据:{'status': 10102, 'message': 'username or passwrord is None', 'data': []}
2023-03-09 18:54:38 info 开始校验status  10102==10102
2023-03-09 18:54:38 info 数据校验完成
2023-03-09 18:54:38 info 开始校验message  username or passwrord is None==username or passwrord is None
2023-03-09 18:54:38 info 数据校验完成
2023-03-09 18:54:38 info 开始校验data  []==[]
2023-03-09 18:54:38 info 数据校验完成
2023-03-09 18:54:38 info 

2023-03-09 18:54:38 info 开始执行用例,标题:密码错误
2023-03-09 18:54:38 info 读取用例中数据
2023-03-09 18:54:38 info URL读取成功,URL:http://127.0.0.1:8000/api/login
2023-03-09 18:54:38 info 接口传值:{'username': 'root', 'password': 1234}
2023-03-09 18:54:38 info 请求方式:post
2023-03-09 18:54:38 info 开始请求接口
2023-03-09 18:54:38 info 接口请求成功
2023-03-09 18:54:38 info 请求返回数据:{'status': 10104, 'message': 'username or password error', 'data': []}
2023-03-09 18:54:38 info 开始校验status  10104==10104
2023-03-09 18:54:38 info 数据校验完成
2023-03-09 18:54:38 info 开始校验message  username or password error==username or password error
2023-03-09 18:54:38 info 数据校验完成
2023-03-09 18:54:38 info 开始校验data  []==[]
2023-03-09 18:54:38 info 数据校验完成
2023-03-09 18:54:38 info 

2023-03-09 18:54:38 info 开始执行用例,标题:少参
2023-03-09 18:54:38 info 读取用例中数据
2023-03-09 18:54:38 info URL读取成功,URL:http://127.0.0.1:8000/api/login
2023-03-09 18:54:38 info 接口传值:{'username': 'root'}
2023-03-09 18:54:38 info 请求方式:post
2023-03-09 18:54:38 info 开始请求接口
2023-03-09 18:54:38 info 接口请求成功
2023-03-09 18:54:38 info 请求返回数据:{'status': 10102, 'message': 'username or passwrord is None', 'data': []}
2023-03-09 18:54:38 info 开始校验status  10102==10102
2023-03-09 18:54:38 info 数据校验完成
2023-03-09 18:54:38 info 开始校验message  username or passwrord is None==username or passwrord is None
2023-03-09 18:54:38 info 数据校验完成
2023-03-09 18:54:38 info 开始校验data  []==[]
2023-03-09 18:54:38 info 数据校验完成
2023-03-09 18:54:38 info 

2023-03-09 18:54:38 info 开始执行用例,标题:密码错误
2023-03-09 18:54:38 info 读取用例中数据
2023-03-09 18:54:38 info URL读取成功,URL:http://127.0.0.1:8000/api/login
2023-03-09 18:54:38 info 接口传值:{'username': 'root', 'password': 1234}
2023-03-09 18:54:38 info 请求方式:post
2023-03-09 18:54:38 info 开始请求接口
2023-03-09 18:54:38 info 接口请求成功
2023-03-09 18:54:38 info 请求返回数据:{'status': 10104, 'message': 'username or password error', 'data': []}
2023-03-09 18:54:38 info 开始校验status  10104==10104
2023-03-09 18:54:38 info 数据校验完成
2023-03-09 18:54:38 info 开始校验message  username or password error==username or password error
2023-03-09 18:54:38 info 数据校验完成
2023-03-09 18:54:38 info 开始校验data  []==[]
2023-03-09 18:54:38 info 数据校验完成
2023-03-09 18:54:38 info 

2023-03-09 18:54:38 info 开始执行用例,标题:少参
2023-03-09 18:54:38 info 读取用例中数据
2023-03-09 18:54:38 info URL读取成功,URL:http://127.0.0.1:8000/api/login
2023-03-09 18:54:38 info 接口传值:{'password': 'root'}
2023-03-09 18:54:38 info 请求方式:post
2023-03-09 18:54:38 info 开始请求接口
2023-03-09 18:54:38 info 接口请求成功
2023-03-09 18:54:38 info 请求返回数据:{'status': 10102, 'message': 'username or passwrord is None', 'data': []}
2023-03-09 18:54:38 info 开始校验status  1010==10102
2023-03-09 18:54:38 error 校验失败!
2023-03-09 18:54:38 info 开始校验message  username or passwrord is None==username or passwrord is None
2023-03-09 18:54:38 info 数据校验完成
2023-03-09 18:54:38 info 开始校验data  []==[]
2023-03-09 18:54:38 info 数据校验完成
2023-03-09 18:54:38 info 

2023-03-09 18:54:38 info 开始执行用例,标题:密码错误
2023-03-09 18:54:38 info 读取用例中数据
2023-03-09 18:54:38 info URL读取成功,URL:http://127.0.0.1:8000/api/login
2023-03-09 18:54:38 info 接口传值:{'username': 'root', 'password': 1234}
2023-03-09 18:54:38 info 请求方式:post
2023-03-09 18:54:38 info 开始请求接口
2023-03-09 18:54:38 info 接口请求成功
2023-03-09 18:54:38 info 请求返回数据:{'status': 10104, 'message': 'username or password error', 'data': []}
2023-03-09 18:54:38 info 开始校验status  10104==10104
2023-03-09 18:54:38 info 数据校验完成
2023-03-09 18:54:38 info 开始校验message  username or password error==username or password error
2023-03-09 18:54:38 info 数据校验完成
2023-03-09 18:54:38 info 开始校验data  []==[]
2023-03-09 18:54:38 info 数据校验完成
2023-03-09 18:54:38 info 

2023-03-09 18:54:38 info 开始执行用例,标题:密码错误
2023-03-09 18:54:38 info 读取用例中数据
2023-03-09 18:54:38 info URL读取成功,URL:http://127.0.0.1:8000/api/login
2023-03-09 18:54:38 info 接口传值:{'username': 'root', 'password': 1234}
2023-03-09 18:54:38 info 请求方式:post
2023-03-09 18:54:38 info 开始请求接口
2023-03-09 18:54:38 info 接口请求成功
2023-03-09 18:54:38 info 请求返回数据:{'status': 10104, 'message': 'username or password error', 'data': []}
2023-03-09 18:54:38 info 开始校验status  10104==10104
2023-03-09 18:54:38 info 数据校验完成
2023-03-09 18:54:38 info 开始校验message  username or password error==username or password error
2023-03-09 18:54:38 info 数据校验完成
2023-03-09 18:54:38 info 开始校验data  []==[]
2023-03-09 18:54:38 info 数据校验完成
2023-03-09 18:54:38 info 

2023-03-09 18:54:38 info 开始执行用例,标题:少参
2023-03-09 18:54:38 info 读取用例中数据
2023-03-09 18:54:38 info URL读取成功,URL:http://127.0.0.1:8000/api/login
2023-03-09 18:54:38 info 接口传值:{'password': 'root'}
2023-03-09 18:54:38 info 请求方式:post
2023-03-09 18:54:38 info 开始请求接口
2023-03-09 18:54:38 info 接口请求成功
2023-03-09 18:54:38 info 请求返回数据:{'status': 10102, 'message': 'username or passwrord is None', 'data': []}
2023-03-09 18:54:38 info 开始校验status  1010==10102
2023-03-09 18:54:38 error 校验失败!
2023-03-09 18:54:38 info 开始校验message  username or passwrord is None==username or passwrord is None
2023-03-09 18:54:38 info 数据校验完成
2023-03-09 18:54:38 info 开始校验data  []==[]
2023-03-09 18:54:38 info 数据校验完成
2023-03-09 18:54:38 info 

2023-03-09 18:54:38 info 开始执行用例,标题:密码错误
2023-03-09 18:54:38 info 读取用例中数据
2023-03-09 18:54:38 info URL读取成功,URL:http://127.0.0.1:8000/api/login
2023-03-09 18:54:38 info 接口传值:{'username': 'root', 'password': 1234}
2023-03-09 18:54:38 info 请求方式:post
2023-03-09 18:54:38 info 开始请求接口
2023-03-09 18:54:38 info 接口请求成功
2023-03-09 18:54:38 info 请求返回数据:{'status': 10104, 'message': 'username or password error', 'data': []}
2023-03-09 18:54:38 info 开始校验status  10104==10104
2023-03-09 18:54:38 info 数据校验完成
2023-03-09 18:54:38 info 开始校验message  username or password error==username or password error
2023-03-09 18:54:38 info 数据校验完成
2023-03-09 18:54:38 info 开始校验data  []==[]
2023-03-09 18:54:39 info 数据校验完成
2023-03-09 18:54:39 info 

2023-03-09 18:54:38 info 开始执行用例,标题:密码错误
2023-03-09 18:54:38 info 读取用例中数据
2023-03-09 18:54:38 info URL读取成功,URL:http://127.0.0.1:8000/api/login
2023-03-09 18:54:38 info 接口传值:{'username': 'root', 'password': 1234}
2023-03-09 18:54:38 info 请求方式:post
2023-03-09 18:54:38 info 开始请求接口
2023-03-09 18:54:38 info 接口请求成功
2023-03-09 18:54:38 info 请求返回数据:{'status': 10104, 'message': 'username or password error', 'data': []}
2023-03-09 18:54:38 info 开始校验status  10104==10104
2023-03-09 18:54:38 info 数据校验完成
2023-03-09 18:54:38 info 开始校验message  username or password error==username or password error
2023-03-09 18:54:38 info 数据校验完成
2023-03-09 18:54:38 info 开始校验data  []==[]
2023-03-09 18:54:39 info 数据校验完成
2023-03-09 18:54:39 info 

2023-03-09 18:54:39 info 开始执行用例,标题:密码错误
2023-03-09 18:54:39 info 读取用例中数据
2023-03-09 18:54:39 info URL读取成功,URL:http://127.0.0.1:8000/api/login
2023-03-09 18:54:39 info 接口传值:{'username': 'root', 'password': 1234}
2023-03-09 18:54:39 info 请求方式:post
2023-03-09 18:54:39 info 开始请求接口
2023-03-09 18:54:39 info 接口请求成功
2023-03-09 18:54:39 info 请求返回数据:{'status': 10104, 'message': 'username or password error', 'data': []}
2023-03-09 18:54:39 info 开始校验status  10104==10104
2023-03-09 18:54:39 info 数据校验完成
2023-03-09 18:54:39 info 开始校验message  username or password error==username or password error
2023-03-09 18:54:39 info 数据校验完成
2023-03-09 18:54:39 info 开始校验data  []==[]
2023-03-09 18:54:39 info 数据校验完成
2023-03-09 18:54:39 info 

2023-03-09 18:54:39 info 开始执行用例,标题:密码错误
2023-03-09 18:54:39 info 读取用例中数据
2023-03-09 18:54:39 info URL读取成功,URL:http://127.0.0.1:8000/api/login
2023-03-09 18:54:39 info 接口传值:{'username': 'root', 'password': 1234}
2023-03-09 18:54:39 info 请求方式:post
2023-03-09 18:54:39 info 开始请求接口
2023-03-09 18:54:39 info 接口请求成功
2023-03-09 18:54:39 info 请求返回数据:{'status': 10104, 'message': 'username or password error', 'data': []}
2023-03-09 18:54:39 info 开始校验status  10104==10104
2023-03-09 18:54:39 info 数据校验完成
2023-03-09 18:54:39 info 开始校验message  username or password error==username or password error
2023-03-09 18:54:39 info 数据校验完成
2023-03-09 18:54:39 info 开始校验data  []==[]
2023-03-09 18:54:39 info 数据校验完成
2023-03-09 18:54:39 info 

2023-03-09 18:54:39 info 开始执行用例,标题:密码错误
2023-03-09 18:54:39 info 读取用例中数据
2023-03-09 18:54:39 info URL读取成功,URL:http://127.0.0.1:8000/api/login
2023-03-09 18:54:39 info 接口传值:{'username': 'root', 'password': 1234}
2023-03-09 18:54:39 info 请求方式:post
2023-03-09 18:54:39 info 开始请求接口
2023-03-09 18:54:39 info 接口请求成功
2023-03-09 18:54:39 info 请求返回数据:{'status': 10104, 'message': 'username or password error', 'data': []}
2023-03-09 18:54:39 info 开始校验status  10104==10104
2023-03-09 18:54:39 info 数据校验完成
2023-03-09 18:54:39 info 开始校验message  username or password error==username or password error
2023-03-09 18:54:39 info 数据校验完成
2023-03-09 18:54:39 info 开始校验data  []==[]
2023-03-09 18:54:39 info 数据校验完成
2023-03-09 18:54:39 info 

2023-03-09 18:54:39 info 开始执行用例,标题:密码错误
2023-03-09 18:54:39 info 读取用例中数据
2023-03-09 18:54:39 info URL读取成功,URL:http://127.0.0.1:8000/api/login
2023-03-09 18:54:39 info 接口传值:{'username': 'root', 'password': 1234}
2023-03-09 18:54:39 info 请求方式:post
2023-03-09 18:54:39 info 开始请求接口
2023-03-09 18:54:39 info 接口请求成功
2023-03-09 18:54:39 info 请求返回数据:{'status': 10104, 'message': 'username or password error', 'data': []}
2023-03-09 18:54:39 info 开始校验status  10104==10104
2023-03-09 18:54:39 info 数据校验完成
2023-03-09 18:54:39 info 开始校验message  username or password error==username or password error
2023-03-09 18:54:39 info 数据校验完成
2023-03-09 18:54:39 info 开始校验data  []==[]
2023-03-09 18:54:39 info 数据校验完成
2023-03-09 18:54:39 info 

2023-03-09 18:54:39 info 开始执行用例,标题:密码错误
2023-03-09 18:54:39 info 读取用例中数据
2023-03-09 18:54:39 info URL读取成功,URL:http://127.0.0.1:8000/api/login
2023-03-09 18:54:39 info 接口传值:{'username': 'root', 'password': 1234}
2023-03-09 18:54:39 info 请求方式:post
2023-03-09 18:54:39 info 开始请求接口
2023-03-09 18:54:39 info 接口请求成功
2023-03-09 18:54:39 info 请求返回数据:{'status': 10104, 'message': 'username or password error', 'data': []}
2023-03-09 18:54:39 info 开始校验status  10104==10104
2023-03-09 18:54:39 info 数据校验完成
2023-03-09 18:54:39 info 开始校验message  username or password error==username or password error
2023-03-09 18:54:39 info 数据校验完成
2023-03-09 18:54:39 info 开始校验data  []==[]
2023-03-09 18:54:39 info 数据校验完成
2023-03-09 18:54:39 info 

2023-03-09 18:54:39 info 开始执行用例,标题:密码错误
2023-03-09 18:54:39 info 读取用例中数据
2023-03-09 18:54:39 info URL读取成功,URL:http://127.0.0.1:8000/api/login
2023-03-09 18:54:39 info 接口传值:{'username': 'root', 'password': 1234}
2023-03-09 18:54:39 info 请求方式:post
2023-03-09 18:54:39 info 开始请求接口
2023-03-09 18:54:39 info 接口请求成功
2023-03-09 18:54:39 info 请求返回数据:{'status': 10104, 'message': 'username or password error', 'data': []}
2023-03-09 18:54:39 info 开始校验status  10104==10104
2023-03-09 18:54:39 info 数据校验完成
2023-03-09 18:54:39 info 开始校验message  username or password error==username or password error
2023-03-09 18:54:39 info 数据校验完成
2023-03-09 18:54:39 info 开始校验data  []==[]
2023-03-09 18:54:39 info 数据校验完成
2023-03-09 18:54:39 info 

2023-03-09 18:54:39 info 开始执行用例,标题:密码错误
2023-03-09 18:54:39 info 读取用例中数据
2023-03-09 18:54:39 info URL读取成功,URL:http://127.0.0.1:8000/api/login
2023-03-09 18:54:39 info 接口传值:{'username': 'root', 'password': 1234}
2023-03-09 18:54:39 info 请求方式:post
2023-03-09 18:54:39 info 开始请求接口
2023-03-09 18:54:39 info 接口请求成功
2023-03-09 18:54:39 info 请求返回数据:{'status': 10104, 'message': 'username or password error', 'data': []}
2023-03-09 18:54:39 info 开始校验status  10104==10104
2023-03-09 18:54:39 info 数据校验完成
2023-03-09 18:54:39 info 开始校验message  username or password error==username or password error
2023-03-09 18:54:39 info 数据校验完成
2023-03-09 18:54:39 info 开始校验data  []==[]
2023-03-09 18:54:39 info 数据校验完成
2023-03-09 18:54:39 info 

2023-03-09 18:54:39 info 开始执行用例,标题:密码错误
2023-03-09 18:54:39 info 读取用例中数据
2023-03-09 18:54:39 info URL读取成功,URL:http://127.0.0.1:8000/api/login
2023-03-09 18:54:39 info 接口传值:{'username': 'root', 'password': 1234}
2023-03-09 18:54:39 info 请求方式:post
2023-03-09 18:54:39 info 开始请求接口
2023-03-09 18:54:39 info 接口请求成功
2023-03-09 18:54:39 info 请求返回数据:{'status': 10104, 'message': 'username or password error', 'data': []}
2023-03-09 18:54:39 info 开始校验status  10104==10104
2023-03-09 18:54:39 info 数据校验完成
2023-03-09 18:54:39 info 开始校验message  username or password error==username or password error
2023-03-09 18:54:39 info 数据校验完成
2023-03-09 18:54:39 info 开始校验data  []==[]
2023-03-09 18:54:39 info 数据校验完成
2023-03-09 18:54:39 info 

2023-03-09 18:54:39 info 开始执行用例,标题:密码错误
2023-03-09 18:54:39 info 读取用例中数据
2023-03-09 18:54:39 info URL读取成功,URL:http://127.0.0.1:8000/api/login
2023-03-09 18:54:39 info 接口传值:{'username': 'root', 'password': 1234}
2023-03-09 18:54:39 info 请求方式:post
2023-03-09 18:54:39 info 开始请求接口
2023-03-09 18:54:39 info 接口请求成功
2023-03-09 18:54:39 info 请求返回数据:{'status': 10104, 'message': 'username or password error', 'data': []}
2023-03-09 18:54:39 info 开始校验status  10104==10104
2023-03-09 18:54:39 info 数据校验完成
2023-03-09 18:54:39 info 开始校验message  username or password error==username or password error
2023-03-09 18:54:39 info 数据校验完成
2023-03-09 18:54:39 info 开始校验data  []==[]
2023-03-09 18:54:39 info 数据校验完成
2023-03-09 18:54:39 info 

2023-03-09 18:54:39 info 开始执行用例,标题:密码错误
2023-03-09 18:54:39 info 读取用例中数据
2023-03-09 18:54:39 info URL读取成功,URL:http://127.0.0.1:8000/api/login
2023-03-09 18:54:39 info 接口传值:{'username': 'root', 'password': 1234}
2023-03-09 18:54:39 info 请求方式:post
2023-03-09 18:54:39 info 开始请求接口
2023-03-09 18:54:39 info 接口请求成功
2023-03-09 18:54:39 info 请求返回数据:{'status': 10104, 'message': 'username or password error', 'data': []}
2023-03-09 18:54:39 info 开始校验status  10104==10104
2023-03-09 18:54:39 info 数据校验完成
2023-03-09 18:54:39 info 开始校验message  username or password error==username or password error
2023-03-09 18:54:39 info 数据校验完成
2023-03-09 18:54:39 info 开始校验data  []==[]
2023-03-09 18:54:39 info 数据校验完成
2023-03-09 18:54:39 info 

2023-03-09 18:54:39 info 开始执行用例,标题:密码错误
2023-03-09 18:54:39 info 读取用例中数据
2023-03-09 18:54:39 info URL读取成功,URL:http://127.0.0.1:8000/api/login
2023-03-09 18:54:39 info 接口传值:{'username': 'root', 'password': 1234}
2023-03-09 18:54:39 info 请求方式:post
2023-03-09 18:54:39 info 开始请求接口
2023-03-09 18:54:39 info 接口请求成功
2023-03-09 18:54:39 info 请求返回数据:{'status': 10104, 'message': 'username or password error', 'data': []}
2023-03-09 18:54:39 info 开始校验status  10104==10104
2023-03-09 18:54:39 info 数据校验完成
2023-03-09 18:54:39 info 开始校验message  username or password error==username or password error
2023-03-09 18:54:39 info 数据校验完成
2023-03-09 18:54:39 info 开始校验data  []==[]
2023-03-09 18:54:39 info 数据校验完成
2023-03-09 18:54:39 info 

2023-03-09 18:54:39 info 开始执行用例,标题:密码错误
2023-03-09 18:54:39 info 读取用例中数据
2023-03-09 18:54:39 info URL读取成功,URL:http://127.0.0.1:8000/api/login
2023-03-09 18:54:39 info 接口传值:{'username': 'root', 'password': 1234}
2023-03-09 18:54:39 info 请求方式:post
2023-03-09 18:54:39 info 开始请求接口
2023-03-09 18:54:39 info 接口请求成功
2023-03-09 18:54:39 info 请求返回数据:{'status': 10104, 'message': 'username or password error', 'data': []}
2023-03-09 18:54:39 info 开始校验status  10104==10104
2023-03-09 18:54:39 info 数据校验完成
2023-03-09 18:54:39 info 开始校验message  username or password error==username or password error
2023-03-09 18:54:39 info 数据校验完成
2023-03-09 18:54:39 info 开始校验data  []==[]
2023-03-09 18:54:39 info 数据校验完成
2023-03-09 18:54:39 info 

2023-03-09 18:54:39 info 开始执行用例,标题:密码错误
2023-03-09 18:54:39 info 读取用例中数据
2023-03-09 18:54:39 info URL读取成功,URL:http://127.0.0.1:8000/api/login
2023-03-09 18:54:39 info 接口传值:{'username': 'root', 'password': 1234}
2023-03-09 18:54:39 info 请求方式:post
2023-03-09 18:54:39 info 开始请求接口
2023-03-09 18:54:39 info 接口请求成功
2023-03-09 18:54:39 info 请求返回数据:{'status': 10104, 'message': 'username or password error', 'data': []}
2023-03-09 18:54:39 info 开始校验status  10104==10104
2023-03-09 18:54:39 info 数据校验完成
2023-03-09 18:54:39 info 开始校验message  username or password error==username or password error
2023-03-09 18:54:39 info 数据校验完成
2023-03-09 18:54:39 info 开始校验data  []==[]
2023-03-09 18:54:39 info 数据校验完成
2023-03-09 18:54:39 info 

2023-03-09 18:54:39 info 开始执行用例,标题:密码错误
2023-03-09 18:54:39 info 读取用例中数据
2023-03-09 18:54:39 info URL读取成功,URL:http://127.0.0.1:8000/api/login
2023-03-09 18:54:39 info 接口传值:{'username': 'root', 'password': 1234}
2023-03-09 18:54:39 info 请求方式:post
2023-03-09 18:54:39 info 开始请求接口
2023-03-09 18:54:39 info 接口请求成功
2023-03-09 18:54:39 info 请求返回数据:{'status': 10104, 'message': 'username or password error', 'data': []}
2023-03-09 18:54:39 info 开始校验status  10104==10104
2023-03-09 18:54:39 info 数据校验完成
2023-03-09 18:54:39 info 开始校验message  username or password error==username or password error
2023-03-09 18:54:39 info 数据校验完成
2023-03-09 18:54:39 info 开始校验data  []==[]
2023-03-09 18:54:39 info 数据校验完成
2023-03-09 18:54:39 info 

2023-03-09 18:54:39 info 开始执行用例,标题:密码错误
2023-03-09 18:54:39 info 读取用例中数据
2023-03-09 18:54:39 info URL读取成功,URL:http://127.0.0.1:8000/api/login
2023-03-09 18:54:39 info 接口传值:{'username': 'root', 'password': 1234}
2023-03-09 18:54:39 info 请求方式:post
2023-03-09 18:54:39 info 开始请求接口
2023-03-09 18:54:39 info 接口请求成功
2023-03-09 18:54:39 info 请求返回数据:{'status': 10104, 'message': 'username or password error', 'data': []}
2023-03-09 18:54:39 info 开始校验status  10104==10104
2023-03-09 18:54:39 info 数据校验完成
2023-03-09 18:54:39 info 开始校验message  username or password error==username or password error
2023-03-09 18:54:39 info 数据校验完成
2023-03-09 18:54:39 info 开始校验data  []==[]
2023-03-09 18:54:39 info 数据校验完成
2023-03-09 18:54:39 info 

2023-03-09 18:54:39 info 开始执行用例,标题:密码错误
2023-03-09 18:54:39 info 读取用例中数据
2023-03-09 18:54:39 info URL读取成功,URL:http://127.0.0.1:8000/api/login
2023-03-09 18:54:39 info 接口传值:{'username': 'root', 'password': 1234}
2023-03-09 18:54:39 info 请求方式:post
2023-03-09 18:54:39 info 开始请求接口
2023-03-09 18:54:39 info 接口请求成功
2023-03-09 18:54:39 info 请求返回数据:{'status': 10104, 'message': 'username or password error', 'data': []}
2023-03-09 18:54:39 info 开始校验status  10104==10104
2023-03-09 18:54:39 info 数据校验完成
2023-03-09 18:54:39 info 开始校验message  username or password error==username or password error
2023-03-09 18:54:39 info 数据校验完成
2023-03-09 18:54:39 info 开始校验data  []==[]
2023-03-09 18:54:39 info 数据校验完成
2023-03-09 18:54:39 info 

2023-03-09 18:54:39 info 开始执行用例,标题:密码错误
2023-03-09 18:54:39 info 读取用例中数据
2023-03-09 18:54:39 info URL读取成功,URL:http://127.0.0.1:8000/api/login
2023-03-09 18:54:39 info 接口传值:{'username': 'root', 'password': 1234}
2023-03-09 18:54:39 info 请求方式:post
2023-03-09 18:54:39 info 开始请求接口
2023-03-09 18:54:39 info 接口请求成功
2023-03-09 18:54:39 info 请求返回数据:{'status': 10104, 'message': 'username or password error', 'data': []}
2023-03-09 18:54:39 info 开始校验status  10104==10104
2023-03-09 18:54:40 info 数据校验完成
2023-03-09 18:54:40 info 开始校验message  username or password error==username or password error
2023-03-09 18:54:40 info 数据校验完成
2023-03-09 18:54:40 info 开始校验data  []==[]
2023-03-09 18:54:40 info 数据校验完成
2023-03-09 18:54:40 info 

2023-03-09 18:54:40 info 开始执行用例,标题:密码错误
2023-03-09 18:54:40 info 读取用例中数据
2023-03-09 18:54:40 info URL读取成功,URL:http://127.0.0.1:8000/api/login
2023-03-09 18:54:40 info 接口传值:{'username': 'root', 'password': 1234}
2023-03-09 18:54:40 info 请求方式:post
2023-03-09 18:54:40 info 开始请求接口
2023-03-09 18:54:40 info 接口请求成功
2023-03-09 18:54:40 info 请求返回数据:{'status': 10104, 'message': 'username or password error', 'data': []}
2023-03-09 18:54:40 info 开始校验status  10104==10104
2023-03-09 18:54:40 info 数据校验完成
2023-03-09 18:54:40 info 开始校验message  username or password error==username or password error
2023-03-09 18:54:40 info 数据校验完成
2023-03-09 18:54:40 info 开始校验data  []==[]
2023-03-09 18:54:40 info 数据校验完成
2023-03-09 18:54:40 info 

2023-03-09 18:54:40 info 开始执行用例,标题:密码错误
2023-03-09 18:54:40 info 读取用例中数据
2023-03-09 18:54:40 info URL读取成功,URL:http://127.0.0.1:8000/api/login
2023-03-09 18:54:40 info 接口传值:{'username': 'root', 'password': 1234}
2023-03-09 18:54:40 info 请求方式:post
2023-03-09 18:54:40 info 开始请求接口
2023-03-09 18:54:40 info 接口请求成功
2023-03-09 18:54:40 info 请求返回数据:{'status': 10104, 'message': 'username or password error', 'data': []}
2023-03-09 18:54:40 info 开始校验status  10104==10104
2023-03-09 18:54:40 info 数据校验完成
2023-03-09 18:54:40 info 开始校验message  username or password error==username or password error
2023-03-09 18:54:40 info 数据校验完成
2023-03-09 18:54:40 info 开始校验data  []==[]
2023-03-09 18:54:40 info 数据校验完成
2023-03-09 18:54:40 info 

2023-03-09 18:54:40 info 开始执行用例,标题:密码错误
2023-03-09 18:54:40 info 读取用例中数据
2023-03-09 18:54:40 info URL读取成功,URL:http://127.0.0.1:8000/api/login
2023-03-09 18:54:40 info 接口传值:{'username': 'root', 'password': 1234}
2023-03-09 18:54:40 info 请求方式:post
2023-03-09 18:54:40 info 开始请求接口
2023-03-09 18:54:40 info 接口请求成功
2023-03-09 18:54:40 info 请求返回数据:{'status': 10104, 'message': 'username or password error', 'data': []}
2023-03-09 18:54:40 info 开始校验status  10104==10104
2023-03-09 18:54:40 info 数据校验完成
2023-03-09 18:54:40 info 开始校验message  username or password error==username or password error
2023-03-09 18:54:40 info 数据校验完成
2023-03-09 18:54:40 info 开始校验data  []==[]
2023-03-09 18:54:40 info 数据校验完成
2023-03-09 18:54:40 info 

2023-03-09 18:54:40 info 开始执行用例,标题:密码错误
2023-03-09 18:54:40 info 读取用例中数据
2023-03-09 18:54:40 info URL读取成功,URL:http://127.0.0.1:8000/api/login
2023-03-09 18:54:40 info 接口传值:{'username': 'root', 'password': 1234}
2023-03-09 18:54:40 info 请求方式:post
2023-03-09 18:54:40 info 开始请求接口
2023-03-09 18:54:40 info 接口请求成功
2023-03-09 18:54:40 info 请求返回数据:{'status': 10104, 'message': 'username or password error', 'data': []}
2023-03-09 18:54:40 info 开始校验status  10104==10104
2023-03-09 18:54:40 info 数据校验完成
2023-03-09 18:54:40 info 开始校验message  username or password error==username or password error
2023-03-09 18:54:40 info 数据校验完成
2023-03-09 18:54:40 info 开始校验data  []==[]
2023-03-09 18:54:40 info 数据校验完成
2023-03-09 18:54:40 info 

2023-03-09 18:54:40 info 开始执行用例,标题:密码错误
2023-03-09 18:54:40 info 读取用例中数据
2023-03-09 18:54:40 info URL读取成功,URL:http://127.0.0.1:8000/api/login
2023-03-09 18:54:40 info 接口传值:{'username': 'root', 'password': 1234}
2023-03-09 18:54:40 info 请求方式:post
2023-03-09 18:54:40 info 开始请求接口
2023-03-09 18:54:40 info 接口请求成功
2023-03-09 18:54:40 info 请求返回数据:{'status': 10104, 'message': 'username or password error', 'data': []}
2023-03-09 18:54:40 info 开始校验status  10104==10104
2023-03-09 18:54:40 info 数据校验完成
2023-03-09 18:54:40 info 开始校验message  username or password error==username or password error
2023-03-09 18:54:40 info 数据校验完成
2023-03-09 18:54:40 info 开始校验data  []==[]
2023-03-09 18:54:40 info 数据校验完成
2023-03-09 18:54:40 info 

2023-03-09 18:54:40 info 开始执行用例,标题:密码错误
2023-03-09 18:54:40 info 读取用例中数据
2023-03-09 18:54:40 info URL读取成功,URL:http://127.0.0.1:8000/api/login
2023-03-09 18:54:40 info 接口传值:{'username': 'root', 'password': 1234}
2023-03-09 18:54:40 info 请求方式:post
2023-03-09 18:54:40 info 开始请求接口
2023-03-09 18:54:40 info 接口请求成功
2023-03-09 18:54:40 info 请求返回数据:{'status': 10104, 'message': 'username or password error', 'data': []}
2023-03-09 18:54:40 info 开始校验status  10104==10104
2023-03-09 18:54:40 info 数据校验完成
2023-03-09 18:54:40 info 开始校验message  username or password error==username or password error
2023-03-09 18:54:40 info 数据校验完成
2023-03-09 18:54:40 info 开始校验data  []==[]
2023-03-09 18:54:40 info 数据校验完成
2023-03-09 18:54:40 info 

2023-03-09 18:54:40 info 开始执行用例,标题:密码错误
2023-03-09 18:54:40 info 读取用例中数据
2023-03-09 18:54:40 info URL读取成功,URL:http://127.0.0.1:8000/api/login
2023-03-09 18:54:40 info 接口传值:{'username': 'root', 'password': 1234}
2023-03-09 18:54:40 info 请求方式:post
2023-03-09 18:54:40 info 开始请求接口
2023-03-09 18:54:40 info 接口请求成功
2023-03-09 18:54:40 info 请求返回数据:{'status': 10104, 'message': 'username or password error', 'data': []}
2023-03-09 18:54:40 info 开始校验status  10104==10104
2023-03-09 18:54:40 info 数据校验完成
2023-03-09 18:54:40 info 开始校验message  username or password error==username or password error
2023-03-09 18:54:40 info 数据校验完成
2023-03-09 18:54:40 info 开始校验data  []==[]
2023-03-09 18:54:40 info 数据校验完成
2023-03-09 18:54:40 info 

2023-03-09 18:54:40 info 开始执行用例,标题:密码错误
2023-03-09 18:54:40 info 读取用例中数据
2023-03-09 18:54:40 info URL读取成功,URL:http://127.0.0.1:8000/api/login
2023-03-09 18:54:40 info 接口传值:{'username': 'root', 'password': 1234}
2023-03-09 18:54:40 info 请求方式:post
2023-03-09 18:54:40 info 开始请求接口
2023-03-09 18:54:40 info 接口请求成功
2023-03-09 18:54:40 info 请求返回数据:{'status': 10104, 'message': 'username or password error', 'data': []}
2023-03-09 18:54:40 info 开始校验status  10104==10104
2023-03-09 18:54:40 info 数据校验完成
2023-03-09 18:54:40 info 开始校验message  username or password error==username or password error
2023-03-09 18:54:40 info 数据校验完成
2023-03-09 18:54:40 info 开始校验data  []==[]
2023-03-09 18:54:40 info 数据校验完成
2023-03-09 18:54:40 info 

2023-03-09 18:54:40 info 开始执行用例,标题:密码错误
2023-03-09 18:54:40 info 读取用例中数据
2023-03-09 18:54:40 info URL读取成功,URL:http://127.0.0.1:8000/api/login
2023-03-09 18:54:40 info 接口传值:{'username': 'root', 'password': 1234}
2023-03-09 18:54:40 info 请求方式:post
2023-03-09 18:54:40 info 开始请求接口
2023-03-09 18:54:40 info 接口请求成功
2023-03-09 18:54:40 info 请求返回数据:{'status': 10104, 'message': 'username or password error', 'data': []}
2023-03-09 18:54:40 info 开始校验status  10104==10104
2023-03-09 18:54:40 info 数据校验完成
2023-03-09 18:54:40 info 开始校验message  username or password error==username or password error
2023-03-09 18:54:40 info 数据校验完成
2023-03-09 18:54:40 info 开始校验data  []==[]
2023-03-09 18:54:41 info 数据校验完成
2023-03-09 18:54:41 info 

2023-03-09 18:54:40 info 开始执行用例,标题:密码错误
2023-03-09 18:54:40 info 读取用例中数据
2023-03-09 18:54:40 info URL读取成功,URL:http://127.0.0.1:8000/api/login
2023-03-09 18:54:40 info 接口传值:{'username': 'root', 'password': 1234}
2023-03-09 18:54:40 info 请求方式:post
2023-03-09 18:54:40 info 开始请求接口
2023-03-09 18:54:40 info 接口请求成功
2023-03-09 18:54:40 info 请求返回数据:{'status': 10104, 'message': 'username or password error', 'data': []}
2023-03-09 18:54:40 info 开始校验status  10104==10104
2023-03-09 18:54:40 info 数据校验完成
2023-03-09 18:54:40 info 开始校验message  username or password error==username or password error
2023-03-09 18:54:40 info 数据校验完成
2023-03-09 18:54:40 info 开始校验data  []==[]
2023-03-09 18:54:41 info 数据校验完成
2023-03-09 18:54:41 info 

2023-03-09 18:54:41 info 开始执行用例,标题:密码错误
2023-03-09 18:54:41 info 读取用例中数据
2023-03-09 18:54:41 info URL读取成功,URL:http://127.0.0.1:8000/api/login
2023-03-09 18:54:41 info 接口传值:{'username': 'root', 'password': 1234}
2023-03-09 18:54:41 info 请求方式:post
2023-03-09 18:54:41 info 开始请求接口
2023-03-09 18:54:41 info 接口请求成功
2023-03-09 18:54:41 info 请求返回数据:{'status': 10104, 'message': 'username or password error', 'data': []}
2023-03-09 18:54:41 info 开始校验status  10104==10104
2023-03-09 18:54:41 info 数据校验完成
2023-03-09 18:54:41 info 开始校验message  username or password error==username or password error
2023-03-09 18:54:41 info 数据校验完成
2023-03-09 18:54:41 info 开始校验data  []==[]
2023-03-09 18:54:41 info 数据校验完成
2023-03-09 18:54:41 info 

2023-03-09 18:54:41 info 开始执行用例,标题:密码错误
2023-03-09 18:54:41 info 读取用例中数据
2023-03-09 18:54:41 info URL读取成功,URL:http://127.0.0.1:8000/api/login
2023-03-09 18:54:41 info 接口传值:{'username': 'root', 'password': 1234}
2023-03-09 18:54:41 info 请求方式:post
2023-03-09 18:54:41 info 开始请求接口
2023-03-09 18:54:41 info 接口请求成功
2023-03-09 18:54:41 info 请求返回数据:{'status': 10104, 'message': 'username or password error', 'data': []}
2023-03-09 18:54:41 info 开始校验status  10104==10104
2023-03-09 18:54:41 info 数据校验完成
2023-03-09 18:54:41 info 开始校验message  username or password error==username or password error
2023-03-09 18:54:41 info 数据校验完成
2023-03-09 18:54:41 info 开始校验data  []==[]
2023-03-09 18:54:41 info 数据校验完成
2023-03-09 18:54:41 info 

2023-03-09 18:54:41 info 开始执行用例,标题:密码错误
2023-03-09 18:54:41 info 读取用例中数据
2023-03-09 18:54:41 info URL读取成功,URL:http://127.0.0.1:8000/api/login
2023-03-09 18:54:41 info 接口传值:{'username': 'root', 'password': 1234}
2023-03-09 18:54:41 info 请求方式:post
2023-03-09 18:54:41 info 开始请求接口
2023-03-09 18:54:41 info 接口请求成功
2023-03-09 18:54:41 info 请求返回数据:{'status': 10104, 'message': 'username or password error', 'data': []}
2023-03-09 18:54:41 info 开始校验status  10104==10104
2023-03-09 18:54:41 info 数据校验完成
2023-03-09 18:54:41 info 开始校验message  username or password error==username or password error
2023-03-09 18:54:41 info 数据校验完成
2023-03-09 18:54:41 info 开始校验data  []==[]
2023-03-09 18:54:41 info 数据校验完成
2023-03-09 18:54:41 info 

2023-03-09 18:54:41 info 开始执行用例,标题:密码错误
2023-03-09 18:54:41 info 读取用例中数据
2023-03-09 18:54:41 info URL读取成功,URL:http://127.0.0.1:8000/api/login
2023-03-09 18:54:41 info 接口传值:{'username': 'root', 'password': 1234}
2023-03-09 18:54:41 info 请求方式:post
2023-03-09 18:54:41 info 开始请求接口
2023-03-09 18:54:41 info 接口请求成功
2023-03-09 18:54:41 info 请求返回数据:{'status': 10104, 'message': 'username or password error', 'data': []}
2023-03-09 18:54:41 info 开始校验status  10104==10104
2023-03-09 18:54:41 info 数据校验完成
2023-03-09 18:54:41 info 开始校验message  username or password error==username or password error
2023-03-09 18:54:41 info 数据校验完成
2023-03-09 18:54:41 info 开始校验data  []==[]
2023-03-09 18:54:41 info 数据校验完成
2023-03-09 18:54:41 info 

2023-03-09 18:54:41 info 开始执行用例,标题:密码错误
2023-03-09 18:54:41 info 读取用例中数据
2023-03-09 18:54:41 info URL读取成功,URL:http://127.0.0.1:8000/api/login
2023-03-09 18:54:41 info 接口传值:{'username': 'root', 'password': 1234}
2023-03-09 18:54:41 info 请求方式:post
2023-03-09 18:54:41 info 开始请求接口
2023-03-09 18:54:41 info 接口请求成功
2023-03-09 18:54:41 info 请求返回数据:{'status': 10104, 'message': 'username or password error', 'data': []}
2023-03-09 18:54:41 info 开始校验status  10104==10104
2023-03-09 18:54:41 info 数据校验完成
2023-03-09 18:54:41 info 开始校验message  username or password error==username or password error
2023-03-09 18:54:41 info 数据校验完成
2023-03-09 18:54:41 info 开始校验data  []==[]
2023-03-09 18:54:41 info 数据校验完成
2023-03-09 18:54:41 info 

2023-03-09 18:54:41 info 开始执行用例,标题:密码错误
2023-03-09 18:54:41 info 读取用例中数据
2023-03-09 18:54:41 info URL读取成功,URL:http://127.0.0.1:8000/api/login
2023-03-09 18:54:41 info 接口传值:{'username': 'root', 'password': 1234}
2023-03-09 18:54:41 info 请求方式:post
2023-03-09 18:54:41 info 开始请求接口
2023-03-09 18:54:41 info 接口请求成功
2023-03-09 18:54:41 info 请求返回数据:{'status': 10104, 'message': 'username or password error', 'data': []}
2023-03-09 18:54:41 info 开始校验status  10104==10104
2023-03-09 18:54:41 info 数据校验完成
2023-03-09 18:54:41 info 开始校验message  username or password error==username or password error
2023-03-09 18:54:41 info 数据校验完成
2023-03-09 18:54:41 info 开始校验data  []==[]
2023-03-09 18:54:41 info 数据校验完成
2023-03-09 18:54:41 info 

2023-03-09 18:54:41 info 开始执行用例,标题:密码错误
2023-03-09 18:54:41 info 读取用例中数据
2023-03-09 18:54:41 info URL读取成功,URL:http://127.0.0.1:8000/api/login
2023-03-09 18:54:41 info 接口传值:{'username': 'root', 'password': 1234}
2023-03-09 18:54:41 info 请求方式:post
2023-03-09 18:54:41 info 开始请求接口
2023-03-09 18:54:41 info 接口请求成功
2023-03-09 18:54:41 info 请求返回数据:{'status': 10104, 'message': 'username or password error', 'data': []}
2023-03-09 18:54:41 info 开始校验status  10104==10104
2023-03-09 18:54:41 info 数据校验完成
2023-03-09 18:54:41 info 开始校验message  username or password error==username or password error
2023-03-09 18:54:41 info 数据校验完成
2023-03-09 18:54:41 info 开始校验data  []==[]
2023-03-09 18:54:41 info 数据校验完成
2023-03-09 18:54:41 info 

2023-03-09 18:54:41 info 开始执行用例,标题:密码错误
2023-03-09 18:54:41 info 读取用例中数据
2023-03-09 18:54:41 info URL读取成功,URL:http://127.0.0.1:8000/api/login
2023-03-09 18:54:41 info 接口传值:{'username': 'root', 'password': 1234}
2023-03-09 18:54:41 info 请求方式:post
2023-03-09 18:54:41 info 开始请求接口
2023-03-09 18:54:41 info 接口请求成功
2023-03-09 18:54:41 info 请求返回数据:{'status': 10104, 'message': 'username or password error', 'data': []}
2023-03-09 18:54:41 info 开始校验status  10104==10104
2023-03-09 18:54:41 info 数据校验完成
2023-03-09 18:54:41 info 开始校验message  username or password error==username or password error
2023-03-09 18:54:41 info 数据校验完成
2023-03-09 18:54:41 info 开始校验data  []==[]
2023-03-09 18:54:42 info 数据校验完成
2023-03-09 18:54:42 info 

2023-03-09 18:54:42 info 开始执行用例,标题:密码错误
2023-03-09 18:54:42 info 读取用例中数据
2023-03-09 18:54:42 info URL读取成功,URL:http://127.0.0.1:8000/api/login
2023-03-09 18:54:42 info 接口传值:{'username': 'root', 'password': 1234}
2023-03-09 18:54:42 info 请求方式:post
2023-03-09 18:54:42 info 开始请求接口
2023-03-09 18:54:42 info 接口请求成功
2023-03-09 18:54:42 info 请求返回数据:{'status': 10104, 'message': 'username or password error', 'data': []}
2023-03-09 18:54:42 info 开始校验status  10104==10104
2023-03-09 18:54:42 info 数据校验完成
2023-03-09 18:54:42 info 开始校验message  username or password error==username or password error
2023-03-09 18:54:42 info 数据校验完成
2023-03-09 18:54:42 info 开始校验data  []==[]
2023-03-09 18:54:42 info 数据校验完成
2023-03-09 18:54:42 info 

2023-03-09 18:54:42 info 开始执行用例,标题:密码错误
2023-03-09 18:54:42 info 读取用例中数据
2023-03-09 18:54:42 info URL读取成功,URL:http://127.0.0.1:8000/api/login
2023-03-09 18:54:42 info 接口传值:{'username': 'root', 'password': 1234}
2023-03-09 18:54:42 info 请求方式:post
2023-03-09 18:54:42 info 开始请求接口
2023-03-09 18:54:42 info 接口请求成功
2023-03-09 18:54:42 info 请求返回数据:{'status': 10104, 'message': 'username or password error', 'data': []}
2023-03-09 18:54:42 info 开始校验status  10104==10104
2023-03-09 18:54:42 info 数据校验完成
2023-03-09 18:54:42 info 开始校验message  username or password error==username or password error
2023-03-09 18:54:42 info 数据校验完成
2023-03-09 18:54:42 info 开始校验data  []==[]
2023-03-09 18:54:42 info 数据校验完成
2023-03-09 18:54:42 info 

2023-03-09 18:54:42 info 开始执行用例,标题:密码错误
2023-03-09 18:54:42 info 读取用例中数据
2023-03-09 18:54:42 info URL读取成功,URL:http://127.0.0.1:8000/api/login
2023-03-09 18:54:42 info 接口传值:{'username': 'root', 'password': 1234}
2023-03-09 18:54:42 info 请求方式:post
2023-03-09 18:54:42 info 开始请求接口
2023-03-09 18:54:42 info 接口请求成功
2023-03-09 18:54:42 info 请求返回数据:{'status': 10104, 'message': 'username or password error', 'data': []}
2023-03-09 18:54:42 info 开始校验status  10104==10104
2023-03-09 18:54:42 info 数据校验完成
2023-03-09 18:54:42 info 开始校验message  username or password error==username or password error
2023-03-09 18:54:42 info 数据校验完成
2023-03-09 18:54:42 info 开始校验data  []==[]
2023-03-09 18:54:42 info 数据校验完成
2023-03-09 18:54:42 info 

2023-03-09 18:54:42 info 开始执行用例,标题:密码错误
2023-03-09 18:54:42 info 读取用例中数据
2023-03-09 18:54:42 info URL读取成功,URL:http://127.0.0.1:8000/api/login
2023-03-09 18:54:42 info 接口传值:{'username': 'root', 'password': 1234}
2023-03-09 18:54:42 info 请求方式:post
2023-03-09 18:54:42 info 开始请求接口
2023-03-09 18:54:42 info 接口请求成功
2023-03-09 18:54:42 info 请求返回数据:{'status': 10104, 'message': 'username or password error', 'data': []}
2023-03-09 18:54:42 info 开始校验status  10104==10104
2023-03-09 18:54:42 info 数据校验完成
2023-03-09 18:54:42 info 开始校验message  username or password error==username or password error
2023-03-09 18:54:42 info 数据校验完成
2023-03-09 18:54:42 info 开始校验data  []==[]
2023-03-09 18:54:42 info 数据校验完成
2023-03-09 18:54:42 info 

2023-03-09 18:54:42 info 开始执行用例,标题:密码错误
2023-03-09 18:54:42 info 读取用例中数据
2023-03-09 18:54:42 info URL读取成功,URL:http://127.0.0.1:8000/api/login
2023-03-09 18:54:42 info 接口传值:{'username': 'root', 'password': 1234}
2023-03-09 18:54:42 info 请求方式:post
2023-03-09 18:54:42 info 开始请求接口
2023-03-09 18:54:42 info 接口请求成功
2023-03-09 18:54:42 info 请求返回数据:{'status': 10104, 'message': 'username or password error', 'data': []}
2023-03-09 18:54:42 info 开始校验status  10104==10104
2023-03-09 18:54:42 info 数据校验完成
2023-03-09 18:54:42 info 开始校验message  username or password error==username or password error
2023-03-09 18:54:42 info 数据校验完成
2023-03-09 18:54:42 info 开始校验data  []==[]
2023-03-09 18:54:42 info 数据校验完成
2023-03-09 18:54:42 info 

2023-03-09 18:54:42 info 开始执行用例,标题:密码错误
2023-03-09 18:54:42 info 读取用例中数据
2023-03-09 18:54:42 info URL读取成功,URL:http://127.0.0.1:8000/api/login
2023-03-09 18:54:42 info 接口传值:{'username': 'root', 'password': 1234}
2023-03-09 18:54:42 info 请求方式:post
2023-03-09 18:54:42 info 开始请求接口
2023-03-09 18:54:42 info 接口请求成功
2023-03-09 18:54:42 info 请求返回数据:{'status': 10104, 'message': 'username or password error', 'data': []}
2023-03-09 18:54:42 info 开始校验status  10104==10104
2023-03-09 18:54:42 info 数据校验完成
2023-03-09 18:54:42 info 开始校验message  username or password error==username or password error
2023-03-09 18:54:42 info 数据校验完成
2023-03-09 18:54:42 info 开始校验data  []==[]
2023-03-09 18:54:42 info 数据校验完成
2023-03-09 18:54:42 info 

2023-03-09 18:54:42 info 开始执行用例,标题:密码错误
2023-03-09 18:54:42 info 读取用例中数据
2023-03-09 18:54:42 info URL读取成功,URL:http://127.0.0.1:8000/api/login
2023-03-09 18:54:42 info 接口传值:{'username': 'root', 'password': 1234}
2023-03-09 18:54:42 info 请求方式:post
2023-03-09 18:54:42 info 开始请求接口
2023-03-09 18:54:42 info 接口请求成功
2023-03-09 18:54:42 info 请求返回数据:{'status': 10104, 'message': 'username or password error', 'data': []}
2023-03-09 18:54:42 info 开始校验status  10104==10104
2023-03-09 18:54:42 info 数据校验完成
2023-03-09 18:54:42 info 开始校验message  username or password error==username or password error
2023-03-09 18:54:42 info 数据校验完成
2023-03-09 18:54:42 info 开始校验data  []==[]
2023-03-09 18:54:42 info 数据校验完成
2023-03-09 18:54:42 info 

2023-03-09 18:54:42 info 开始执行用例,标题:密码错误
2023-03-09 18:54:42 info 读取用例中数据
2023-03-09 18:54:42 info URL读取成功,URL:http://127.0.0.1:8000/api/login
2023-03-09 18:54:42 info 接口传值:{'username': 'root', 'password': 1234}
2023-03-09 18:54:42 info 请求方式:post
2023-03-09 18:54:42 info 开始请求接口
2023-03-09 18:54:42 info 接口请求成功
2023-03-09 18:54:42 info 请求返回数据:{'status': 10104, 'message': 'username or password error', 'data': []}
2023-03-09 18:54:42 info 开始校验status  10104==10104
2023-03-09 18:54:42 info 数据校验完成
2023-03-09 18:54:42 info 开始校验message  username or password error==username or password error
2023-03-09 18:54:42 info 数据校验完成
2023-03-09 18:54:42 info 开始校验data  []==[]
2023-03-09 18:54:42 info 数据校验完成
2023-03-09 18:54:42 info 

2023-03-09 18:54:42 info 开始执行用例,标题:密码错误
2023-03-09 18:54:42 info 读取用例中数据
2023-03-09 18:54:42 info URL读取成功,URL:http://127.0.0.1:8000/api/login
2023-03-09 18:54:42 info 接口传值:{'username': 'root', 'password': 1234}
2023-03-09 18:54:42 info 请求方式:post
2023-03-09 18:54:42 info 开始请求接口
2023-03-09 18:54:42 info 接口请求成功
2023-03-09 18:54:42 info 请求返回数据:{'status': 10104, 'message': 'username or password error', 'data': []}
2023-03-09 18:54:42 info 开始校验status  10104==10104
2023-03-09 18:54:42 info 数据校验完成
2023-03-09 18:54:42 info 开始校验message  username or password error==username or password error
2023-03-09 18:54:42 info 数据校验完成
2023-03-09 18:54:42 info 开始校验data  []==[]
2023-03-09 18:54:42 info 数据校验完成
2023-03-09 18:54:42 info 

2023-03-09 18:54:42 info 开始执行用例,标题:密码错误
2023-03-09 18:54:42 info 读取用例中数据
2023-03-09 18:54:42 info URL读取成功,URL:http://127.0.0.1:8000/api/login
2023-03-09 18:54:42 info 接口传值:{'username': 'root', 'password': 1234}
2023-03-09 18:54:42 info 请求方式:post
2023-03-09 18:54:42 info 开始请求接口
2023-03-09 18:54:42 info 接口请求成功
2023-03-09 18:54:42 info 请求返回数据:{'status': 10104, 'message': 'username or password error', 'data': []}
2023-03-09 18:54:42 info 开始校验status  10104==10104
2023-03-09 18:54:42 info 数据校验完成
2023-03-09 18:54:42 info 开始校验message  username or password error==username or password error
2023-03-09 18:54:42 info 数据校验完成
2023-03-09 18:54:42 info 开始校验data  []==[]
2023-03-09 18:54:42 info 数据校验完成
2023-03-09 18:54:42 info 

2023-03-09 18:54:42 info 开始执行用例,标题:密码错误
2023-03-09 18:54:42 info 读取用例中数据
2023-03-09 18:54:42 info URL读取成功,URL:http://127.0.0.1:8000/api/login
2023-03-09 18:54:42 info 接口传值:{'username': 'root', 'password': 1234}
2023-03-09 18:54:42 info 请求方式:post
2023-03-09 18:54:42 info 开始请求接口
2023-03-09 18:54:42 info 接口请求成功
2023-03-09 18:54:42 info 请求返回数据:{'status': 10104, 'message': 'username or password error', 'data': []}
2023-03-09 18:54:42 info 开始校验status  10104==10104
2023-03-09 18:54:42 info 数据校验完成
2023-03-09 18:54:42 info 开始校验message  username or password error==username or password error
2023-03-09 18:54:42 info 数据校验完成
2023-03-09 18:54:42 info 开始校验data  []==[]
2023-03-09 18:54:42 info 数据校验完成
2023-03-09 18:54:42 info 

2023-03-09 18:54:42 info 开始执行用例,标题:密码错误
2023-03-09 18:54:42 info 读取用例中数据
2023-03-09 18:54:42 info URL读取成功,URL:http://127.0.0.1:8000/api/login
2023-03-09 18:54:42 info 接口传值:{'username': 'root', 'password': 1234}
2023-03-09 18:54:42 info 请求方式:post
2023-03-09 18:54:42 info 开始请求接口
2023-03-09 18:54:42 info 接口请求成功
2023-03-09 18:54:42 info 请求返回数据:{'status': 10104, 'message': 'username or password error', 'data': []}
2023-03-09 18:54:42 info 开始校验status  10104==10104
2023-03-09 18:54:42 info 数据校验完成
2023-03-09 18:54:42 info 开始校验message  username or password error==username or password error
2023-03-09 18:54:42 info 数据校验完成
2023-03-09 18:54:42 info 开始校验data  []==[]
2023-03-09 18:54:42 info 数据校验完成
2023-03-09 18:54:42 info 

2023-03-09 18:54:42 info 开始执行用例,标题:密码错误
2023-03-09 18:54:42 info 读取用例中数据
2023-03-09 18:54:42 info URL读取成功,URL:http://127.0.0.1:8000/api/login
2023-03-09 18:54:42 info 接口传值:{'username': 'root', 'password': 1234}
2023-03-09 18:54:42 info 请求方式:post
2023-03-09 18:54:42 info 开始请求接口
2023-03-09 18:54:42 info 接口请求成功
2023-03-09 18:54:42 info 请求返回数据:{'status': 10104, 'message': 'username or password error', 'data': []}
2023-03-09 18:54:42 info 开始校验status  10104==10104
2023-03-09 18:54:42 info 数据校验完成
2023-03-09 18:54:42 info 开始校验message  username or password error==username or password error
2023-03-09 18:54:42 info 数据校验完成
2023-03-09 18:54:42 info 开始校验data  []==[]
2023-03-09 18:54:42 info 数据校验完成
2023-03-09 18:54:42 info 

2023-03-09 18:54:42 info 开始执行用例,标题:密码错误
2023-03-09 18:54:42 info 读取用例中数据
2023-03-09 18:54:42 info URL读取成功,URL:http://127.0.0.1:8000/api/login
2023-03-09 18:54:42 info 接口传值:{'username': 'root', 'password': 1234}
2023-03-09 18:54:42 info 请求方式:post
2023-03-09 18:54:42 info 开始请求接口
2023-03-09 18:54:42 info 接口请求成功
2023-03-09 18:54:42 info 请求返回数据:{'status': 10104, 'message': 'username or password error', 'data': []}
2023-03-09 18:54:42 info 开始校验status  10104==10104
2023-03-09 18:54:42 info 数据校验完成
2023-03-09 18:54:42 info 开始校验message  username or password error==username or password error
2023-03-09 18:54:42 info 数据校验完成
2023-03-09 18:54:42 info 开始校验data  []==[]
2023-03-09 18:54:42 info 数据校验完成
2023-03-09 18:54:42 info 

2023-03-09 18:54:42 info 开始执行用例,标题:密码错误
2023-03-09 18:54:42 info 读取用例中数据
2023-03-09 18:54:42 info URL读取成功,URL:http://127.0.0.1:8000/api/login
2023-03-09 18:54:42 info 接口传值:{'username': 'root', 'password': 1234}
2023-03-09 18:54:42 info 请求方式:post
2023-03-09 18:54:42 info 开始请求接口
2023-03-09 18:54:42 info 接口请求成功
2023-03-09 18:54:42 info 请求返回数据:{'status': 10104, 'message': 'username or password error', 'data': []}
2023-03-09 18:54:42 info 开始校验status  10104==10104
2023-03-09 18:54:42 info 数据校验完成
2023-03-09 18:54:42 info 开始校验message  username or password error==username or password error
2023-03-09 18:54:43 info 数据校验完成
2023-03-09 18:54:43 info 开始校验data  []==[]
2023-03-09 18:54:43 info 数据校验完成
2023-03-09 18:54:43 info 

2023-03-09 18:54:42 info 开始执行用例,标题:密码错误
2023-03-09 18:54:42 info 读取用例中数据
2023-03-09 18:54:42 info URL读取成功,URL:http://127.0.0.1:8000/api/login
2023-03-09 18:54:42 info 接口传值:{'username': 'root', 'password': 1234}
2023-03-09 18:54:42 info 请求方式:post
2023-03-09 18:54:42 info 开始请求接口
2023-03-09 18:54:42 info 接口请求成功
2023-03-09 18:54:42 info 请求返回数据:{'status': 10104, 'message': 'username or password error', 'data': []}
2023-03-09 18:54:42 info 开始校验status  10104==10104
2023-03-09 18:54:42 info 数据校验完成
2023-03-09 18:54:42 info 开始校验message  username or password error==username or password error
2023-03-09 18:54:43 info 数据校验完成
2023-03-09 18:54:43 info 开始校验data  []==[]
2023-03-09 18:54:43 info 数据校验完成
2023-03-09 18:54:43 info 

2023-03-09 18:54:43 info 开始执行用例,标题:密码错误
2023-03-09 18:54:43 info 读取用例中数据
2023-03-09 18:54:43 info URL读取成功,URL:http://127.0.0.1:8000/api/login
2023-03-09 18:54:43 info 接口传值:{'username': 'root', 'password': 1234}
2023-03-09 18:54:43 info 请求方式:post
2023-03-09 18:54:43 info 开始请求接口
2023-03-09 18:54:43 info 接口请求成功
2023-03-09 18:54:43 info 请求返回数据:{'status': 10104, 'message': 'username or password error', 'data': []}
2023-03-09 18:54:43 info 开始校验status  10104==10104
2023-03-09 18:54:43 info 数据校验完成
2023-03-09 18:54:43 info 开始校验message  username or password error==username or password error
2023-03-09 18:54:43 info 数据校验完成
2023-03-09 18:54:43 info 开始校验data  []==[]
2023-03-09 18:54:43 info 数据校验完成
2023-03-09 18:54:43 info 

2023-03-09 18:54:43 info 开始执行用例,标题:密码错误
2023-03-09 18:54:43 info 读取用例中数据
2023-03-09 18:54:43 info URL读取成功,URL:http://127.0.0.1:8000/api/login
2023-03-09 18:54:43 info 接口传值:{'username': 'root', 'password': 1234}
2023-03-09 18:54:43 info 请求方式:post
2023-03-09 18:54:43 info 开始请求接口
2023-03-09 18:54:43 info 接口请求成功
2023-03-09 18:54:43 info 请求返回数据:{'status': 10104, 'message': 'username or password error', 'data': []}
2023-03-09 18:54:43 info 开始校验status  10104==10104
2023-03-09 18:54:43 info 数据校验完成
2023-03-09 18:54:43 info 开始校验message  username or password error==username or password error
2023-03-09 18:54:43 info 数据校验完成
2023-03-09 18:54:43 info 开始校验data  []==[]
2023-03-09 18:54:43 info 数据校验完成
2023-03-09 18:54:43 info 

2023-03-09 18:54:43 info 开始执行用例,标题:密码错误
2023-03-09 18:54:43 info 读取用例中数据
2023-03-09 18:54:43 info URL读取成功,URL:http://127.0.0.1:8000/api/login
2023-03-09 18:54:43 info 接口传值:{'username': 'root', 'password': 1234}
2023-03-09 18:54:43 info 请求方式:post
2023-03-09 18:54:43 info 开始请求接口
2023-03-09 18:54:43 info 接口请求成功
2023-03-09 18:54:43 info 请求返回数据:{'status': 10104, 'message': 'username or password error', 'data': []}
2023-03-09 18:54:43 info 开始校验status  10104==10104
2023-03-09 18:54:43 info 数据校验完成
2023-03-09 18:54:43 info 开始校验message  username or password error==username or password error
2023-03-09 18:54:43 info 数据校验完成
2023-03-09 18:54:43 info 开始校验data  []==[]
2023-03-09 18:54:43 info 数据校验完成
2023-03-09 18:54:43 info 

2023-03-09 18:54:43 info 开始执行用例,标题:密码错误
2023-03-09 18:54:43 info 读取用例中数据
2023-03-09 18:54:43 info URL读取成功,URL:http://127.0.0.1:8000/api/login
2023-03-09 18:54:43 info 接口传值:{'username': 'root', 'password': 1234}
2023-03-09 18:54:43 info 请求方式:post
2023-03-09 18:54:43 info 开始请求接口
2023-03-09 18:54:43 info 接口请求成功
2023-03-09 18:54:43 info 请求返回数据:{'status': 10104, 'message': 'username or password error', 'data': []}
2023-03-09 18:54:43 info 开始校验status  10104==10104
2023-03-09 18:54:43 info 数据校验完成
2023-03-09 18:54:43 info 开始校验message  username or password error==username or password error
2023-03-09 18:54:43 info 数据校验完成
2023-03-09 18:54:43 info 开始校验data  []==[]
2023-03-09 18:54:43 info 数据校验完成
2023-03-09 18:54:43 info 

2023-03-09 18:54:43 info 开始执行用例,标题:密码错误
2023-03-09 18:54:43 info 读取用例中数据
2023-03-09 18:54:43 info URL读取成功,URL:http://127.0.0.1:8000/api/login
2023-03-09 18:54:43 info 接口传值:{'username': 'root', 'password': 1234}
2023-03-09 18:54:43 info 请求方式:post
2023-03-09 18:54:43 info 开始请求接口
2023-03-09 18:54:43 info 接口请求成功
2023-03-09 18:54:43 info 请求返回数据:{'status': 10104, 'message': 'username or password error', 'data': []}
2023-03-09 18:54:43 info 开始校验status  10104==10104
2023-03-09 18:54:43 info 数据校验完成
2023-03-09 18:54:43 info 开始校验message  username or password error==username or password error
2023-03-09 18:54:43 info 数据校验完成
2023-03-09 18:54:43 info 开始校验data  []==[]
2023-03-09 18:54:43 info 数据校验完成
2023-03-09 18:54:43 info 

2023-03-09 18:54:43 info 开始执行用例,标题:密码错误
2023-03-09 18:54:43 info 读取用例中数据
2023-03-09 18:54:43 info URL读取成功,URL:http://127.0.0.1:8000/api/login
2023-03-09 18:54:43 info 接口传值:{'username': 'root', 'password': 1234}
2023-03-09 18:54:43 info 请求方式:post
2023-03-09 18:54:43 info 开始请求接口
2023-03-09 18:54:43 info 接口请求成功
2023-03-09 18:54:43 info 请求返回数据:{'status': 10104, 'message': 'username or password error', 'data': []}
2023-03-09 18:54:43 info 开始校验status  10104==10104
2023-03-09 18:54:43 info 数据校验完成
2023-03-09 18:54:43 info 开始校验message  username or password error==username or password error
2023-03-09 18:54:43 info 数据校验完成
2023-03-09 18:54:43 info 开始校验data  []==[]
2023-03-09 18:54:43 info 数据校验完成
2023-03-09 18:54:43 info 

2023-03-09 18:54:43 info 开始执行用例,标题:密码错误
2023-03-09 18:54:43 info 读取用例中数据
2023-03-09 18:54:43 info URL读取成功,URL:http://127.0.0.1:8000/api/login
2023-03-09 18:54:43 info 接口传值:{'username': 'root', 'password': 1234}
2023-03-09 18:54:43 info 请求方式:post
2023-03-09 18:54:43 info 开始请求接口
2023-03-09 18:54:43 info 接口请求成功
2023-03-09 18:54:43 info 请求返回数据:{'status': 10104, 'message': 'username or password error', 'data': []}
2023-03-09 18:54:43 info 开始校验status  10104==10104
2023-03-09 18:54:43 info 数据校验完成
2023-03-09 18:54:43 info 开始校验message  username or password error==username or password error
2023-03-09 18:54:43 info 数据校验完成
2023-03-09 18:54:43 info 开始校验data  []==[]
2023-03-09 18:54:43 info 数据校验完成
2023-03-09 18:54:43 info 

2023-03-09 18:54:43 info 开始执行用例,标题:密码错误
2023-03-09 18:54:43 info 读取用例中数据
2023-03-09 18:54:43 info URL读取成功,URL:http://127.0.0.1:8000/api/login
2023-03-09 18:54:43 info 接口传值:{'username': 'root', 'password': 1234}
2023-03-09 18:54:43 info 请求方式:post
2023-03-09 18:54:43 info 开始请求接口
2023-03-09 18:54:43 info 接口请求成功
2023-03-09 18:54:43 info 请求返回数据:{'status': 10104, 'message': 'username or password error', 'data': []}
2023-03-09 18:54:43 info 开始校验status  10104==10104
2023-03-09 18:54:43 info 数据校验完成
2023-03-09 18:54:43 info 开始校验message  username or password error==username or password error
2023-03-09 18:54:43 info 数据校验完成
2023-03-09 18:54:43 info 开始校验data  []==[]
2023-03-09 18:54:43 info 数据校验完成
2023-03-09 18:54:43 info 

2023-03-09 18:54:43 info 开始执行用例,标题:密码错误
2023-03-09 18:54:43 info 读取用例中数据
2023-03-09 18:54:43 info URL读取成功,URL:http://127.0.0.1:8000/api/login
2023-03-09 18:54:43 info 接口传值:{'username': 'root', 'password': 1234}
2023-03-09 18:54:43 info 请求方式:post
2023-03-09 18:54:43 info 开始请求接口
2023-03-09 18:54:43 info 接口请求成功
2023-03-09 18:54:43 info 请求返回数据:{'status': 10104, 'message': 'username or password error', 'data': []}
2023-03-09 18:54:43 info 开始校验status  10104==10104
2023-03-09 18:54:43 info 数据校验完成
2023-03-09 18:54:43 info 开始校验message  username or password error==username or password error
2023-03-09 18:54:43 info 数据校验完成
2023-03-09 18:54:43 info 开始校验data  []==[]
2023-03-09 18:54:43 info 数据校验完成
2023-03-09 18:54:43 info 

2023-03-09 18:54:43 info 开始执行用例,标题:密码错误
2023-03-09 18:54:43 info 读取用例中数据
2023-03-09 18:54:43 info URL读取成功,URL:http://127.0.0.1:8000/api/login
2023-03-09 18:54:43 info 接口传值:{'username': 'root', 'password': 1234}
2023-03-09 18:54:43 info 请求方式:post
2023-03-09 18:54:43 info 开始请求接口
2023-03-09 18:54:43 info 接口请求成功
2023-03-09 18:54:43 info 请求返回数据:{'status': 10104, 'message': 'username or password error', 'data': []}
2023-03-09 18:54:43 info 开始校验status  10104==10104
2023-03-09 18:54:43 info 数据校验完成
2023-03-09 18:54:43 info 开始校验message  username or password error==username or password error
2023-03-09 18:54:43 info 数据校验完成
2023-03-09 18:54:43 info 开始校验data  []==[]
2023-03-09 18:54:43 info 数据校验完成
2023-03-09 18:54:43 info 

2023-03-09 18:54:43 info 开始执行用例,标题:密码错误
2023-03-09 18:54:43 info 读取用例中数据
2023-03-09 18:54:43 info URL读取成功,URL:http://127.0.0.1:8000/api/login
2023-03-09 18:54:43 info 接口传值:{'username': 'root', 'password': 1234}
2023-03-09 18:54:43 info 请求方式:post
2023-03-09 18:54:43 info 开始请求接口
2023-03-09 18:54:43 info 接口请求成功
2023-03-09 18:54:43 info 请求返回数据:{'status': 10104, 'message': 'username or password error', 'data': []}
2023-03-09 18:54:43 info 开始校验status  10104==10104
2023-03-09 18:54:43 info 数据校验完成
2023-03-09 18:54:43 info 开始校验message  username or password error==username or password error
2023-03-09 18:54:43 info 数据校验完成
2023-03-09 18:54:43 info 开始校验data  []==[]
2023-03-09 18:54:43 info 数据校验完成
2023-03-09 18:54:43 info 

2023-03-09 18:54:43 info 开始执行用例,标题:密码错误
2023-03-09 18:54:43 info 读取用例中数据
2023-03-09 18:54:43 info URL读取成功,URL:http://127.0.0.1:8000/api/login
2023-03-09 18:54:43 info 接口传值:{'username': 'root', 'password': 1234}
2023-03-09 18:54:43 info 请求方式:post
2023-03-09 18:54:43 info 开始请求接口
2023-03-09 18:54:43 info 接口请求成功
2023-03-09 18:54:43 info 请求返回数据:{'status': 10104, 'message': 'username or password error', 'data': []}
2023-03-09 18:54:43 info 开始校验status  10104==10104
2023-03-09 18:54:43 info 数据校验完成
2023-03-09 18:54:43 info 开始校验message  username or password error==username or password error
2023-03-09 18:54:43 info 数据校验完成
2023-03-09 18:54:43 info 开始校验data  []==[]
2023-03-09 18:54:43 info 数据校验完成
2023-03-09 18:54:43 info 

2023-03-09 18:54:43 info 开始执行用例,标题:密码错误
2023-03-09 18:54:43 info 读取用例中数据
2023-03-09 18:54:43 info URL读取成功,URL:http://127.0.0.1:8000/api/login
2023-03-09 18:54:43 info 接口传值:{'username': 'root', 'password': 1234}
2023-03-09 18:54:43 info 请求方式:post
2023-03-09 18:54:43 info 开始请求接口
2023-03-09 18:54:43 info 接口请求成功
2023-03-09 18:54:43 info 请求返回数据:{'status': 10104, 'message': 'username or password error', 'data': []}
2023-03-09 18:54:43 info 开始校验status  10104==10104
2023-03-09 18:54:43 info 数据校验完成
2023-03-09 18:54:43 info 开始校验message  username or password error==username or password error
2023-03-09 18:54:43 info 数据校验完成
2023-03-09 18:54:43 info 开始校验data  []==[]
2023-03-09 18:54:43 info 数据校验完成
2023-03-09 18:54:43 info 

2023-03-09 18:54:43 info 开始执行用例,标题:密码错误
2023-03-09 18:54:43 info 读取用例中数据
2023-03-09 18:54:43 info URL读取成功,URL:http://127.0.0.1:8000/api/login
2023-03-09 18:54:43 info 接口传值:{'username': 'root', 'password': 1234}
2023-03-09 18:54:43 info 请求方式:post
2023-03-09 18:54:43 info 开始请求接口
2023-03-09 18:54:43 info 接口请求成功
2023-03-09 18:54:43 info 请求返回数据:{'status': 10104, 'message': 'username or password error', 'data': []}
2023-03-09 18:54:43 info 开始校验status  10104==10104
2023-03-09 18:54:43 info 数据校验完成
2023-03-09 18:54:43 info 开始校验message  username or password error==username or password error
2023-03-09 18:54:43 info 数据校验完成
2023-03-09 18:54:43 info 开始校验data  []==[]
2023-03-09 18:54:43 info 数据校验完成
2023-03-09 18:54:43 info 

2023-03-09 18:54:43 info 开始执行用例,标题:密码错误
2023-03-09 18:54:43 info 读取用例中数据
2023-03-09 18:54:43 info URL读取成功,URL:http://127.0.0.1:8000/api/login
2023-03-09 18:54:43 info 接口传值:{'username': 'root', 'password': 1234}
2023-03-09 18:54:43 info 请求方式:post
2023-03-09 18:54:43 info 开始请求接口
2023-03-09 18:54:43 info 接口请求成功
2023-03-09 18:54:43 info 请求返回数据:{'status': 10104, 'message': 'username or password error', 'data': []}
2023-03-09 18:54:43 info 开始校验status  10104==10104
2023-03-09 18:54:43 info 数据校验完成
2023-03-09 18:54:43 info 开始校验message  username or password error==username or password error
2023-03-09 18:54:43 info 数据校验完成
2023-03-09 18:54:43 info 开始校验data  []==[]
2023-03-09 18:54:44 info 数据校验完成
2023-03-09 18:54:44 info 

2023-03-09 18:54:43 info 开始执行用例,标题:密码错误
2023-03-09 18:54:43 info 读取用例中数据
2023-03-09 18:54:43 info URL读取成功,URL:http://127.0.0.1:8000/api/login
2023-03-09 18:54:43 info 接口传值:{'username': 'root', 'password': 1234}
2023-03-09 18:54:43 info 请求方式:post
2023-03-09 18:54:43 info 开始请求接口
2023-03-09 18:54:43 info 接口请求成功
2023-03-09 18:54:43 info 请求返回数据:{'status': 10104, 'message': 'username or password error', 'data': []}
2023-03-09 18:54:43 info 开始校验status  10104==10104
2023-03-09 18:54:43 info 数据校验完成
2023-03-09 18:54:43 info 开始校验message  username or password error==username or password error
2023-03-09 18:54:43 info 数据校验完成
2023-03-09 18:54:43 info 开始校验data  []==[]
2023-03-09 18:54:44 info 数据校验完成
2023-03-09 18:54:44 info 

2023-03-09 18:54:44 info 开始执行用例,标题:密码错误
2023-03-09 18:54:44 info 读取用例中数据
2023-03-09 18:54:44 info URL读取成功,URL:http://127.0.0.1:8000/api/login
2023-03-09 18:54:44 info 接口传值:{'username': 'root', 'password': 1234}
2023-03-09 18:54:44 info 请求方式:post
2023-03-09 18:54:44 info 开始请求接口
2023-03-09 18:54:44 info 接口请求成功
2023-03-09 18:54:44 info 请求返回数据:{'status': 10104, 'message': 'username or password error', 'data': []}
2023-03-09 18:54:44 info 开始校验status  10104==10104
2023-03-09 18:54:44 info 数据校验完成
2023-03-09 18:54:44 info 开始校验message  username or password error==username or password error
2023-03-09 18:54:44 info 数据校验完成
2023-03-09 18:54:44 info 开始校验data  []==[]
2023-03-09 18:54:44 info 数据校验完成
2023-03-09 18:54:44 info 

