2023-03-10 00:20:23 info 开始执行用例,标题:密码错误
2023-03-10 00:20:23 info 读取用例中数据
2023-03-10 00:20:23 info URL读取成功,URL:http://abc.twoitmen.club/api/login
2023-03-10 00:20:23 info 接口传值:{'username': 'root', 'password': 1234}
2023-03-10 00:20:23 info 请求方式:post
2023-03-10 00:20:23 info 开始请求接口
2023-03-10 00:20:23 info 接口请求成功
2023-03-10 00:20:23 info 请求返回数据:{'status': 10104, 'message': 'username or password error', 'data': []}
2023-03-10 00:20:23 info 开始校验status  10104==10104
2023-03-10 00:20:23 info 数据校验完成
2023-03-10 00:20:23 info 开始校验message  username or password error==username or password error
2023-03-10 00:20:23 info 数据校验完成
2023-03-10 00:20:23 info 开始校验data  []==[]
2023-03-10 00:20:23 info 数据校验完成
2023-03-10 00:20:23 info 

2023-03-10 00:20:23 info 开始执行用例,标题:正常登录成功
2023-03-10 00:20:23 info 读取用例中数据
2023-03-10 00:20:23 info URL读取成功,URL:http://abc.twoitmen.club/api/login
2023-03-10 00:20:23 info 接口传值:{'username': 'root', 'password': 123}
2023-03-10 00:20:23 info 请求方式:post
2023-03-10 00:20:23 info 开始请求接口
2023-03-10 00:20:23 info 接口请求成功
2023-03-10 00:20:23 info 请求返回数据:{'status': 10104, 'message': 'username or password error', 'data': []}
2023-03-10 00:20:23 info 开始校验status  10200==10104
2023-03-10 00:20:23 error 校验失败!
2023-03-10 00:20:23 info 开始校验message  login success==username or password error
2023-03-10 00:20:23 error 校验失败!
2023-03-10 00:20:23 info 开始校验data  []==[]
2023-03-10 00:20:23 info 数据校验完成
2023-03-10 00:20:23 info 

2023-03-10 00:20:23 info 开始执行用例,标题:密码错误
2023-03-10 00:20:23 info 读取用例中数据
2023-03-10 00:20:23 info URL读取成功,URL:http://abc.twoitmen.club/api/login
2023-03-10 00:20:23 info 接口传值:{'username': 'root', 'password': 1234}
2023-03-10 00:20:23 info 请求方式:post
2023-03-10 00:20:23 info 开始请求接口
2023-03-10 00:20:23 info 接口请求成功
2023-03-10 00:20:23 info 请求返回数据:{'status': 10104, 'message': 'username or password error', 'data': []}
2023-03-10 00:20:23 info 开始校验status  10104==10104
2023-03-10 00:20:23 info 数据校验完成
2023-03-10 00:20:23 info 开始校验message  username or password error==username or password error
2023-03-10 00:20:23 info 数据校验完成
2023-03-10 00:20:23 info 开始校验data  []==[]
2023-03-10 00:20:23 info 数据校验完成
2023-03-10 00:20:23 info 

2023-03-10 00:20:23 info 开始执行用例,标题:正常登录成功
2023-03-10 00:20:23 info 读取用例中数据
2023-03-10 00:20:23 info URL读取成功,URL:http://abc.twoitmen.club/api/login
2023-03-10 00:20:23 info 接口传值:{'username': 'root', 'password': 123}
2023-03-10 00:20:23 info 请求方式:post
2023-03-10 00:20:23 info 开始请求接口
2023-03-10 00:20:23 info 接口请求成功
2023-03-10 00:20:23 info 请求返回数据:{'status': 10104, 'message': 'username or password error', 'data': []}
2023-03-10 00:20:23 info 开始校验status  10200==10104
2023-03-10 00:20:23 error 校验失败!
2023-03-10 00:20:23 info 开始校验message  login success==username or password error
2023-03-10 00:20:23 error 校验失败!
2023-03-10 00:20:23 info 开始校验data  []==[]
2023-03-10 00:20:23 info 数据校验完成
2023-03-10 00:20:23 info 

2023-03-10 00:20:23 info 开始执行用例,标题:密码错误
2023-03-10 00:20:23 info 读取用例中数据
2023-03-10 00:20:23 info URL读取成功,URL:http://abc.twoitmen.club/api/login
2023-03-10 00:20:23 info 接口传值:{'username': 'root', 'password': 1234}
2023-03-10 00:20:23 info 请求方式:post
2023-03-10 00:20:23 info 开始请求接口
2023-03-10 00:20:23 info 接口请求成功
2023-03-10 00:20:23 info 请求返回数据:{'status': 10104, 'message': 'username or password error', 'data': []}
2023-03-10 00:20:23 info 开始校验status  10104==10104
2023-03-10 00:20:23 info 数据校验完成
2023-03-10 00:20:23 info 开始校验message  username or password error==username or password error
2023-03-10 00:20:23 info 数据校验完成
2023-03-10 00:20:23 info 开始校验data  []==[]
2023-03-10 00:20:23 info 数据校验完成
2023-03-10 00:20:23 info 

2023-03-10 00:20:23 info 开始执行用例,标题:密码错误
2023-03-10 00:20:23 info 读取用例中数据
2023-03-10 00:20:23 info URL读取成功,URL:http://abc.twoitmen.club/api/login
2023-03-10 00:20:23 info 接口传值:{'username': 'root', 'password': 1234}
2023-03-10 00:20:23 info 请求方式:post
2023-03-10 00:20:23 info 开始请求接口
2023-03-10 00:20:23 info 接口请求成功
2023-03-10 00:20:23 info 请求返回数据:{'status': 10104, 'message': 'username or password error', 'data': []}
2023-03-10 00:20:23 info 开始校验status  10104==10104
2023-03-10 00:20:23 info 数据校验完成
2023-03-10 00:20:23 info 开始校验message  username or password error==username or password error
2023-03-10 00:20:23 info 数据校验完成
2023-03-10 00:20:23 info 开始校验data  []==[]
2023-03-10 00:20:23 info 数据校验完成
2023-03-10 00:20:23 info 

2023-03-10 00:20:23 info 开始执行用例,标题:密码错误
2023-03-10 00:20:23 info 读取用例中数据
2023-03-10 00:20:23 info URL读取成功,URL:http://abc.twoitmen.club/api/login
2023-03-10 00:20:23 info 接口传值:{'username': 'root', 'password': 1234}
2023-03-10 00:20:23 info 请求方式:post
2023-03-10 00:20:23 info 开始请求接口
2023-03-10 00:20:23 info 接口请求成功
2023-03-10 00:20:23 info 请求返回数据:{'status': 10104, 'message': 'username or password error', 'data': []}
2023-03-10 00:20:23 info 开始校验status  10104==10104
2023-03-10 00:20:23 info 数据校验完成
2023-03-10 00:20:23 info 开始校验message  username or password error==username or password error
2023-03-10 00:20:23 info 数据校验完成
2023-03-10 00:20:23 info 开始校验data  []==[]
2023-03-10 00:20:23 info 数据校验完成
2023-03-10 00:20:23 info 

2023-03-10 00:20:23 info 开始执行用例,标题:密码错误
2023-03-10 00:20:23 info 读取用例中数据
2023-03-10 00:20:23 info URL读取成功,URL:http://abc.twoitmen.club/api/login
2023-03-10 00:20:23 info 接口传值:{'username': 'root', 'password': 1234}
2023-03-10 00:20:23 info 请求方式:post
2023-03-10 00:20:23 info 开始请求接口
2023-03-10 00:20:23 info 接口请求成功
2023-03-10 00:20:23 info 请求返回数据:{'status': 10104, 'message': 'username or password error', 'data': []}
2023-03-10 00:20:23 info 开始校验status  10104==10104
2023-03-10 00:20:23 info 数据校验完成
2023-03-10 00:20:23 info 开始校验message  username or password error==username or password error
2023-03-10 00:20:23 info 数据校验完成
2023-03-10 00:20:23 info 开始校验data  []==[]
2023-03-10 00:20:23 info 数据校验完成
2023-03-10 00:20:23 info 

2023-03-10 00:20:23 info 开始执行用例,标题:密码错误
2023-03-10 00:20:23 info 读取用例中数据
2023-03-10 00:20:23 info URL读取成功,URL:http://abc.twoitmen.club/api/login
2023-03-10 00:20:23 info 接口传值:{'username': 'root', 'password': 1234}
2023-03-10 00:20:23 info 请求方式:post
2023-03-10 00:20:23 info 开始请求接口
2023-03-10 00:20:23 info 接口请求成功
2023-03-10 00:20:23 info 请求返回数据:{'status': 10104, 'message': 'username or password error', 'data': []}
2023-03-10 00:20:23 info 开始校验status  10104==10104
2023-03-10 00:20:23 info 数据校验完成
2023-03-10 00:20:23 info 开始校验message  username or password error==username or password error
2023-03-10 00:20:23 info 数据校验完成
2023-03-10 00:20:23 info 开始校验data  []==[]
2023-03-10 00:20:23 info 数据校验完成
2023-03-10 00:20:23 info 

2023-03-10 00:20:23 info 开始执行用例,标题:密码为空
2023-03-10 00:20:23 info 读取用例中数据
2023-03-10 00:20:23 info URL读取成功,URL:http://abc.twoitmen.club/api/login
2023-03-10 00:20:23 info 接口传值:{'username': 'root', 'password': None}
2023-03-10 00:20:23 info 请求方式:post
2023-03-10 00:20:23 info 开始请求接口
2023-03-10 00:20:23 info 接口请求成功
2023-03-10 00:20:23 error 获取JSON失败:Expecting value: line 1 column 1 (char 0)
2023-03-10 00:20:23 info 开始执行用例,标题:密码错误
2023-03-10 00:20:23 info 读取用例中数据
2023-03-10 00:20:23 info URL读取成功,URL:http://abc.twoitmen.club/api/login
2023-03-10 00:20:23 info 接口传值:{'username': 'root', 'password': 1234}
2023-03-10 00:20:23 info 请求方式:post
2023-03-10 00:20:23 info 开始请求接口
2023-03-10 00:20:23 info 接口请求成功
2023-03-10 00:20:23 info 请求返回数据:{'status': 10104, 'message': 'username or password error', 'data': []}
2023-03-10 00:20:23 info 开始校验status  10104==10104
2023-03-10 00:20:23 info 数据校验完成
2023-03-10 00:20:23 info 开始校验message  username or password error==username or password error
2023-03-10 00:20:23 info 数据校验完成
2023-03-10 00:20:23 info 开始校验data  []==[]
2023-03-10 00:20:23 info 数据校验完成
2023-03-10 00:20:23 info 

2023-03-10 00:20:23 info 开始执行用例,标题:密码错误
2023-03-10 00:20:23 info 读取用例中数据
2023-03-10 00:20:23 info URL读取成功,URL:http://abc.twoitmen.club/api/login
2023-03-10 00:20:23 info 接口传值:{'username': 'root', 'password': 1234}
2023-03-10 00:20:23 info 请求方式:post
2023-03-10 00:20:23 info 开始请求接口
2023-03-10 00:20:23 info 接口请求成功
2023-03-10 00:20:23 info 请求返回数据:{'status': 10104, 'message': 'username or password error', 'data': []}
2023-03-10 00:20:23 info 开始校验status  10104==10104
2023-03-10 00:20:24 info 数据校验完成
2023-03-10 00:20:24 info 开始校验message  username or password error==username or password error
2023-03-10 00:20:24 info 数据校验完成
2023-03-10 00:20:24 info 开始校验data  []==[]
2023-03-10 00:20:24 info 数据校验完成
2023-03-10 00:20:24 info 

2023-03-10 00:20:24 info 开始执行用例,标题:密码错误
2023-03-10 00:20:24 info 读取用例中数据
2023-03-10 00:20:24 info URL读取成功,URL:http://abc.twoitmen.club/api/login
2023-03-10 00:20:24 info 接口传值:{'username': 'root', 'password': 1234}
2023-03-10 00:20:24 info 请求方式:post
2023-03-10 00:20:24 info 开始请求接口
2023-03-10 00:20:24 info 接口请求成功
2023-03-10 00:20:24 info 请求返回数据:{'status': 10104, 'message': 'username or password error', 'data': []}
2023-03-10 00:20:24 info 开始校验status  10104==10104
2023-03-10 00:20:24 info 数据校验完成
2023-03-10 00:20:24 info 开始校验message  username or password error==username or password error
2023-03-10 00:20:24 info 数据校验完成
2023-03-10 00:20:24 info 开始校验data  []==[]
2023-03-10 00:20:24 info 数据校验完成
2023-03-10 00:20:24 info 

2023-03-10 00:20:23 info 开始执行用例,标题:密码为空
2023-03-10 00:20:23 info 读取用例中数据
2023-03-10 00:20:23 info URL读取成功,URL:http://abc.twoitmen.club/api/login
2023-03-10 00:20:23 info 接口传值:{'username': 'root', 'password': None}
2023-03-10 00:20:23 info 请求方式:post
2023-03-10 00:20:23 info 开始请求接口
2023-03-10 00:20:24 info 接口请求成功
2023-03-10 00:20:24 error 获取JSON失败:Expecting value: line 1 column 1 (char 0)
2023-03-10 00:20:24 info 开始执行用例,标题:密码错误
2023-03-10 00:20:24 info 读取用例中数据
2023-03-10 00:20:24 info URL读取成功,URL:http://abc.twoitmen.club/api/login
2023-03-10 00:20:24 info 接口传值:{'username': 'root', 'password': 1234}
2023-03-10 00:20:24 info 请求方式:post
2023-03-10 00:20:24 info 开始请求接口
2023-03-10 00:20:24 info 接口请求成功
2023-03-10 00:20:24 info 请求返回数据:{'status': 10104, 'message': 'username or password error', 'data': []}
2023-03-10 00:20:24 info 开始校验status  10104==10104
2023-03-10 00:20:24 info 数据校验完成
2023-03-10 00:20:24 info 开始校验message  username or password error==username or password error
2023-03-10 00:20:24 info 数据校验完成
2023-03-10 00:20:24 info 开始校验data  []==[]
2023-03-10 00:20:24 info 数据校验完成
2023-03-10 00:20:24 info 

2023-03-10 00:20:24 info 开始执行用例,标题:多参
2023-03-10 00:20:24 info 读取用例中数据
2023-03-10 00:20:24 info URL读取成功,URL:http://abc.twoitmen.club/api/login
2023-03-10 00:20:24 info 接口传值:{'username': 'root', 'password': 123, 'pass': 123}
2023-03-10 00:20:24 info 请求方式:post
2023-03-10 00:20:24 info 开始请求接口
2023-03-10 00:20:24 info 接口请求成功
2023-03-10 00:20:24 info 请求返回数据:{'status': 10104, 'message': 'username or password error', 'data': []}
2023-03-10 00:20:24 info 开始校验status  10200==10104
2023-03-10 00:20:24 error 校验失败!
2023-03-10 00:20:24 info 开始校验message  login success==username or password error
2023-03-10 00:20:24 error 校验失败!
2023-03-10 00:20:24 info 开始校验data  []==[]
2023-03-10 00:20:24 info 数据校验完成
2023-03-10 00:20:24 info 

2023-03-10 00:20:24 info 开始执行用例,标题:密码错误
2023-03-10 00:20:24 info 读取用例中数据
2023-03-10 00:20:24 info URL读取成功,URL:http://abc.twoitmen.club/api/login
2023-03-10 00:20:24 info 接口传值:{'username': 'root', 'password': 1234}
2023-03-10 00:20:24 info 请求方式:post
2023-03-10 00:20:24 info 开始请求接口
2023-03-10 00:20:24 info 接口请求成功
2023-03-10 00:20:24 info 请求返回数据:{'status': 10104, 'message': 'username or password error', 'data': []}
2023-03-10 00:20:24 info 开始校验status  10104==10104
2023-03-10 00:20:24 info 数据校验完成
2023-03-10 00:20:24 info 开始校验message  username or password error==username or password error
2023-03-10 00:20:24 info 数据校验完成
2023-03-10 00:20:24 info 开始校验data  []==[]
2023-03-10 00:20:24 info 数据校验完成
2023-03-10 00:20:24 info 

2023-03-10 00:20:24 info 开始执行用例,标题:多参
2023-03-10 00:20:24 info 读取用例中数据
2023-03-10 00:20:24 info URL读取成功,URL:http://abc.twoitmen.club/api/login
2023-03-10 00:20:24 info 接口传值:{'username': 'root', 'password': 123, 'pass': 123}
2023-03-10 00:20:24 info 请求方式:post
2023-03-10 00:20:24 info 开始请求接口
2023-03-10 00:20:24 info 接口请求成功
2023-03-10 00:20:24 info 请求返回数据:{'status': 10104, 'message': 'username or password error', 'data': []}
2023-03-10 00:20:24 info 开始校验status  10200==10104
2023-03-10 00:20:24 error 校验失败!
2023-03-10 00:20:24 info 开始校验message  login success==username or password error
2023-03-10 00:20:24 error 校验失败!
2023-03-10 00:20:24 info 开始校验data  []==[]
2023-03-10 00:20:24 info 数据校验完成
2023-03-10 00:20:24 info 

2023-03-10 00:20:24 info 开始执行用例,标题:密码错误
2023-03-10 00:20:24 info 读取用例中数据
2023-03-10 00:20:24 info URL读取成功,URL:http://abc.twoitmen.club/api/login
2023-03-10 00:20:24 info 接口传值:{'username': 'root', 'password': 1234}
2023-03-10 00:20:24 info 请求方式:post
2023-03-10 00:20:24 info 开始请求接口
2023-03-10 00:20:24 info 接口请求成功
2023-03-10 00:20:24 info 请求返回数据:{'status': 10104, 'message': 'username or password error', 'data': []}
2023-03-10 00:20:24 info 开始校验status  10104==10104
2023-03-10 00:20:24 info 数据校验完成
2023-03-10 00:20:24 info 开始校验message  username or password error==username or password error
2023-03-10 00:20:24 info 数据校验完成
2023-03-10 00:20:24 info 开始校验data  []==[]
2023-03-10 00:20:24 info 数据校验完成
2023-03-10 00:20:24 info 

2023-03-10 00:20:24 info 开始执行用例,标题:密码错误
2023-03-10 00:20:24 info 读取用例中数据
2023-03-10 00:20:24 info URL读取成功,URL:http://abc.twoitmen.club/api/login
2023-03-10 00:20:24 info 接口传值:{'username': 'root', 'password': 1234}
2023-03-10 00:20:24 info 请求方式:post
2023-03-10 00:20:24 info 开始请求接口
2023-03-10 00:20:24 info 接口请求成功
2023-03-10 00:20:24 info 请求返回数据:{'status': 10104, 'message': 'username or password error', 'data': []}
2023-03-10 00:20:24 info 开始校验status  10104==10104
2023-03-10 00:20:24 info 数据校验完成
2023-03-10 00:20:24 info 开始校验message  username or password error==username or password error
2023-03-10 00:20:24 info 数据校验完成
2023-03-10 00:20:24 info 开始校验data  []==[]
2023-03-10 00:20:24 info 数据校验完成
2023-03-10 00:20:24 info 

2023-03-10 00:20:24 info 开始执行用例,标题:少参
2023-03-10 00:20:24 info 读取用例中数据
2023-03-10 00:20:24 info URL读取成功,URL:http://abc.twoitmen.club/api/login
2023-03-10 00:20:24 info 接口传值:{'username': 'root'}
2023-03-10 00:20:24 info 请求方式:post
2023-03-10 00:20:24 info 开始请求接口
2023-03-10 00:20:24 info 接口请求成功
2023-03-10 00:20:24 error 获取JSON失败:Expecting value: line 1 column 1 (char 0)
2023-03-10 00:20:24 info 开始执行用例,标题:密码错误
2023-03-10 00:20:24 info 读取用例中数据
2023-03-10 00:20:24 info URL读取成功,URL:http://abc.twoitmen.club/api/login
2023-03-10 00:20:24 info 接口传值:{'username': 'root', 'password': 1234}
2023-03-10 00:20:24 info 请求方式:post
2023-03-10 00:20:24 info 开始请求接口
2023-03-10 00:20:24 info 接口请求成功
2023-03-10 00:20:24 info 请求返回数据:{'status': 10104, 'message': 'username or password error', 'data': []}
2023-03-10 00:20:24 info 开始校验status  10104==10104
2023-03-10 00:20:24 info 数据校验完成
2023-03-10 00:20:24 info 开始校验message  username or password error==username or password error
2023-03-10 00:20:24 info 数据校验完成
2023-03-10 00:20:24 info 开始校验data  []==[]
2023-03-10 00:20:24 info 数据校验完成
2023-03-10 00:20:24 info 

2023-03-10 00:20:24 info 开始执行用例,标题:密码错误
2023-03-10 00:20:24 info 读取用例中数据
2023-03-10 00:20:24 info URL读取成功,URL:http://abc.twoitmen.club/api/login
2023-03-10 00:20:24 info 接口传值:{'username': 'root', 'password': 1234}
2023-03-10 00:20:24 info 请求方式:post
2023-03-10 00:20:24 info 开始请求接口
2023-03-10 00:20:24 info 接口请求成功
2023-03-10 00:20:24 info 请求返回数据:{'status': 10104, 'message': 'username or password error', 'data': []}
2023-03-10 00:20:24 info 开始校验status  10104==10104
2023-03-10 00:20:24 info 数据校验完成
2023-03-10 00:20:24 info 开始校验message  username or password error==username or password error
2023-03-10 00:20:24 info 数据校验完成
2023-03-10 00:20:24 info 开始校验data  []==[]
2023-03-10 00:20:24 info 数据校验完成
2023-03-10 00:20:24 info 

2023-03-10 00:20:24 info 开始执行用例,标题:少参
2023-03-10 00:20:24 info 读取用例中数据
2023-03-10 00:20:24 info URL读取成功,URL:http://abc.twoitmen.club/api/login
2023-03-10 00:20:24 info 接口传值:{'username': 'root'}
2023-03-10 00:20:24 info 请求方式:post
2023-03-10 00:20:24 info 开始请求接口
2023-03-10 00:20:24 info 接口请求成功
2023-03-10 00:20:24 error 获取JSON失败:Expecting value: line 1 column 1 (char 0)
2023-03-10 00:20:24 info 开始执行用例,标题:密码错误
2023-03-10 00:20:24 info 读取用例中数据
2023-03-10 00:20:24 info URL读取成功,URL:http://abc.twoitmen.club/api/login
2023-03-10 00:20:24 info 接口传值:{'username': 'root', 'password': 1234}
2023-03-10 00:20:24 info 请求方式:post
2023-03-10 00:20:24 info 开始请求接口
2023-03-10 00:20:24 info 接口请求成功
2023-03-10 00:20:24 info 请求返回数据:{'status': 10104, 'message': 'username or password error', 'data': []}
2023-03-10 00:20:24 info 开始校验status  10104==10104
2023-03-10 00:20:24 info 数据校验完成
2023-03-10 00:20:24 info 开始校验message  username or password error==username or password error
2023-03-10 00:20:24 info 数据校验完成
2023-03-10 00:20:24 info 开始校验data  []==[]
2023-03-10 00:20:24 info 数据校验完成
2023-03-10 00:20:24 info 

2023-03-10 00:20:24 info 开始执行用例,标题:密码错误
2023-03-10 00:20:24 info 读取用例中数据
2023-03-10 00:20:24 info URL读取成功,URL:http://abc.twoitmen.club/api/login
2023-03-10 00:20:24 info 接口传值:{'username': 'root', 'password': 1234}
2023-03-10 00:20:24 info 请求方式:post
2023-03-10 00:20:24 info 开始请求接口
2023-03-10 00:20:24 info 接口请求成功
2023-03-10 00:20:24 info 请求返回数据:{'status': 10104, 'message': 'username or password error', 'data': []}
2023-03-10 00:20:24 info 开始校验status  10104==10104
2023-03-10 00:20:24 info 数据校验完成
2023-03-10 00:20:24 info 开始校验message  username or password error==username or password error
2023-03-10 00:20:24 info 数据校验完成
2023-03-10 00:20:24 info 开始校验data  []==[]
2023-03-10 00:20:24 info 数据校验完成
2023-03-10 00:20:24 info 

2023-03-10 00:20:24 info 开始执行用例,标题:少参
2023-03-10 00:20:24 info 读取用例中数据
2023-03-10 00:20:24 info URL读取成功,URL:http://abc.twoitmen.club/api/login
2023-03-10 00:20:24 info 接口传值:{'username': 'root'}
2023-03-10 00:20:24 info 请求方式:post
2023-03-10 00:20:24 info 开始请求接口
2023-03-10 00:20:24 info 接口请求成功
2023-03-10 00:20:24 error 获取JSON失败:Expecting value: line 1 column 1 (char 0)
2023-03-10 00:20:24 info 开始执行用例,标题:密码错误
2023-03-10 00:20:24 info 读取用例中数据
2023-03-10 00:20:24 info URL读取成功,URL:http://abc.twoitmen.club/api/login
2023-03-10 00:20:24 info 接口传值:{'username': 'root', 'password': 1234}
2023-03-10 00:20:24 info 请求方式:post
2023-03-10 00:20:24 info 开始请求接口
2023-03-10 00:20:24 info 接口请求成功
2023-03-10 00:20:24 info 请求返回数据:{'status': 10104, 'message': 'username or password error', 'data': []}
2023-03-10 00:20:24 info 开始校验status  10104==10104
2023-03-10 00:20:24 info 数据校验完成
2023-03-10 00:20:24 info 开始校验message  username or password error==username or password error
2023-03-10 00:20:24 info 数据校验完成
2023-03-10 00:20:24 info 开始校验data  []==[]
2023-03-10 00:20:24 info 数据校验完成
2023-03-10 00:20:24 info 

2023-03-10 00:20:24 info 开始执行用例,标题:密码错误
2023-03-10 00:20:24 info 读取用例中数据
2023-03-10 00:20:24 info URL读取成功,URL:http://abc.twoitmen.club/api/login
2023-03-10 00:20:24 info 接口传值:{'username': 'root', 'password': 1234}
2023-03-10 00:20:24 info 请求方式:post
2023-03-10 00:20:24 info 开始请求接口
2023-03-10 00:20:25 info 接口请求成功
2023-03-10 00:20:25 info 请求返回数据:{'status': 10104, 'message': 'username or password error', 'data': []}
2023-03-10 00:20:25 info 开始校验status  10104==10104
2023-03-10 00:20:25 info 数据校验完成
2023-03-10 00:20:25 info 开始校验message  username or password error==username or password error
2023-03-10 00:20:25 info 数据校验完成
2023-03-10 00:20:25 info 开始校验data  []==[]
2023-03-10 00:20:25 info 数据校验完成
2023-03-10 00:20:25 info 

2023-03-10 00:20:25 info 开始执行用例,标题:密码错误
2023-03-10 00:20:25 info 读取用例中数据
2023-03-10 00:20:25 info URL读取成功,URL:http://abc.twoitmen.club/api/login
2023-03-10 00:20:25 info 接口传值:{'username': 'root', 'password': 1234}
2023-03-10 00:20:25 info 请求方式:post
2023-03-10 00:20:25 info 开始请求接口
2023-03-10 00:20:25 info 接口请求成功
2023-03-10 00:20:25 info 请求返回数据:{'status': 10104, 'message': 'username or password error', 'data': []}
2023-03-10 00:20:25 info 开始校验status  10104==10104
2023-03-10 00:20:25 info 数据校验完成
2023-03-10 00:20:25 info 开始校验message  username or password error==username or password error
2023-03-10 00:20:25 info 数据校验完成
2023-03-10 00:20:25 info 开始校验data  []==[]
2023-03-10 00:20:25 info 数据校验完成
2023-03-10 00:20:25 info 

2023-03-10 00:20:24 info 开始执行用例,标题:少参
2023-03-10 00:20:24 info 读取用例中数据
2023-03-10 00:20:24 info URL读取成功,URL:http://abc.twoitmen.club/api/login
2023-03-10 00:20:24 info 接口传值:{'username': 'root'}
2023-03-10 00:20:24 info 请求方式:post
2023-03-10 00:20:24 info 开始请求接口
2023-03-10 00:20:25 info 接口请求成功
2023-03-10 00:20:25 error 获取JSON失败:Expecting value: line 1 column 1 (char 0)
2023-03-10 00:20:25 info 开始执行用例,标题:密码错误
2023-03-10 00:20:25 info 读取用例中数据
2023-03-10 00:20:25 info URL读取成功,URL:http://abc.twoitmen.club/api/login
2023-03-10 00:20:25 info 接口传值:{'username': 'root', 'password': 1234}
2023-03-10 00:20:25 info 请求方式:post
2023-03-10 00:20:25 info 开始请求接口
2023-03-10 00:20:25 info 接口请求成功
2023-03-10 00:20:25 info 请求返回数据:{'status': 10104, 'message': 'username or password error', 'data': []}
2023-03-10 00:20:25 info 开始校验status  10104==10104
2023-03-10 00:20:25 info 数据校验完成
2023-03-10 00:20:25 info 开始校验message  username or password error==username or password error
2023-03-10 00:20:25 info 数据校验完成
2023-03-10 00:20:25 info 开始校验data  []==[]
2023-03-10 00:20:25 info 数据校验完成
2023-03-10 00:20:25 info 

2023-03-10 00:20:25 info 开始执行用例,标题:密码错误
2023-03-10 00:20:25 info 读取用例中数据
2023-03-10 00:20:25 info URL读取成功,URL:http://abc.twoitmen.club/api/login
2023-03-10 00:20:25 info 接口传值:{'username': 'root', 'password': 1234}
2023-03-10 00:20:25 info 请求方式:post
2023-03-10 00:20:25 info 开始请求接口
2023-03-10 00:20:25 info 接口请求成功
2023-03-10 00:20:25 info 请求返回数据:{'status': 10104, 'message': 'username or password error', 'data': []}
2023-03-10 00:20:25 info 开始校验status  10104==10104
2023-03-10 00:20:25 info 数据校验完成
2023-03-10 00:20:25 info 开始校验message  username or password error==username or password error
2023-03-10 00:20:25 info 数据校验完成
2023-03-10 00:20:25 info 开始校验data  []==[]
2023-03-10 00:20:25 info 数据校验完成
2023-03-10 00:20:25 info 

2023-03-10 00:20:25 info 开始执行用例,标题:少参
2023-03-10 00:20:25 info 读取用例中数据
2023-03-10 00:20:25 info URL读取成功,URL:http://abc.twoitmen.club/api/login
2023-03-10 00:20:25 info 接口传值:{'username': 'root'}
2023-03-10 00:20:25 info 请求方式:post
2023-03-10 00:20:25 info 开始请求接口
2023-03-10 00:20:25 info 接口请求成功
2023-03-10 00:20:25 error 获取JSON失败:Expecting value: line 1 column 1 (char 0)
2023-03-10 00:20:25 info 开始执行用例,标题:密码错误
2023-03-10 00:20:25 info 读取用例中数据
2023-03-10 00:20:25 info URL读取成功,URL:http://abc.twoitmen.club/api/login
2023-03-10 00:20:25 info 接口传值:{'username': 'root', 'password': 1234}
2023-03-10 00:20:25 info 请求方式:post
2023-03-10 00:20:25 info 开始请求接口
2023-03-10 00:20:25 info 接口请求成功
2023-03-10 00:20:25 info 请求返回数据:{'status': 10104, 'message': 'username or password error', 'data': []}
2023-03-10 00:20:25 info 开始校验status  10104==10104
2023-03-10 00:20:25 info 数据校验完成
2023-03-10 00:20:25 info 开始校验message  username or password error==username or password error
2023-03-10 00:20:25 info 数据校验完成
2023-03-10 00:20:25 info 开始校验data  []==[]
2023-03-10 00:20:25 info 数据校验完成
2023-03-10 00:20:25 info 

2023-03-10 00:20:25 info 开始执行用例,标题:密码错误
2023-03-10 00:20:25 info 读取用例中数据
2023-03-10 00:20:25 info URL读取成功,URL:http://abc.twoitmen.club/api/login
2023-03-10 00:20:25 info 接口传值:{'username': 'root', 'password': 1234}
2023-03-10 00:20:25 info 请求方式:post
2023-03-10 00:20:25 info 开始请求接口
2023-03-10 00:20:25 info 接口请求成功
2023-03-10 00:20:25 info 请求返回数据:{'status': 10104, 'message': 'username or password error', 'data': []}
2023-03-10 00:20:25 info 开始校验status  10104==10104
2023-03-10 00:20:25 info 数据校验完成
2023-03-10 00:20:25 info 开始校验message  username or password error==username or password error
2023-03-10 00:20:25 info 数据校验完成
2023-03-10 00:20:25 info 开始校验data  []==[]
2023-03-10 00:20:25 info 数据校验完成
2023-03-10 00:20:25 info 

2023-03-10 00:20:25 info 开始执行用例,标题:少参
2023-03-10 00:20:25 info 读取用例中数据
2023-03-10 00:20:25 info URL读取成功,URL:http://abc.twoitmen.club/api/login
2023-03-10 00:20:25 info 接口传值:{'username': 'root'}
2023-03-10 00:20:25 info 请求方式:post
2023-03-10 00:20:25 info 开始请求接口
2023-03-10 00:20:25 info 接口请求成功
2023-03-10 00:20:25 error 获取JSON失败:Expecting value: line 1 column 1 (char 0)
2023-03-10 00:20:25 info 开始执行用例,标题:密码错误
2023-03-10 00:20:25 info 读取用例中数据
2023-03-10 00:20:25 info URL读取成功,URL:http://abc.twoitmen.club/api/login
2023-03-10 00:20:25 info 接口传值:{'username': 'root', 'password': 1234}
2023-03-10 00:20:25 info 请求方式:post
2023-03-10 00:20:25 info 开始请求接口
2023-03-10 00:20:25 info 接口请求成功
2023-03-10 00:20:25 info 请求返回数据:{'status': 10104, 'message': 'username or password error', 'data': []}
2023-03-10 00:20:25 info 开始校验status  10104==10104
2023-03-10 00:20:25 info 数据校验完成
2023-03-10 00:20:25 info 开始校验message  username or password error==username or password error
2023-03-10 00:20:25 info 数据校验完成
2023-03-10 00:20:25 info 开始校验data  []==[]
2023-03-10 00:20:25 info 数据校验完成
2023-03-10 00:20:25 info 

2023-03-10 00:20:25 info 开始执行用例,标题:密码错误
2023-03-10 00:20:25 info 读取用例中数据
2023-03-10 00:20:25 info URL读取成功,URL:http://abc.twoitmen.club/api/login
2023-03-10 00:20:25 info 接口传值:{'username': 'root', 'password': 1234}
2023-03-10 00:20:25 info 请求方式:post
2023-03-10 00:20:25 info 开始请求接口
2023-03-10 00:20:25 info 接口请求成功
2023-03-10 00:20:25 info 请求返回数据:{'status': 10104, 'message': 'username or password error', 'data': []}
2023-03-10 00:20:25 info 开始校验status  10104==10104
2023-03-10 00:20:25 info 数据校验完成
2023-03-10 00:20:25 info 开始校验message  username or password error==username or password error
2023-03-10 00:20:25 info 数据校验完成
2023-03-10 00:20:25 info 开始校验data  []==[]
2023-03-10 00:20:25 info 数据校验完成
2023-03-10 00:20:25 info 

2023-03-10 00:20:25 info 开始执行用例,标题:少参
2023-03-10 00:20:25 info 读取用例中数据
2023-03-10 00:20:25 info URL读取成功,URL:http://abc.twoitmen.club/api/login
2023-03-10 00:20:25 info 接口传值:{'password': 'root'}
2023-03-10 00:20:25 info 请求方式:post
2023-03-10 00:20:25 info 开始请求接口
2023-03-10 00:20:25 info 接口请求成功
2023-03-10 00:20:25 error 获取JSON失败:Expecting value: line 1 column 1 (char 0)
2023-03-10 00:20:25 info 开始执行用例,标题:密码错误
2023-03-10 00:20:25 info 读取用例中数据
2023-03-10 00:20:25 info URL读取成功,URL:http://abc.twoitmen.club/api/login
2023-03-10 00:20:25 info 接口传值:{'username': 'root', 'password': 1234}
2023-03-10 00:20:25 info 请求方式:post
2023-03-10 00:20:25 info 开始请求接口
2023-03-10 00:20:25 info 接口请求成功
2023-03-10 00:20:25 info 请求返回数据:{'status': 10104, 'message': 'username or password error', 'data': []}
2023-03-10 00:20:25 info 开始校验status  10104==10104
2023-03-10 00:20:25 info 数据校验完成
2023-03-10 00:20:25 info 开始校验message  username or password error==username or password error
2023-03-10 00:20:25 info 数据校验完成
2023-03-10 00:20:25 info 开始校验data  []==[]
2023-03-10 00:20:25 info 数据校验完成
2023-03-10 00:20:25 info 

2023-03-10 00:20:25 info 开始执行用例,标题:密码错误
2023-03-10 00:20:25 info 读取用例中数据
2023-03-10 00:20:25 info URL读取成功,URL:http://abc.twoitmen.club/api/login
2023-03-10 00:20:25 info 接口传值:{'username': 'root', 'password': 1234}
2023-03-10 00:20:25 info 请求方式:post
2023-03-10 00:20:25 info 开始请求接口
2023-03-10 00:20:25 info 接口请求成功
2023-03-10 00:20:25 info 请求返回数据:{'status': 10104, 'message': 'username or password error', 'data': []}
2023-03-10 00:20:25 info 开始校验status  10104==10104
2023-03-10 00:20:25 info 数据校验完成
2023-03-10 00:20:25 info 开始校验message  username or password error==username or password error
2023-03-10 00:20:25 info 数据校验完成
2023-03-10 00:20:25 info 开始校验data  []==[]
2023-03-10 00:20:25 info 数据校验完成
2023-03-10 00:20:25 info 

2023-03-10 00:20:25 info 开始执行用例,标题:少参
2023-03-10 00:20:25 info 读取用例中数据
2023-03-10 00:20:25 info URL读取成功,URL:http://abc.twoitmen.club/api/login
2023-03-10 00:20:25 info 接口传值:{'password': 'root'}
2023-03-10 00:20:25 info 请求方式:post
2023-03-10 00:20:25 info 开始请求接口
2023-03-10 00:20:25 info 接口请求成功
2023-03-10 00:20:25 error 获取JSON失败:Expecting value: line 1 column 1 (char 0)
2023-03-10 00:20:25 info 开始执行用例,标题:密码错误
2023-03-10 00:20:25 info 读取用例中数据
2023-03-10 00:20:25 info URL读取成功,URL:http://abc.twoitmen.club/api/login
2023-03-10 00:20:25 info 接口传值:{'username': 'root', 'password': 1234}
2023-03-10 00:20:25 info 请求方式:post
2023-03-10 00:20:25 info 开始请求接口
2023-03-10 00:20:25 info 接口请求成功
2023-03-10 00:20:25 info 请求返回数据:{'status': 10104, 'message': 'username or password error', 'data': []}
2023-03-10 00:20:25 info 开始校验status  10104==10104
2023-03-10 00:20:25 info 数据校验完成
2023-03-10 00:20:25 info 开始校验message  username or password error==username or password error
2023-03-10 00:20:25 info 数据校验完成
2023-03-10 00:20:25 info 开始校验data  []==[]
2023-03-10 00:20:25 info 数据校验完成
2023-03-10 00:20:25 info 

2023-03-10 00:20:25 info 开始执行用例,标题:密码错误
2023-03-10 00:20:25 info 读取用例中数据
2023-03-10 00:20:25 info URL读取成功,URL:http://abc.twoitmen.club/api/login
2023-03-10 00:20:25 info 接口传值:{'username': 'root', 'password': 1234}
2023-03-10 00:20:25 info 请求方式:post
2023-03-10 00:20:25 info 开始请求接口
2023-03-10 00:20:25 info 接口请求成功
2023-03-10 00:20:25 info 请求返回数据:{'status': 10104, 'message': 'username or password error', 'data': []}
2023-03-10 00:20:25 info 开始校验status  10104==10104
2023-03-10 00:20:25 info 数据校验完成
2023-03-10 00:20:25 info 开始校验message  username or password error==username or password error
2023-03-10 00:20:25 info 数据校验完成
2023-03-10 00:20:25 info 开始校验data  []==[]
2023-03-10 00:20:25 info 数据校验完成
2023-03-10 00:20:25 info 

2023-03-10 00:20:25 info 开始执行用例,标题:密码错误
2023-03-10 00:20:25 info 读取用例中数据
2023-03-10 00:20:25 info URL读取成功,URL:http://abc.twoitmen.club/api/login
2023-03-10 00:20:25 info 接口传值:{'username': 'root', 'password': 1234}
2023-03-10 00:20:25 info 请求方式:post
2023-03-10 00:20:25 info 开始请求接口
2023-03-10 00:20:25 info 接口请求成功
2023-03-10 00:20:25 info 请求返回数据:{'status': 10104, 'message': 'username or password error', 'data': []}
2023-03-10 00:20:25 info 开始校验status  10104==10104
2023-03-10 00:20:26 info 数据校验完成
2023-03-10 00:20:26 info 开始校验message  username or password error==username or password error
2023-03-10 00:20:26 info 数据校验完成
2023-03-10 00:20:26 info 开始校验data  []==[]
2023-03-10 00:20:26 info 数据校验完成
2023-03-10 00:20:26 info 

2023-03-10 00:20:25 info 开始执行用例,标题:密码错误
2023-03-10 00:20:25 info 读取用例中数据
2023-03-10 00:20:25 info URL读取成功,URL:http://abc.twoitmen.club/api/login
2023-03-10 00:20:25 info 接口传值:{'username': 'root', 'password': 1234}
2023-03-10 00:20:25 info 请求方式:post
2023-03-10 00:20:25 info 开始请求接口
2023-03-10 00:20:26 info 接口请求成功
2023-03-10 00:20:26 info 请求返回数据:{'status': 10104, 'message': 'username or password error', 'data': []}
2023-03-10 00:20:26 info 开始校验status  10104==10104
2023-03-10 00:20:26 info 数据校验完成
2023-03-10 00:20:26 info 开始校验message  username or password error==username or password error
2023-03-10 00:20:26 info 数据校验完成
2023-03-10 00:20:26 info 开始校验data  []==[]
2023-03-10 00:20:26 info 数据校验完成
2023-03-10 00:20:26 info 

2023-03-10 00:20:26 info 开始执行用例,标题:密码错误
2023-03-10 00:20:26 info 读取用例中数据
2023-03-10 00:20:26 info URL读取成功,URL:http://abc.twoitmen.club/api/login
2023-03-10 00:20:26 info 接口传值:{'username': 'root', 'password': 1234}
2023-03-10 00:20:26 info 请求方式:post
2023-03-10 00:20:26 info 开始请求接口
2023-03-10 00:20:26 info 接口请求成功
2023-03-10 00:20:26 info 请求返回数据:{'status': 10104, 'message': 'username or password error', 'data': []}
2023-03-10 00:20:26 info 开始校验status  10104==10104
2023-03-10 00:20:26 info 数据校验完成
2023-03-10 00:20:26 info 开始校验message  username or password error==username or password error
2023-03-10 00:20:26 info 数据校验完成
2023-03-10 00:20:26 info 开始校验data  []==[]
2023-03-10 00:20:26 info 数据校验完成
2023-03-10 00:20:26 info 

2023-03-10 00:20:26 info 开始执行用例,标题:密码错误
2023-03-10 00:20:26 info 读取用例中数据
2023-03-10 00:20:26 info URL读取成功,URL:http://abc.twoitmen.club/api/login
2023-03-10 00:20:26 info 接口传值:{'username': 'root', 'password': 1234}
2023-03-10 00:20:26 info 请求方式:post
2023-03-10 00:20:26 info 开始请求接口
2023-03-10 00:20:26 info 接口请求成功
2023-03-10 00:20:26 info 请求返回数据:{'status': 10104, 'message': 'username or password error', 'data': []}
2023-03-10 00:20:26 info 开始校验status  10104==10104
2023-03-10 00:20:26 info 数据校验完成
2023-03-10 00:20:26 info 开始校验message  username or password error==username or password error
2023-03-10 00:20:26 info 数据校验完成
2023-03-10 00:20:26 info 开始校验data  []==[]
2023-03-10 00:20:26 info 数据校验完成
2023-03-10 00:20:26 info 

2023-03-10 00:20:26 info 开始执行用例,标题:密码错误
2023-03-10 00:20:26 info 读取用例中数据
2023-03-10 00:20:26 info URL读取成功,URL:http://abc.twoitmen.club/api/login
2023-03-10 00:20:26 info 接口传值:{'username': 'root', 'password': 1234}
2023-03-10 00:20:26 info 请求方式:post
2023-03-10 00:20:26 info 开始请求接口
2023-03-10 00:20:26 info 接口请求成功
2023-03-10 00:20:26 info 请求返回数据:{'status': 10104, 'message': 'username or password error', 'data': []}
2023-03-10 00:20:26 info 开始校验status  10104==10104
2023-03-10 00:20:26 info 数据校验完成
2023-03-10 00:20:26 info 开始校验message  username or password error==username or password error
2023-03-10 00:20:26 info 数据校验完成
2023-03-10 00:20:26 info 开始校验data  []==[]
2023-03-10 00:20:26 info 数据校验完成
2023-03-10 00:20:26 info 

2023-03-10 00:20:26 info 开始执行用例,标题:密码错误
2023-03-10 00:20:26 info 读取用例中数据
2023-03-10 00:20:26 info URL读取成功,URL:http://abc.twoitmen.club/api/login
2023-03-10 00:20:26 info 接口传值:{'username': 'root', 'password': 1234}
2023-03-10 00:20:26 info 请求方式:post
2023-03-10 00:20:26 info 开始请求接口
2023-03-10 00:20:26 info 接口请求成功
2023-03-10 00:20:26 info 请求返回数据:{'status': 10104, 'message': 'username or password error', 'data': []}
2023-03-10 00:20:26 info 开始校验status  10104==10104
2023-03-10 00:20:26 info 数据校验完成
2023-03-10 00:20:26 info 开始校验message  username or password error==username or password error
2023-03-10 00:20:26 info 数据校验完成
2023-03-10 00:20:26 info 开始校验data  []==[]
2023-03-10 00:20:26 info 数据校验完成
2023-03-10 00:20:26 info 

2023-03-10 00:20:26 info 开始执行用例,标题:密码错误
2023-03-10 00:20:26 info 读取用例中数据
2023-03-10 00:20:26 info URL读取成功,URL:http://abc.twoitmen.club/api/login
2023-03-10 00:20:26 info 接口传值:{'username': 'root', 'password': 1234}
2023-03-10 00:20:26 info 请求方式:post
2023-03-10 00:20:26 info 开始请求接口
2023-03-10 00:20:26 info 接口请求成功
2023-03-10 00:20:26 info 请求返回数据:{'status': 10104, 'message': 'username or password error', 'data': []}
2023-03-10 00:20:26 info 开始校验status  10104==10104
2023-03-10 00:20:26 info 数据校验完成
2023-03-10 00:20:26 info 开始校验message  username or password error==username or password error
2023-03-10 00:20:26 info 数据校验完成
2023-03-10 00:20:26 info 开始校验data  []==[]
2023-03-10 00:20:26 info 数据校验完成
2023-03-10 00:20:26 info 

2023-03-10 00:20:26 info 开始执行用例,标题:密码错误
2023-03-10 00:20:26 info 读取用例中数据
2023-03-10 00:20:26 info URL读取成功,URL:http://abc.twoitmen.club/api/login
2023-03-10 00:20:26 info 接口传值:{'username': 'root', 'password': 1234}
2023-03-10 00:20:26 info 请求方式:post
2023-03-10 00:20:26 info 开始请求接口
2023-03-10 00:20:26 info 接口请求成功
2023-03-10 00:20:26 info 请求返回数据:{'status': 10104, 'message': 'username or password error', 'data': []}
2023-03-10 00:20:26 info 开始校验status  10104==10104
2023-03-10 00:20:26 info 数据校验完成
2023-03-10 00:20:26 info 开始校验message  username or password error==username or password error
2023-03-10 00:20:26 info 数据校验完成
2023-03-10 00:20:26 info 开始校验data  []==[]
2023-03-10 00:20:26 info 数据校验完成
2023-03-10 00:20:26 info 

2023-03-10 00:20:26 info 开始执行用例,标题:密码错误
2023-03-10 00:20:26 info 读取用例中数据
2023-03-10 00:20:26 info URL读取成功,URL:http://abc.twoitmen.club/api/login
2023-03-10 00:20:26 info 接口传值:{'username': 'root', 'password': 1234}
2023-03-10 00:20:26 info 请求方式:post
2023-03-10 00:20:26 info 开始请求接口
2023-03-10 00:20:26 info 接口请求成功
2023-03-10 00:20:26 info 请求返回数据:{'status': 10104, 'message': 'username or password error', 'data': []}
2023-03-10 00:20:26 info 开始校验status  10104==10104
2023-03-10 00:20:26 info 数据校验完成
2023-03-10 00:20:26 info 开始校验message  username or password error==username or password error
2023-03-10 00:20:26 info 数据校验完成
2023-03-10 00:20:26 info 开始校验data  []==[]
2023-03-10 00:20:26 info 数据校验完成
2023-03-10 00:20:26 info 

2023-03-10 00:20:26 info 开始执行用例,标题:密码错误
2023-03-10 00:20:26 info 读取用例中数据
2023-03-10 00:20:26 info URL读取成功,URL:http://abc.twoitmen.club/api/login
2023-03-10 00:20:26 info 接口传值:{'username': 'root', 'password': 1234}
2023-03-10 00:20:26 info 请求方式:post
2023-03-10 00:20:26 info 开始请求接口
2023-03-10 00:20:26 info 接口请求成功
2023-03-10 00:20:26 info 请求返回数据:{'status': 10104, 'message': 'username or password error', 'data': []}
2023-03-10 00:20:26 info 开始校验status  10104==10104
2023-03-10 00:20:26 info 数据校验完成
2023-03-10 00:20:26 info 开始校验message  username or password error==username or password error
2023-03-10 00:20:26 info 数据校验完成
2023-03-10 00:20:26 info 开始校验data  []==[]
2023-03-10 00:20:26 info 数据校验完成
2023-03-10 00:20:26 info 

2023-03-10 00:20:26 info 开始执行用例,标题:密码错误
2023-03-10 00:20:26 info 读取用例中数据
2023-03-10 00:20:26 info URL读取成功,URL:http://abc.twoitmen.club/api/login
2023-03-10 00:20:26 info 接口传值:{'username': 'root', 'password': 1234}
2023-03-10 00:20:26 info 请求方式:post
2023-03-10 00:20:26 info 开始请求接口
2023-03-10 00:20:26 info 接口请求成功
2023-03-10 00:20:26 info 请求返回数据:{'status': 10104, 'message': 'username or password error', 'data': []}
2023-03-10 00:20:26 info 开始校验status  10104==10104
2023-03-10 00:20:26 info 数据校验完成
2023-03-10 00:20:26 info 开始校验message  username or password error==username or password error
2023-03-10 00:20:26 info 数据校验完成
2023-03-10 00:20:26 info 开始校验data  []==[]
2023-03-10 00:20:26 info 数据校验完成
2023-03-10 00:20:26 info 

2023-03-10 00:20:26 info 开始执行用例,标题:密码错误
2023-03-10 00:20:26 info 读取用例中数据
2023-03-10 00:20:26 info URL读取成功,URL:http://abc.twoitmen.club/api/login
2023-03-10 00:20:26 info 接口传值:{'username': 'root', 'password': 1234}
2023-03-10 00:20:26 info 请求方式:post
2023-03-10 00:20:26 info 开始请求接口
2023-03-10 00:20:26 info 接口请求成功
2023-03-10 00:20:26 info 请求返回数据:{'status': 10104, 'message': 'username or password error', 'data': []}
2023-03-10 00:20:26 info 开始校验status  10104==10104
2023-03-10 00:20:26 info 数据校验完成
2023-03-10 00:20:26 info 开始校验message  username or password error==username or password error
2023-03-10 00:20:26 info 数据校验完成
2023-03-10 00:20:26 info 开始校验data  []==[]
2023-03-10 00:20:26 info 数据校验完成
2023-03-10 00:20:26 info 

2023-03-10 00:20:26 info 开始执行用例,标题:密码错误
2023-03-10 00:20:26 info 读取用例中数据
2023-03-10 00:20:26 info URL读取成功,URL:http://abc.twoitmen.club/api/login
2023-03-10 00:20:26 info 接口传值:{'username': 'root', 'password': 1234}
2023-03-10 00:20:26 info 请求方式:post
2023-03-10 00:20:26 info 开始请求接口
2023-03-10 00:20:26 info 接口请求成功
2023-03-10 00:20:26 info 请求返回数据:{'status': 10104, 'message': 'username or password error', 'data': []}
2023-03-10 00:20:26 info 开始校验status  10104==10104
2023-03-10 00:20:26 info 数据校验完成
2023-03-10 00:20:26 info 开始校验message  username or password error==username or password error
2023-03-10 00:20:26 info 数据校验完成
2023-03-10 00:20:26 info 开始校验data  []==[]
2023-03-10 00:20:26 info 数据校验完成
2023-03-10 00:20:26 info 

2023-03-10 00:20:26 info 开始执行用例,标题:密码错误
2023-03-10 00:20:26 info 读取用例中数据
2023-03-10 00:20:26 info URL读取成功,URL:http://abc.twoitmen.club/api/login
2023-03-10 00:20:26 info 接口传值:{'username': 'root', 'password': 1234}
2023-03-10 00:20:26 info 请求方式:post
2023-03-10 00:20:26 info 开始请求接口
2023-03-10 00:20:26 info 接口请求成功
2023-03-10 00:20:26 info 请求返回数据:{'status': 10104, 'message': 'username or password error', 'data': []}
2023-03-10 00:20:26 info 开始校验status  10104==10104
2023-03-10 00:20:26 info 数据校验完成
2023-03-10 00:20:26 info 开始校验message  username or password error==username or password error
2023-03-10 00:20:26 info 数据校验完成
2023-03-10 00:20:26 info 开始校验data  []==[]
2023-03-10 00:20:26 info 数据校验完成
2023-03-10 00:20:26 info 

2023-03-10 00:20:26 info 开始执行用例,标题:密码错误
2023-03-10 00:20:26 info 读取用例中数据
2023-03-10 00:20:26 info URL读取成功,URL:http://abc.twoitmen.club/api/login
2023-03-10 00:20:26 info 接口传值:{'username': 'root', 'password': 1234}
2023-03-10 00:20:26 info 请求方式:post
2023-03-10 00:20:26 info 开始请求接口
2023-03-10 00:20:26 info 接口请求成功
2023-03-10 00:20:26 info 请求返回数据:{'status': 10104, 'message': 'username or password error', 'data': []}
2023-03-10 00:20:26 info 开始校验status  10104==10104
2023-03-10 00:20:26 info 数据校验完成
2023-03-10 00:20:26 info 开始校验message  username or password error==username or password error
2023-03-10 00:20:26 info 数据校验完成
2023-03-10 00:20:26 info 开始校验data  []==[]
2023-03-10 00:20:26 info 数据校验完成
2023-03-10 00:20:26 info 

2023-03-10 00:20:26 info 开始执行用例,标题:密码错误
2023-03-10 00:20:26 info 读取用例中数据
2023-03-10 00:20:26 info URL读取成功,URL:http://abc.twoitmen.club/api/login
2023-03-10 00:20:26 info 接口传值:{'username': 'root', 'password': 1234}
2023-03-10 00:20:26 info 请求方式:post
2023-03-10 00:20:26 info 开始请求接口
2023-03-10 00:20:26 info 接口请求成功
2023-03-10 00:20:26 info 请求返回数据:{'status': 10104, 'message': 'username or password error', 'data': []}
2023-03-10 00:20:26 info 开始校验status  10104==10104
2023-03-10 00:20:26 info 数据校验完成
2023-03-10 00:20:26 info 开始校验message  username or password error==username or password error
2023-03-10 00:20:26 info 数据校验完成
2023-03-10 00:20:26 info 开始校验data  []==[]
2023-03-10 00:20:26 info 数据校验完成
2023-03-10 00:20:26 info 

2023-03-10 00:20:26 info 开始执行用例,标题:密码错误
2023-03-10 00:20:26 info 读取用例中数据
2023-03-10 00:20:26 info URL读取成功,URL:http://abc.twoitmen.club/api/login
2023-03-10 00:20:26 info 接口传值:{'username': 'root', 'password': 1234}
2023-03-10 00:20:26 info 请求方式:post
2023-03-10 00:20:26 info 开始请求接口
2023-03-10 00:20:26 info 接口请求成功
2023-03-10 00:20:26 info 请求返回数据:{'status': 10104, 'message': 'username or password error', 'data': []}
2023-03-10 00:20:26 info 开始校验status  10104==10104
2023-03-10 00:20:26 info 数据校验完成
2023-03-10 00:20:26 info 开始校验message  username or password error==username or password error
2023-03-10 00:20:26 info 数据校验完成
2023-03-10 00:20:26 info 开始校验data  []==[]
2023-03-10 00:20:26 info 数据校验完成
2023-03-10 00:20:26 info 

2023-03-10 00:20:26 info 开始执行用例,标题:密码错误
2023-03-10 00:20:26 info 读取用例中数据
2023-03-10 00:20:26 info URL读取成功,URL:http://abc.twoitmen.club/api/login
2023-03-10 00:20:26 info 接口传值:{'username': 'root', 'password': 1234}
2023-03-10 00:20:26 info 请求方式:post
2023-03-10 00:20:26 info 开始请求接口
2023-03-10 00:20:26 info 接口请求成功
2023-03-10 00:20:26 info 请求返回数据:{'status': 10104, 'message': 'username or password error', 'data': []}
2023-03-10 00:20:26 info 开始校验status  10104==10104
2023-03-10 00:20:26 info 数据校验完成
2023-03-10 00:20:26 info 开始校验message  username or password error==username or password error
2023-03-10 00:20:26 info 数据校验完成
2023-03-10 00:20:26 info 开始校验data  []==[]
2023-03-10 00:20:26 info 数据校验完成
2023-03-10 00:20:26 info 

2023-03-10 00:20:26 info 开始执行用例,标题:密码错误
2023-03-10 00:20:26 info 读取用例中数据
2023-03-10 00:20:26 info URL读取成功,URL:http://abc.twoitmen.club/api/login
2023-03-10 00:20:26 info 接口传值:{'username': 'root', 'password': 1234}
2023-03-10 00:20:26 info 请求方式:post
2023-03-10 00:20:26 info 开始请求接口
2023-03-10 00:20:26 info 接口请求成功
2023-03-10 00:20:26 info 请求返回数据:{'status': 10104, 'message': 'username or password error', 'data': []}
2023-03-10 00:20:26 info 开始校验status  10104==10104
2023-03-10 00:20:26 info 数据校验完成
2023-03-10 00:20:26 info 开始校验message  username or password error==username or password error
2023-03-10 00:20:26 info 数据校验完成
2023-03-10 00:20:26 info 开始校验data  []==[]
2023-03-10 00:20:26 info 数据校验完成
2023-03-10 00:20:26 info 

2023-03-10 00:20:26 info 开始执行用例,标题:密码错误
2023-03-10 00:20:26 info 读取用例中数据
2023-03-10 00:20:26 info URL读取成功,URL:http://abc.twoitmen.club/api/login
2023-03-10 00:20:26 info 接口传值:{'username': 'root', 'password': 1234}
2023-03-10 00:20:26 info 请求方式:post
2023-03-10 00:20:26 info 开始请求接口
2023-03-10 00:20:26 info 接口请求成功
2023-03-10 00:20:26 info 请求返回数据:{'status': 10104, 'message': 'username or password error', 'data': []}
2023-03-10 00:20:26 info 开始校验status  10104==10104
2023-03-10 00:20:26 info 数据校验完成
2023-03-10 00:20:26 info 开始校验message  username or password error==username or password error
2023-03-10 00:20:26 info 数据校验完成
2023-03-10 00:20:26 info 开始校验data  []==[]
2023-03-10 00:20:26 info 数据校验完成
2023-03-10 00:20:26 info 

2023-03-10 00:20:26 info 开始执行用例,标题:密码错误
2023-03-10 00:20:26 info 读取用例中数据
2023-03-10 00:20:26 info URL读取成功,URL:http://abc.twoitmen.club/api/login
2023-03-10 00:20:26 info 接口传值:{'username': 'root', 'password': 1234}
2023-03-10 00:20:26 info 请求方式:post
2023-03-10 00:20:26 info 开始请求接口
2023-03-10 00:20:26 info 接口请求成功
2023-03-10 00:20:26 info 请求返回数据:{'status': 10104, 'message': 'username or password error', 'data': []}
2023-03-10 00:20:26 info 开始校验status  10104==10104
2023-03-10 00:20:26 info 数据校验完成
2023-03-10 00:20:26 info 开始校验message  username or password error==username or password error
2023-03-10 00:20:26 info 数据校验完成
2023-03-10 00:20:26 info 开始校验data  []==[]
2023-03-10 00:20:26 info 数据校验完成
2023-03-10 00:20:26 info 

2023-03-10 00:20:26 info 开始执行用例,标题:密码错误
2023-03-10 00:20:26 info 读取用例中数据
2023-03-10 00:20:26 info URL读取成功,URL:http://abc.twoitmen.club/api/login
2023-03-10 00:20:26 info 接口传值:{'username': 'root', 'password': 1234}
2023-03-10 00:20:26 info 请求方式:post
2023-03-10 00:20:26 info 开始请求接口
2023-03-10 00:20:26 info 接口请求成功
2023-03-10 00:20:26 info 请求返回数据:{'status': 10104, 'message': 'username or password error', 'data': []}
2023-03-10 00:20:26 info 开始校验status  10104==10104
2023-03-10 00:20:26 info 数据校验完成
2023-03-10 00:20:26 info 开始校验message  username or password error==username or password error
2023-03-10 00:20:26 info 数据校验完成
2023-03-10 00:20:26 info 开始校验data  []==[]
2023-03-10 00:20:26 info 数据校验完成
2023-03-10 00:20:26 info 

2023-03-10 00:20:26 info 开始执行用例,标题:密码错误
2023-03-10 00:20:26 info 读取用例中数据
2023-03-10 00:20:26 info URL读取成功,URL:http://abc.twoitmen.club/api/login
2023-03-10 00:20:26 info 接口传值:{'username': 'root', 'password': 1234}
2023-03-10 00:20:26 info 请求方式:post
2023-03-10 00:20:26 info 开始请求接口
2023-03-10 00:20:26 info 接口请求成功
2023-03-10 00:20:26 info 请求返回数据:{'status': 10104, 'message': 'username or password error', 'data': []}
2023-03-10 00:20:26 info 开始校验status  10104==10104
2023-03-10 00:20:26 info 数据校验完成
2023-03-10 00:20:26 info 开始校验message  username or password error==username or password error
2023-03-10 00:20:26 info 数据校验完成
2023-03-10 00:20:26 info 开始校验data  []==[]
2023-03-10 00:20:27 info 数据校验完成
2023-03-10 00:20:27 info 

2023-03-10 00:20:27 info 开始执行用例,标题:密码错误
2023-03-10 00:20:27 info 读取用例中数据
2023-03-10 00:20:27 info URL读取成功,URL:http://abc.twoitmen.club/api/login
2023-03-10 00:20:27 info 接口传值:{'username': 'root', 'password': 1234}
2023-03-10 00:20:27 info 请求方式:post
2023-03-10 00:20:27 info 开始请求接口
2023-03-10 00:20:27 info 接口请求成功
2023-03-10 00:20:27 info 请求返回数据:{'status': 10104, 'message': 'username or password error', 'data': []}
2023-03-10 00:20:27 info 开始校验status  10104==10104
2023-03-10 00:20:27 info 数据校验完成
2023-03-10 00:20:27 info 开始校验message  username or password error==username or password error
2023-03-10 00:20:27 info 数据校验完成
2023-03-10 00:20:27 info 开始校验data  []==[]
2023-03-10 00:20:27 info 数据校验完成
2023-03-10 00:20:27 info 

2023-03-10 00:20:27 info 开始执行用例,标题:密码错误
2023-03-10 00:20:27 info 读取用例中数据
2023-03-10 00:20:27 info URL读取成功,URL:http://abc.twoitmen.club/api/login
2023-03-10 00:20:27 info 接口传值:{'username': 'root', 'password': 1234}
2023-03-10 00:20:27 info 请求方式:post
2023-03-10 00:20:27 info 开始请求接口
2023-03-10 00:20:27 info 接口请求成功
2023-03-10 00:20:27 info 请求返回数据:{'status': 10104, 'message': 'username or password error', 'data': []}
2023-03-10 00:20:27 info 开始校验status  10104==10104
2023-03-10 00:20:27 info 数据校验完成
2023-03-10 00:20:27 info 开始校验message  username or password error==username or password error
2023-03-10 00:20:27 info 数据校验完成
2023-03-10 00:20:27 info 开始校验data  []==[]
2023-03-10 00:20:27 info 数据校验完成
2023-03-10 00:20:27 info 

2023-03-10 00:20:27 info 开始执行用例,标题:密码错误
2023-03-10 00:20:27 info 读取用例中数据
2023-03-10 00:20:27 info URL读取成功,URL:http://abc.twoitmen.club/api/login
2023-03-10 00:20:27 info 接口传值:{'username': 'root', 'password': 1234}
2023-03-10 00:20:27 info 请求方式:post
2023-03-10 00:20:27 info 开始请求接口
2023-03-10 00:20:27 info 接口请求成功
2023-03-10 00:20:27 info 请求返回数据:{'status': 10104, 'message': 'username or password error', 'data': []}
2023-03-10 00:20:27 info 开始校验status  10104==10104
2023-03-10 00:20:27 info 数据校验完成
2023-03-10 00:20:27 info 开始校验message  username or password error==username or password error
2023-03-10 00:20:27 info 数据校验完成
2023-03-10 00:20:27 info 开始校验data  []==[]
2023-03-10 00:20:27 info 数据校验完成
2023-03-10 00:20:27 info 

2023-03-10 00:20:27 info 开始执行用例,标题:密码错误
2023-03-10 00:20:27 info 读取用例中数据
2023-03-10 00:20:27 info URL读取成功,URL:http://abc.twoitmen.club/api/login
2023-03-10 00:20:27 info 接口传值:{'username': 'root', 'password': 1234}
2023-03-10 00:20:27 info 请求方式:post
2023-03-10 00:20:27 info 开始请求接口
2023-03-10 00:20:27 info 接口请求成功
2023-03-10 00:20:27 info 请求返回数据:{'status': 10104, 'message': 'username or password error', 'data': []}
2023-03-10 00:20:27 info 开始校验status  10104==10104
2023-03-10 00:20:27 info 数据校验完成
2023-03-10 00:20:27 info 开始校验message  username or password error==username or password error
2023-03-10 00:20:27 info 数据校验完成
2023-03-10 00:20:27 info 开始校验data  []==[]
2023-03-10 00:20:27 info 数据校验完成
2023-03-10 00:20:27 info 

2023-03-10 00:20:27 info 开始执行用例,标题:密码错误
2023-03-10 00:20:27 info 读取用例中数据
2023-03-10 00:20:27 info URL读取成功,URL:http://abc.twoitmen.club/api/login
2023-03-10 00:20:27 info 接口传值:{'username': 'root', 'password': 1234}
2023-03-10 00:20:27 info 请求方式:post
2023-03-10 00:20:27 info 开始请求接口
2023-03-10 00:20:27 info 接口请求成功
2023-03-10 00:20:27 info 请求返回数据:{'status': 10104, 'message': 'username or password error', 'data': []}
2023-03-10 00:20:27 info 开始校验status  10104==10104
2023-03-10 00:20:27 info 数据校验完成
2023-03-10 00:20:27 info 开始校验message  username or password error==username or password error
2023-03-10 00:20:27 info 数据校验完成
2023-03-10 00:20:27 info 开始校验data  []==[]
2023-03-10 00:20:27 info 数据校验完成
2023-03-10 00:20:27 info 

2023-03-10 00:20:27 info 开始执行用例,标题:密码错误
2023-03-10 00:20:27 info 读取用例中数据
2023-03-10 00:20:27 info URL读取成功,URL:http://abc.twoitmen.club/api/login
2023-03-10 00:20:27 info 接口传值:{'username': 'root', 'password': 1234}
2023-03-10 00:20:27 info 请求方式:post
2023-03-10 00:20:27 info 开始请求接口
2023-03-10 00:20:27 info 接口请求成功
2023-03-10 00:20:27 info 请求返回数据:{'status': 10104, 'message': 'username or password error', 'data': []}
2023-03-10 00:20:27 info 开始校验status  10104==10104
2023-03-10 00:20:27 info 数据校验完成
2023-03-10 00:20:27 info 开始校验message  username or password error==username or password error
2023-03-10 00:20:27 info 数据校验完成
2023-03-10 00:20:27 info 开始校验data  []==[]
2023-03-10 00:20:27 info 数据校验完成
2023-03-10 00:20:27 info 

2023-03-10 00:20:27 info 开始执行用例,标题:密码错误
2023-03-10 00:20:27 info 读取用例中数据
2023-03-10 00:20:27 info URL读取成功,URL:http://abc.twoitmen.club/api/login
2023-03-10 00:20:27 info 接口传值:{'username': 'root', 'password': 1234}
2023-03-10 00:20:27 info 请求方式:post
2023-03-10 00:20:27 info 开始请求接口
2023-03-10 00:20:27 info 接口请求成功
2023-03-10 00:20:27 info 请求返回数据:{'status': 10104, 'message': 'username or password error', 'data': []}
2023-03-10 00:20:27 info 开始校验status  10104==10104
2023-03-10 00:20:27 info 数据校验完成
2023-03-10 00:20:27 info 开始校验message  username or password error==username or password error
2023-03-10 00:20:27 info 数据校验完成
2023-03-10 00:20:27 info 开始校验data  []==[]
2023-03-10 00:20:27 info 数据校验完成
2023-03-10 00:20:27 info 

2023-03-10 00:20:27 info 开始执行用例,标题:密码错误
2023-03-10 00:20:27 info 读取用例中数据
2023-03-10 00:20:27 info URL读取成功,URL:http://abc.twoitmen.club/api/login
2023-03-10 00:20:27 info 接口传值:{'username': 'root', 'password': 1234}
2023-03-10 00:20:27 info 请求方式:post
2023-03-10 00:20:27 info 开始请求接口
2023-03-10 00:20:27 info 接口请求成功
2023-03-10 00:20:27 info 请求返回数据:{'status': 10104, 'message': 'username or password error', 'data': []}
2023-03-10 00:20:27 info 开始校验status  10104==10104
2023-03-10 00:20:27 info 数据校验完成
2023-03-10 00:20:27 info 开始校验message  username or password error==username or password error
2023-03-10 00:20:27 info 数据校验完成
2023-03-10 00:20:27 info 开始校验data  []==[]
2023-03-10 00:20:27 info 数据校验完成
2023-03-10 00:20:27 info 

2023-03-10 00:20:27 info 开始执行用例,标题:密码错误
2023-03-10 00:20:27 info 读取用例中数据
2023-03-10 00:20:27 info URL读取成功,URL:http://abc.twoitmen.club/api/login
2023-03-10 00:20:27 info 接口传值:{'username': 'root', 'password': 1234}
2023-03-10 00:20:27 info 请求方式:post
2023-03-10 00:20:27 info 开始请求接口
2023-03-10 00:20:27 info 接口请求成功
2023-03-10 00:20:27 info 请求返回数据:{'status': 10104, 'message': 'username or password error', 'data': []}
2023-03-10 00:20:27 info 开始校验status  10104==10104
2023-03-10 00:20:27 info 数据校验完成
2023-03-10 00:20:27 info 开始校验message  username or password error==username or password error
2023-03-10 00:20:27 info 数据校验完成
2023-03-10 00:20:27 info 开始校验data  []==[]
2023-03-10 00:20:27 info 数据校验完成
2023-03-10 00:20:27 info 

2023-03-10 00:20:27 info 开始执行用例,标题:密码错误
2023-03-10 00:20:27 info 读取用例中数据
2023-03-10 00:20:27 info URL读取成功,URL:http://abc.twoitmen.club/api/login
2023-03-10 00:20:27 info 接口传值:{'username': 'root', 'password': 1234}
2023-03-10 00:20:27 info 请求方式:post
2023-03-10 00:20:27 info 开始请求接口
2023-03-10 00:20:27 info 接口请求成功
2023-03-10 00:20:27 info 请求返回数据:{'status': 10104, 'message': 'username or password error', 'data': []}
2023-03-10 00:20:27 info 开始校验status  10104==10104
2023-03-10 00:20:27 info 数据校验完成
2023-03-10 00:20:27 info 开始校验message  username or password error==username or password error
2023-03-10 00:20:27 info 数据校验完成
2023-03-10 00:20:27 info 开始校验data  []==[]
2023-03-10 00:20:27 info 数据校验完成
2023-03-10 00:20:27 info 

2023-03-10 00:20:27 info 开始执行用例,标题:密码错误
2023-03-10 00:20:27 info 读取用例中数据
2023-03-10 00:20:27 info URL读取成功,URL:http://abc.twoitmen.club/api/login
2023-03-10 00:20:27 info 接口传值:{'username': 'root', 'password': 1234}
2023-03-10 00:20:27 info 请求方式:post
2023-03-10 00:20:27 info 开始请求接口
2023-03-10 00:20:27 info 接口请求成功
2023-03-10 00:20:27 info 请求返回数据:{'status': 10104, 'message': 'username or password error', 'data': []}
2023-03-10 00:20:27 info 开始校验status  10104==10104
2023-03-10 00:20:27 info 数据校验完成
2023-03-10 00:20:27 info 开始校验message  username or password error==username or password error
2023-03-10 00:20:27 info 数据校验完成
2023-03-10 00:20:27 info 开始校验data  []==[]
2023-03-10 00:20:27 info 数据校验完成
2023-03-10 00:20:27 info 

2023-03-10 00:20:27 info 开始执行用例,标题:密码错误
2023-03-10 00:20:27 info 读取用例中数据
2023-03-10 00:20:27 info URL读取成功,URL:http://abc.twoitmen.club/api/login
2023-03-10 00:20:27 info 接口传值:{'username': 'root', 'password': 1234}
2023-03-10 00:20:27 info 请求方式:post
2023-03-10 00:20:27 info 开始请求接口
2023-03-10 00:20:27 info 接口请求成功
2023-03-10 00:20:27 info 请求返回数据:{'status': 10104, 'message': 'username or password error', 'data': []}
2023-03-10 00:20:27 info 开始校验status  10104==10104
2023-03-10 00:20:27 info 数据校验完成
2023-03-10 00:20:27 info 开始校验message  username or password error==username or password error
2023-03-10 00:20:27 info 数据校验完成
2023-03-10 00:20:27 info 开始校验data  []==[]
2023-03-10 00:20:27 info 数据校验完成
2023-03-10 00:20:27 info 

2023-03-10 00:20:27 info 开始执行用例,标题:密码错误
2023-03-10 00:20:27 info 读取用例中数据
2023-03-10 00:20:27 info URL读取成功,URL:http://abc.twoitmen.club/api/login
2023-03-10 00:20:27 info 接口传值:{'username': 'root', 'password': 1234}
2023-03-10 00:20:27 info 请求方式:post
2023-03-10 00:20:27 info 开始请求接口
2023-03-10 00:20:27 info 接口请求成功
2023-03-10 00:20:27 info 请求返回数据:{'status': 10104, 'message': 'username or password error', 'data': []}
2023-03-10 00:20:27 info 开始校验status  10104==10104
2023-03-10 00:20:27 info 数据校验完成
2023-03-10 00:20:27 info 开始校验message  username or password error==username or password error
2023-03-10 00:20:27 info 数据校验完成
2023-03-10 00:20:27 info 开始校验data  []==[]
2023-03-10 00:20:27 info 数据校验完成
2023-03-10 00:20:27 info 

2023-03-10 00:20:27 info 开始执行用例,标题:密码错误
2023-03-10 00:20:27 info 读取用例中数据
2023-03-10 00:20:27 info URL读取成功,URL:http://abc.twoitmen.club/api/login
2023-03-10 00:20:27 info 接口传值:{'username': 'root', 'password': 1234}
2023-03-10 00:20:27 info 请求方式:post
2023-03-10 00:20:27 info 开始请求接口
2023-03-10 00:20:27 info 接口请求成功
2023-03-10 00:20:27 info 请求返回数据:{'status': 10104, 'message': 'username or password error', 'data': []}
2023-03-10 00:20:27 info 开始校验status  10104==10104
2023-03-10 00:20:27 info 数据校验完成
2023-03-10 00:20:27 info 开始校验message  username or password error==username or password error
2023-03-10 00:20:27 info 数据校验完成
2023-03-10 00:20:27 info 开始校验data  []==[]
2023-03-10 00:20:27 info 数据校验完成
2023-03-10 00:20:27 info 

2023-03-10 00:20:27 info 开始执行用例,标题:密码错误
2023-03-10 00:20:27 info 读取用例中数据
2023-03-10 00:20:27 info URL读取成功,URL:http://abc.twoitmen.club/api/login
2023-03-10 00:20:27 info 接口传值:{'username': 'root', 'password': 1234}
2023-03-10 00:20:27 info 请求方式:post
2023-03-10 00:20:27 info 开始请求接口
2023-03-10 00:20:27 info 接口请求成功
2023-03-10 00:20:27 info 请求返回数据:{'status': 10104, 'message': 'username or password error', 'data': []}
2023-03-10 00:20:27 info 开始校验status  10104==10104
2023-03-10 00:20:27 info 数据校验完成
2023-03-10 00:20:27 info 开始校验message  username or password error==username or password error
2023-03-10 00:20:27 info 数据校验完成
2023-03-10 00:20:27 info 开始校验data  []==[]
2023-03-10 00:20:27 info 数据校验完成
2023-03-10 00:20:27 info 

2023-03-10 00:20:27 info 开始执行用例,标题:密码错误
2023-03-10 00:20:27 info 读取用例中数据
2023-03-10 00:20:27 info URL读取成功,URL:http://abc.twoitmen.club/api/login
2023-03-10 00:20:27 info 接口传值:{'username': 'root', 'password': 1234}
2023-03-10 00:20:27 info 请求方式:post
2023-03-10 00:20:27 info 开始请求接口
2023-03-10 00:20:27 info 接口请求成功
2023-03-10 00:20:27 info 请求返回数据:{'status': 10104, 'message': 'username or password error', 'data': []}
2023-03-10 00:20:27 info 开始校验status  10104==10104
2023-03-10 00:20:27 info 数据校验完成
2023-03-10 00:20:27 info 开始校验message  username or password error==username or password error
2023-03-10 00:20:27 info 数据校验完成
2023-03-10 00:20:27 info 开始校验data  []==[]
2023-03-10 00:20:27 info 数据校验完成
2023-03-10 00:20:27 info 

2023-03-10 00:20:27 info 开始执行用例,标题:密码错误
2023-03-10 00:20:27 info 读取用例中数据
2023-03-10 00:20:27 info URL读取成功,URL:http://abc.twoitmen.club/api/login
2023-03-10 00:20:27 info 接口传值:{'username': 'root', 'password': 1234}
2023-03-10 00:20:27 info 请求方式:post
2023-03-10 00:20:27 info 开始请求接口
2023-03-10 00:20:27 info 接口请求成功
2023-03-10 00:20:27 info 请求返回数据:{'status': 10104, 'message': 'username or password error', 'data': []}
2023-03-10 00:20:27 info 开始校验status  10104==10104
2023-03-10 00:20:27 info 数据校验完成
2023-03-10 00:20:27 info 开始校验message  username or password error==username or password error
2023-03-10 00:20:27 info 数据校验完成
2023-03-10 00:20:27 info 开始校验data  []==[]
2023-03-10 00:20:27 info 数据校验完成
2023-03-10 00:20:27 info 

2023-03-10 00:20:27 info 开始执行用例,标题:密码错误
2023-03-10 00:20:27 info 读取用例中数据
2023-03-10 00:20:27 info URL读取成功,URL:http://abc.twoitmen.club/api/login
2023-03-10 00:20:27 info 接口传值:{'username': 'root', 'password': 1234}
2023-03-10 00:20:27 info 请求方式:post
2023-03-10 00:20:27 info 开始请求接口
2023-03-10 00:20:27 info 接口请求成功
2023-03-10 00:20:27 info 请求返回数据:{'status': 10104, 'message': 'username or password error', 'data': []}
2023-03-10 00:20:27 info 开始校验status  10104==10104
2023-03-10 00:20:27 info 数据校验完成
2023-03-10 00:20:27 info 开始校验message  username or password error==username or password error
2023-03-10 00:20:27 info 数据校验完成
2023-03-10 00:20:27 info 开始校验data  []==[]
2023-03-10 00:20:27 info 数据校验完成
2023-03-10 00:20:27 info 

2023-03-10 00:20:27 info 开始执行用例,标题:密码错误
2023-03-10 00:20:27 info 读取用例中数据
2023-03-10 00:20:27 info URL读取成功,URL:http://abc.twoitmen.club/api/login
2023-03-10 00:20:27 info 接口传值:{'username': 'root', 'password': 1234}
2023-03-10 00:20:27 info 请求方式:post
2023-03-10 00:20:27 info 开始请求接口
2023-03-10 00:20:27 info 接口请求成功
2023-03-10 00:20:27 info 请求返回数据:{'status': 10104, 'message': 'username or password error', 'data': []}
2023-03-10 00:20:27 info 开始校验status  10104==10104
2023-03-10 00:20:27 info 数据校验完成
2023-03-10 00:20:27 info 开始校验message  username or password error==username or password error
2023-03-10 00:20:27 info 数据校验完成
2023-03-10 00:20:27 info 开始校验data  []==[]
2023-03-10 00:20:27 info 数据校验完成
2023-03-10 00:20:27 info 

2023-03-10 00:20:27 info 开始执行用例,标题:密码错误
2023-03-10 00:20:27 info 读取用例中数据
2023-03-10 00:20:27 info URL读取成功,URL:http://abc.twoitmen.club/api/login
2023-03-10 00:20:27 info 接口传值:{'username': 'root', 'password': 1234}
2023-03-10 00:20:27 info 请求方式:post
2023-03-10 00:20:27 info 开始请求接口
2023-03-10 00:20:27 info 接口请求成功
2023-03-10 00:20:27 info 请求返回数据:{'status': 10104, 'message': 'username or password error', 'data': []}
2023-03-10 00:20:27 info 开始校验status  10104==10104
2023-03-10 00:20:27 info 数据校验完成
2023-03-10 00:20:27 info 开始校验message  username or password error==username or password error
2023-03-10 00:20:27 info 数据校验完成
2023-03-10 00:20:27 info 开始校验data  []==[]
2023-03-10 00:20:27 info 数据校验完成
2023-03-10 00:20:27 info 

2023-03-10 00:20:27 info 开始执行用例,标题:密码错误
2023-03-10 00:20:27 info 读取用例中数据
2023-03-10 00:20:27 info URL读取成功,URL:http://abc.twoitmen.club/api/login
2023-03-10 00:20:27 info 接口传值:{'username': 'root', 'password': 1234}
2023-03-10 00:20:27 info 请求方式:post
2023-03-10 00:20:27 info 开始请求接口
2023-03-10 00:20:27 info 接口请求成功
2023-03-10 00:20:27 info 请求返回数据:{'status': 10104, 'message': 'username or password error', 'data': []}
2023-03-10 00:20:27 info 开始校验status  10104==10104
2023-03-10 00:20:27 info 数据校验完成
2023-03-10 00:20:27 info 开始校验message  username or password error==username or password error
2023-03-10 00:20:27 info 数据校验完成
2023-03-10 00:20:27 info 开始校验data  []==[]
2023-03-10 00:20:27 info 数据校验完成
2023-03-10 00:20:27 info 

2023-03-10 00:20:27 info 开始执行用例,标题:密码错误
2023-03-10 00:20:27 info 读取用例中数据
2023-03-10 00:20:27 info URL读取成功,URL:http://abc.twoitmen.club/api/login
2023-03-10 00:20:27 info 接口传值:{'username': 'root', 'password': 1234}
2023-03-10 00:20:27 info 请求方式:post
2023-03-10 00:20:27 info 开始请求接口
2023-03-10 00:20:27 info 接口请求成功
2023-03-10 00:20:27 info 请求返回数据:{'status': 10104, 'message': 'username or password error', 'data': []}
2023-03-10 00:20:27 info 开始校验status  10104==10104
2023-03-10 00:20:27 info 数据校验完成
2023-03-10 00:20:27 info 开始校验message  username or password error==username or password error
2023-03-10 00:20:27 info 数据校验完成
2023-03-10 00:20:27 info 开始校验data  []==[]
2023-03-10 00:20:27 info 数据校验完成
2023-03-10 00:20:27 info 

2023-03-10 00:20:27 info 开始执行用例,标题:密码错误
2023-03-10 00:20:27 info 读取用例中数据
2023-03-10 00:20:27 info URL读取成功,URL:http://abc.twoitmen.club/api/login
2023-03-10 00:20:27 info 接口传值:{'username': 'root', 'password': 1234}
2023-03-10 00:20:27 info 请求方式:post
2023-03-10 00:20:27 info 开始请求接口
2023-03-10 00:20:27 info 接口请求成功
2023-03-10 00:20:27 info 请求返回数据:{'status': 10104, 'message': 'username or password error', 'data': []}
2023-03-10 00:20:27 info 开始校验status  10104==10104
2023-03-10 00:20:27 info 数据校验完成
2023-03-10 00:20:27 info 开始校验message  username or password error==username or password error
2023-03-10 00:20:27 info 数据校验完成
2023-03-10 00:20:27 info 开始校验data  []==[]
2023-03-10 00:20:27 info 数据校验完成
2023-03-10 00:20:27 info 

2023-03-10 00:20:27 info 开始执行用例,标题:密码错误
2023-03-10 00:20:27 info 读取用例中数据
2023-03-10 00:20:27 info URL读取成功,URL:http://abc.twoitmen.club/api/login
2023-03-10 00:20:27 info 接口传值:{'username': 'root', 'password': 1234}
2023-03-10 00:20:27 info 请求方式:post
2023-03-10 00:20:27 info 开始请求接口
2023-03-10 00:20:27 info 接口请求成功
2023-03-10 00:20:27 info 请求返回数据:{'status': 10104, 'message': 'username or password error', 'data': []}
2023-03-10 00:20:27 info 开始校验status  10104==10104
2023-03-10 00:20:27 info 数据校验完成
2023-03-10 00:20:27 info 开始校验message  username or password error==username or password error
2023-03-10 00:20:27 info 数据校验完成
2023-03-10 00:20:27 info 开始校验data  []==[]
2023-03-10 00:20:27 info 数据校验完成
2023-03-10 00:20:27 info 

2023-03-10 00:20:28 info 开始执行用例,标题:密码错误
2023-03-10 00:20:28 info 读取用例中数据
2023-03-10 00:20:28 info URL读取成功,URL:http://abc.twoitmen.club/api/login
2023-03-10 00:20:28 info 接口传值:{'username': 'root', 'password': 1234}
2023-03-10 00:20:28 info 请求方式:post
2023-03-10 00:20:28 info 开始请求接口
2023-03-10 00:20:28 info 接口请求成功
2023-03-10 00:20:28 info 请求返回数据:{'status': 10104, 'message': 'username or password error', 'data': []}
2023-03-10 00:20:28 info 开始校验status  10104==10104
2023-03-10 00:20:28 info 数据校验完成
2023-03-10 00:20:28 info 开始校验message  username or password error==username or password error
2023-03-10 00:20:28 info 数据校验完成
2023-03-10 00:20:28 info 开始校验data  []==[]
2023-03-10 00:20:28 info 数据校验完成
2023-03-10 00:20:28 info 

2023-03-10 00:20:28 info 开始执行用例,标题:密码错误
2023-03-10 00:20:28 info 读取用例中数据
2023-03-10 00:20:28 info URL读取成功,URL:http://abc.twoitmen.club/api/login
2023-03-10 00:20:28 info 接口传值:{'username': 'root', 'password': 1234}
2023-03-10 00:20:28 info 请求方式:post
2023-03-10 00:20:28 info 开始请求接口
2023-03-10 00:20:28 info 接口请求成功
2023-03-10 00:20:28 info 请求返回数据:{'status': 10104, 'message': 'username or password error', 'data': []}
2023-03-10 00:20:28 info 开始校验status  10104==10104
2023-03-10 00:20:28 info 数据校验完成
2023-03-10 00:20:28 info 开始校验message  username or password error==username or password error
2023-03-10 00:20:28 info 数据校验完成
2023-03-10 00:20:28 info 开始校验data  []==[]
2023-03-10 00:20:28 info 数据校验完成
2023-03-10 00:20:28 info 

2023-03-10 00:20:28 info 开始执行用例,标题:密码错误
2023-03-10 00:20:28 info 读取用例中数据
2023-03-10 00:20:28 info URL读取成功,URL:http://abc.twoitmen.club/api/login
2023-03-10 00:20:28 info 接口传值:{'username': 'root', 'password': 1234}
2023-03-10 00:20:28 info 请求方式:post
2023-03-10 00:20:28 info 开始请求接口
2023-03-10 00:20:28 info 接口请求成功
2023-03-10 00:20:28 info 请求返回数据:{'status': 10104, 'message': 'username or password error', 'data': []}
2023-03-10 00:20:28 info 开始校验status  10104==10104
2023-03-10 00:20:28 info 数据校验完成
2023-03-10 00:20:28 info 开始校验message  username or password error==username or password error
2023-03-10 00:20:28 info 数据校验完成
2023-03-10 00:20:28 info 开始校验data  []==[]
2023-03-10 00:20:28 info 数据校验完成
2023-03-10 00:20:28 info 

2023-03-10 00:20:28 info 开始执行用例,标题:密码错误
2023-03-10 00:20:28 info 读取用例中数据
2023-03-10 00:20:28 info URL读取成功,URL:http://abc.twoitmen.club/api/login
2023-03-10 00:20:28 info 接口传值:{'username': 'root', 'password': 1234}
2023-03-10 00:20:28 info 请求方式:post
2023-03-10 00:20:28 info 开始请求接口
2023-03-10 00:20:28 info 接口请求成功
2023-03-10 00:20:28 info 请求返回数据:{'status': 10104, 'message': 'username or password error', 'data': []}
2023-03-10 00:20:28 info 开始校验status  10104==10104
2023-03-10 00:20:28 info 数据校验完成
2023-03-10 00:20:28 info 开始校验message  username or password error==username or password error
2023-03-10 00:20:28 info 数据校验完成
2023-03-10 00:20:28 info 开始校验data  []==[]
2023-03-10 00:20:28 info 数据校验完成
2023-03-10 00:20:28 info 

2023-03-10 00:20:28 info 开始执行用例,标题:密码错误
2023-03-10 00:20:28 info 读取用例中数据
2023-03-10 00:20:28 info URL读取成功,URL:http://abc.twoitmen.club/api/login
2023-03-10 00:20:28 info 接口传值:{'username': 'root', 'password': 1234}
2023-03-10 00:20:28 info 请求方式:post
2023-03-10 00:20:28 info 开始请求接口
2023-03-10 00:20:28 info 接口请求成功
2023-03-10 00:20:28 info 请求返回数据:{'status': 10104, 'message': 'username or password error', 'data': []}
2023-03-10 00:20:28 info 开始校验status  10104==10104
2023-03-10 00:20:28 info 数据校验完成
2023-03-10 00:20:28 info 开始校验message  username or password error==username or password error
2023-03-10 00:20:28 info 数据校验完成
2023-03-10 00:20:28 info 开始校验data  []==[]
2023-03-10 00:20:28 info 数据校验完成
2023-03-10 00:20:28 info 

2023-03-10 00:20:28 info 开始执行用例,标题:密码错误
2023-03-10 00:20:28 info 读取用例中数据
2023-03-10 00:20:28 info URL读取成功,URL:http://abc.twoitmen.club/api/login
2023-03-10 00:20:28 info 接口传值:{'username': 'root', 'password': 1234}
2023-03-10 00:20:28 info 请求方式:post
2023-03-10 00:20:28 info 开始请求接口
2023-03-10 00:20:28 info 接口请求成功
2023-03-10 00:20:28 info 请求返回数据:{'status': 10104, 'message': 'username or password error', 'data': []}
2023-03-10 00:20:28 info 开始校验status  10104==10104
2023-03-10 00:20:28 info 数据校验完成
2023-03-10 00:20:28 info 开始校验message  username or password error==username or password error
2023-03-10 00:20:28 info 数据校验完成
2023-03-10 00:20:28 info 开始校验data  []==[]
2023-03-10 00:20:28 info 数据校验完成
2023-03-10 00:20:28 info 

